<html>
<head>
<title>TestNG:  MacOS Safari Test</title>
<link href="../testng.css" rel="stylesheet" type="text/css" />
<link href="../my-testng.css" rel="stylesheet" type="text/css" />

<style type="text/css">
.log { display: none;} 
.stack-trace { display: none;} 
</style>
<script type="text/javascript">
<!--
function flip(e) {
  current = e.style.display;
  if (current == 'block') {
    e.style.display = 'none';
    return 0;
  }
  else {
    e.style.display = 'block';
    return 1;
  }
}

function toggleBox(szDivId, elem, msg1, msg2)
{
  var res = -1;  if (document.getElementById) {
    res = flip(document.getElementById(szDivId));
  }
  else if (document.all) {
    // this is the way old msie versions work
    res = flip(document.all[szDivId]);
  }
  if(elem) {
    if(res == 0) elem.innerHTML = msg1; else elem.innerHTML = msg2;
  }

}

function toggleAllBoxes() {
  if (document.getElementsByTagName) {
    d = document.getElementsByTagName('div');
    for (i = 0; i < d.length; i++) {
      if (d[i].className == 'log') {
        flip(d[i]);
      }
    }
  }
}

// -->
</script>

</head>
<body>
<h2 align='center'>MacOS Safari Test</h2><table border='1' align="center">
<tr>
<td>Tests passed/Failed/Skipped:</td><td>1/0/3</td>
</tr><tr>
<td>Started on:</td><td>Mon Jul 28 00:02:44 IST 2025</td>
</tr>
<tr><td>Total time:</td><td>47 seconds (47737 ms)</td>
</tr><tr>
<td>Included groups:</td><td></td>
</tr><tr>
<td>Excluded groups:</td><td></td>
</tr>
</table><p/>
<small><i>(Hover the method name to see the test class name)</i></small><p/>
<table width='100%' border='1' class='invocation-failed'>
<tr><td colspan='4' align='center'><b>FAILED CONFIGURATIONS</b></td></tr>
<tr><td><b>Test method</b></td>
<td><b>Attribute(s)</b></td>
<td width="30%"><b>Exception</b></td>
<td width="10%"><b>Time (seconds)</b></td>
<td><b>Instance</b></td>
</tr>
<tr>
<td title='testcases.ElPaisHeaderAnalyzerOccurence.setup()'><b>setup</b><br>Test class: testcases.ElPaisHeaderAnalyzerOccurence<br>Parameters: OS X, Ventura, Safari, 138</td>
<td><div><pre>org.openqa.selenium.WebDriverException: OS/Browser combination invalid: {&quot;browserName&quot;=&gt;&quot;Safari&quot;, &quot;bstack:options&quot;=&gt;{&quot;buildName&quot;=&gt;&quot;browserstack build #8&quot;, &quot;debug&quot;=&gt;true, &quot;os&quot;=&gt;&quot;OS X&quot;, &quot;osVersion&quot;=&gt;&quot;Ventura&quot;, &quot;browserVersion&quot;=&gt;&quot;138&quot;, &quot;sessionName&quot;=&gt;&quot;ElPaisHeaderAnalyzerOccurence&quot;, &quot;consoleLogs&quot;=&gt;&quot;info&quot;, &quot;networkLogs&quot;=&gt;true, &quot;projectName&quot;=&gt;&quot;BrowserStack Sample&quot;, &quot;buildIdentifier&quot;=&gt;&quot;#8&quot;, &quot;hostName&quot;=&gt;&quot;DESKTOP-RULROEU&quot;, &quot;browserstackSDK&quot;=&gt;&quot;TestNG-javaagent/1.38.1&quot;, &quot;buildProductMap&quot;=&gt;{&quot;observability&quot;=&gt;true, &quot;accessibility&quot;=&gt;false, &quot;percy&quot;=&gt;false, &quot;automate&quot;=&gt;true, &quot;app_automate&quot;=&gt;false}, &quot;useW3C&quot;=&gt;true, &quot;accessibilityOptions&quot;=&gt;{}, &quot;testhubBuildUuid&quot;=&gt;&quot;vkmu2sccc4crfei8hcc8mwpvkdewa2y9ua5baf6m&quot;}, &quot;browserstack.is_hub_canary&quot;=&gt;false, &quot;acceptSslCert&quot;=&gt;false, &quot;detected_language&quot;=&gt;&quot;selenium/3.14.0 (java windows)&quot;, &quot;new_bucketing&quot;=&gt;true, &quot;browser&quot;=&gt;&quot;Safari&quot;, &quot;buildName&quot;=&gt;&quot;browserstack build #8&quot;, &quot;browserstack.debug&quot;=&gt;&quot;true&quot;, &quot;os&quot;=&gt;&quot;OS X&quot;, &quot;osVersion&quot;=&gt;&quot;Ventura&quot;, &quot;browserVersion&quot;=&gt;&quot;138&quot;, &quot;sessionName&quot;=&gt;&quot;ElPaisHeaderAnalyzerOccurence&quot;, &quot;browserstack.consoleLogs&quot;=&gt;&quot;info&quot;, &quot;browserstack.networkLogs&quot;=&gt;&quot;true&quot;, &quot;projectName&quot;=&gt;&quot;BrowserStack Sample&quot;, &quot;browserstack.buildIdentifier&quot;=&gt;&quot;#8&quot;, &quot;browserstack.hostName&quot;=&gt;&quot;DESKTOP-RULROEU&quot;, &quot;browserstack.browserstackSDK&quot;=&gt;&quot;TestNG-javaagent/1.38.1&quot;, &quot;browserstack.buildProductMap.observability&quot;=&gt;true, &quot;browserstack.buildProductMap.accessibility&quot;=&gt;false, &quot;browserstack.buildProductMap.percy&quot;=&gt;false, &quot;browserstack.buildProductMap.automate&quot;=&gt;true, &quot;browserstack.buildProductMap.app_automate&quot;=&gt;false, &quot;browserstack.useW3C&quot;=&gt;&quot;true&quot;, &quot;browserstack.testhubBuildUuid&quot;=&gt;&quot;vkmu2sccc4crfei8hcc8mwpvkdewa2y9ua5baf6m&quot;, &quot;os_version&quot;=&gt;&quot;Ventura&quot;, &quot;browser_name&quot;=&gt;&quot;Safari&quot;, &quot;browser_version&quot;=&gt;&quot;138&quot;, &quot;version&quot;=&gt;&quot;138&quot;, &quot;browserstack.use_w3c&quot;=&gt;&quot;true&quot;, &quot;name&quot;=&gt;&quot;ElPaisHeaderAnalyzerOccurence&quot;, &quot;build&quot;=&gt;&quot;browserstack build #8&quot;, &quot;project&quot;=&gt;&quot;BrowserStack Sample&quot;, &quot;browserstack.console&quot;=&gt;&quot;info&quot;, &quot;browserstack.seleniumLogs&quot;=&gt;true} (WARNING: The server did not provide any stacktrace information)
Command duration or timeout: 1.17 seconds
Build info: version: &apos;3.14.0&apos;, revision: &apos;aacccce0&apos;, time: &apos;2018-08-02T20:19:58.91Z&apos;
System info: host: &apos;DESKTOP-RULROEU&apos;, ip: &apos;192.168.1.99&apos;, os.name: &apos;Windows 11&apos;, os.arch: &apos;amd64&apos;, os.version: &apos;10.0&apos;, java.version: &apos;21.0.3&apos;
Driver info: driver.version: RemoteWebDriver
	at org.openqa.selenium.remote.ErrorHandler.createThrowable(ErrorHandler.java:214)
	at org.openqa.selenium.remote.ErrorHandler.throwIfResponseFailed(ErrorHandler.java:166)
	at org.openqa.selenium.remote.JsonWireProtocolResponse.lambda$new$0(JsonWireProtocolResponse.java:53)
	at org.openqa.selenium.remote.JsonWireProtocolResponse.lambda$getResponseFunction$2(JsonWireProtocolResponse.java:91)
	at org.openqa.selenium.remote.ProtocolHandshake.lambda$createSession$0(ProtocolHandshake.java:122)
	at java.base/java.util.stream.ReferencePipeline$3$1.accept(ReferencePipeline.java:197)
	at java.base/java.util.Spliterators$ArraySpliterator.tryAdvance(Spliterators.java:1034)
	at java.base/java.util.stream.ReferencePipeline.forEachWithCancel(ReferencePipeline.java:129)
	at java.base/java.util.stream.AbstractPipeline.copyIntoWithCancel(AbstractPipeline.java:527)
	at java.base/java.util.stream.AbstractPipeline.copyInto(AbstractPipeline.java:513)
	at java.base/java.util.stream.AbstractPipeline.wrapAndCopyInto(AbstractPipeline.java:499)
	at java.base/java.util.stream.FindOps$FindOp.evaluateSequential(FindOps.java:150)
	at java.base/java.util.stream.AbstractPipeline.evaluate(AbstractPipeline.java:234)
	at java.base/java.util.stream.ReferencePipeline.findFirst(ReferencePipeline.java:647)
	at org.openqa.selenium.remote.ProtocolHandshake.createSession(ProtocolHandshake.java:125)
	at org.openqa.selenium.remote.ProtocolHandshake.createSession(ProtocolHandshake.java:73)
	at org.openqa.selenium.remote.HttpCommandExecutor.execute(HttpCommandExecutor.java:136)
	at org.openqa.selenium.remote.RemoteWebDriver.execute(RemoteWebDriver.java:548)
	at org.openqa.selenium.remote.RemoteWebDriver.startSession(RemoteWebDriver.java:212)
	at org.openqa.selenium.remote.RemoteWebDriver.&lt;init&gt;(RemoteWebDriver.java:130)
	at org.openqa.selenium.remote.RemoteWebDriver.&lt;init&gt;(RemoteWebDriver.java:143)
	at testcases.BrowserStackBaseTest.setup(BrowserStackBaseTest.java:61)
	at java.base/java.util.ArrayList.forEach(ArrayList.java:1596)
	at java.base/java.util.concurrent.FutureTask.run(FutureTask.java:317)
	at java.base/java.util.concurrent.ThreadPoolExecutor.runWorker(ThreadPoolExecutor.java:1144)
	at java.base/java.util.concurrent.ThreadPoolExecutor$Worker.run(ThreadPoolExecutor.java:642)
	at java.base/java.lang.Thread.run(Thread.java:1583)
... Removed 22 stack frames</pre></div><a href='#' onClick='toggleBox("stack-trace218266103", this, "Click to show all stack frames", "Click to hide stack frames")'>Click to show all stack frames</a>
<div class='stack-trace' id='stack-trace218266103'><pre>org.openqa.selenium.WebDriverException: OS/Browser combination invalid: {&quot;browserName&quot;=&gt;&quot;Safari&quot;, &quot;bstack:options&quot;=&gt;{&quot;buildName&quot;=&gt;&quot;browserstack build #8&quot;, &quot;debug&quot;=&gt;true, &quot;os&quot;=&gt;&quot;OS X&quot;, &quot;osVersion&quot;=&gt;&quot;Ventura&quot;, &quot;browserVersion&quot;=&gt;&quot;138&quot;, &quot;sessionName&quot;=&gt;&quot;ElPaisHeaderAnalyzerOccurence&quot;, &quot;consoleLogs&quot;=&gt;&quot;info&quot;, &quot;networkLogs&quot;=&gt;true, &quot;projectName&quot;=&gt;&quot;BrowserStack Sample&quot;, &quot;buildIdentifier&quot;=&gt;&quot;#8&quot;, &quot;hostName&quot;=&gt;&quot;DESKTOP-RULROEU&quot;, &quot;browserstackSDK&quot;=&gt;&quot;TestNG-javaagent/1.38.1&quot;, &quot;buildProductMap&quot;=&gt;{&quot;observability&quot;=&gt;true, &quot;accessibility&quot;=&gt;false, &quot;percy&quot;=&gt;false, &quot;automate&quot;=&gt;true, &quot;app_automate&quot;=&gt;false}, &quot;useW3C&quot;=&gt;true, &quot;accessibilityOptions&quot;=&gt;{}, &quot;testhubBuildUuid&quot;=&gt;&quot;vkmu2sccc4crfei8hcc8mwpvkdewa2y9ua5baf6m&quot;}, &quot;browserstack.is_hub_canary&quot;=&gt;false, &quot;acceptSslCert&quot;=&gt;false, &quot;detected_language&quot;=&gt;&quot;selenium/3.14.0 (java windows)&quot;, &quot;new_bucketing&quot;=&gt;true, &quot;browser&quot;=&gt;&quot;Safari&quot;, &quot;buildName&quot;=&gt;&quot;browserstack build #8&quot;, &quot;browserstack.debug&quot;=&gt;&quot;true&quot;, &quot;os&quot;=&gt;&quot;OS X&quot;, &quot;osVersion&quot;=&gt;&quot;Ventura&quot;, &quot;browserVersion&quot;=&gt;&quot;138&quot;, &quot;sessionName&quot;=&gt;&quot;ElPaisHeaderAnalyzerOccurence&quot;, &quot;browserstack.consoleLogs&quot;=&gt;&quot;info&quot;, &quot;browserstack.networkLogs&quot;=&gt;&quot;true&quot;, &quot;projectName&quot;=&gt;&quot;BrowserStack Sample&quot;, &quot;browserstack.buildIdentifier&quot;=&gt;&quot;#8&quot;, &quot;browserstack.hostName&quot;=&gt;&quot;DESKTOP-RULROEU&quot;, &quot;browserstack.browserstackSDK&quot;=&gt;&quot;TestNG-javaagent/1.38.1&quot;, &quot;browserstack.buildProductMap.observability&quot;=&gt;true, &quot;browserstack.buildProductMap.accessibility&quot;=&gt;false, &quot;browserstack.buildProductMap.percy&quot;=&gt;false, &quot;browserstack.buildProductMap.automate&quot;=&gt;true, &quot;browserstack.buildProductMap.app_automate&quot;=&gt;false, &quot;browserstack.useW3C&quot;=&gt;&quot;true&quot;, &quot;browserstack.testhubBuildUuid&quot;=&gt;&quot;vkmu2sccc4crfei8hcc8mwpvkdewa2y9ua5baf6m&quot;, &quot;os_version&quot;=&gt;&quot;Ventura&quot;, &quot;browser_name&quot;=&gt;&quot;Safari&quot;, &quot;browser_version&quot;=&gt;&quot;138&quot;, &quot;version&quot;=&gt;&quot;138&quot;, &quot;browserstack.use_w3c&quot;=&gt;&quot;true&quot;, &quot;name&quot;=&gt;&quot;ElPaisHeaderAnalyzerOccurence&quot;, &quot;build&quot;=&gt;&quot;browserstack build #8&quot;, &quot;project&quot;=&gt;&quot;BrowserStack Sample&quot;, &quot;browserstack.console&quot;=&gt;&quot;info&quot;, &quot;browserstack.seleniumLogs&quot;=&gt;true} (WARNING: The server did not provide any stacktrace information)
Command duration or timeout: 1.17 seconds
Build info: version: &apos;3.14.0&apos;, revision: &apos;aacccce0&apos;, time: &apos;2018-08-02T20:19:58.91Z&apos;
System info: host: &apos;DESKTOP-RULROEU&apos;, ip: &apos;192.168.1.99&apos;, os.name: &apos;Windows 11&apos;, os.arch: &apos;amd64&apos;, os.version: &apos;10.0&apos;, java.version: &apos;21.0.3&apos;
Driver info: driver.version: RemoteWebDriver
	at java.base/jdk.internal.reflect.DirectConstructorHandleAccessor.newInstance(DirectConstructorHandleAccessor.java:62)
	at java.base/java.lang.reflect.Constructor.newInstanceWithCaller(Constructor.java:502)
	at java.base/java.lang.reflect.Constructor.newInstance(Constructor.java:486)
	at org.openqa.selenium.remote.ErrorHandler.createThrowable(ErrorHandler.java:214)
	at org.openqa.selenium.remote.ErrorHandler.throwIfResponseFailed(ErrorHandler.java:166)
	at org.openqa.selenium.remote.JsonWireProtocolResponse.lambda$new$0(JsonWireProtocolResponse.java:53)
	at org.openqa.selenium.remote.JsonWireProtocolResponse.lambda$getResponseFunction$2(JsonWireProtocolResponse.java:91)
	at org.openqa.selenium.remote.ProtocolHandshake.lambda$createSession$0(ProtocolHandshake.java:122)
	at java.base/java.util.stream.ReferencePipeline$3$1.accept(ReferencePipeline.java:197)
	at java.base/java.util.Spliterators$ArraySpliterator.tryAdvance(Spliterators.java:1034)
	at java.base/java.util.stream.ReferencePipeline.forEachWithCancel(ReferencePipeline.java:129)
	at java.base/java.util.stream.AbstractPipeline.copyIntoWithCancel(AbstractPipeline.java:527)
	at java.base/java.util.stream.AbstractPipeline.copyInto(AbstractPipeline.java:513)
	at java.base/java.util.stream.AbstractPipeline.wrapAndCopyInto(AbstractPipeline.java:499)
	at java.base/java.util.stream.FindOps$FindOp.evaluateSequential(FindOps.java:150)
	at java.base/java.util.stream.AbstractPipeline.evaluate(AbstractPipeline.java:234)
	at java.base/java.util.stream.ReferencePipeline.findFirst(ReferencePipeline.java:647)
	at org.openqa.selenium.remote.ProtocolHandshake.createSession(ProtocolHandshake.java:125)
	at org.openqa.selenium.remote.ProtocolHandshake.createSession(ProtocolHandshake.java:73)
	at org.openqa.selenium.remote.HttpCommandExecutor.execute(HttpCommandExecutor.java:136)
	at org.openqa.selenium.remote.RemoteWebDriver.execute(RemoteWebDriver.java:548)
	at org.openqa.selenium.remote.RemoteWebDriver.startSession(RemoteWebDriver.java:212)
	at org.openqa.selenium.remote.RemoteWebDriver.&lt;init&gt;(RemoteWebDriver.java:130)
	at org.openqa.selenium.remote.RemoteWebDriver.&lt;init&gt;(RemoteWebDriver.java:143)
	at testcases.BrowserStackBaseTest.setup(BrowserStackBaseTest.java:61)
	at java.base/jdk.internal.reflect.DirectMethodHandleAccessor.invoke(DirectMethodHandleAccessor.java:103)
	at java.base/java.lang.reflect.Method.invoke(Method.java:580)
	at org.testng.internal.invokers.MethodInvocationHelper.invokeMethod(MethodInvocationHelper.java:141)
	at org.testng.internal.invokers.MethodInvocationHelper.invokeMethodConsideringTimeout(MethodInvocationHelper.java:71)
	at org.testng.internal.invokers.ConfigInvoker.invokeConfigurationMethod(ConfigInvoker.java:400)
	at org.testng.internal.invokers.ConfigInvoker.invokeConfigurations(ConfigInvoker.java:333)
	at org.testng.internal.invokers.TestInvoker.runConfigMethods(TestInvoker.java:833)
	at org.testng.internal.invokers.TestInvoker.invokeMethod(TestInvoker.java:600)
	at org.testng.internal.invokers.TestInvoker.invokeTestMethod(TestInvoker.java:230)
	at org.testng.internal.invokers.MethodRunner.runInSequence(MethodRunner.java:63)
	at org.testng.internal.invokers.TestInvoker$MethodInvocationAgent.invoke(TestInvoker.java:992)
	at org.testng.internal.invokers.TestInvoker.invokeTestMethods(TestInvoker.java:203)
	at org.testng.internal.invokers.TestMethodWorker.invokeTestMethods(TestMethodWorker.java:154)
	at org.testng.internal.invokers.TestMethodWorker.run(TestMethodWorker.java:134)
	at java.base/java.util.ArrayList.forEach(ArrayList.java:1596)
	at org.testng.TestRunner.privateRun(TestRunner.java:739)
	at org.testng.TestRunner.run(TestRunner.java:614)
	at org.testng.SuiteRunner.runTest(SuiteRunner.java:421)
	at org.testng.SuiteRunner$SuiteWorker.run(SuiteRunner.java:463)
	at org.testng.internal.thread.ThreadUtil.lambda$execute$0(ThreadUtil.java:64)
	at java.base/java.util.concurrent.FutureTask.run(FutureTask.java:317)
	at java.base/java.util.concurrent.ThreadPoolExecutor.runWorker(ThreadPoolExecutor.java:1144)
	at java.base/java.util.concurrent.ThreadPoolExecutor$Worker.run(ThreadPoolExecutor.java:642)
	at java.base/java.lang.Thread.run(Thread.java:1583)
</pre></div></td>
<td>1</td>
<td>testcases.ElPaisHeaderAnalyzerOccurence@7412ed6b</td></tr>
<tr>
<td title='testcases.ElPaisScraperTest.setup()'><b>setup</b><br>Test class: testcases.ElPaisScraperTest<br>Parameters: OS X, Ventura, Safari, 138</td>
<td><div><pre>org.openqa.selenium.WebDriverException: OS/Browser combination invalid: {&quot;browserName&quot;=&gt;&quot;Safari&quot;, &quot;bstack:options&quot;=&gt;{&quot;buildName&quot;=&gt;&quot;browserstack build #8&quot;, &quot;debug&quot;=&gt;true, &quot;os&quot;=&gt;&quot;OS X&quot;, &quot;osVersion&quot;=&gt;&quot;Ventura&quot;, &quot;browserVersion&quot;=&gt;&quot;138&quot;, &quot;sessionName&quot;=&gt;&quot;ElPaisScraperTest&quot;, &quot;consoleLogs&quot;=&gt;&quot;info&quot;, &quot;networkLogs&quot;=&gt;true, &quot;projectName&quot;=&gt;&quot;BrowserStack Sample&quot;, &quot;buildIdentifier&quot;=&gt;&quot;#8&quot;, &quot;hostName&quot;=&gt;&quot;DESKTOP-RULROEU&quot;, &quot;browserstackSDK&quot;=&gt;&quot;TestNG-javaagent/1.38.1&quot;, &quot;buildProductMap&quot;=&gt;{&quot;observability&quot;=&gt;true, &quot;accessibility&quot;=&gt;false, &quot;percy&quot;=&gt;false, &quot;automate&quot;=&gt;true, &quot;app_automate&quot;=&gt;false}, &quot;useW3C&quot;=&gt;true, &quot;accessibilityOptions&quot;=&gt;{}, &quot;testhubBuildUuid&quot;=&gt;&quot;vkmu2sccc4crfei8hcc8mwpvkdewa2y9ua5baf6m&quot;}, &quot;browserstack.is_hub_canary&quot;=&gt;false, &quot;acceptSslCert&quot;=&gt;false, &quot;detected_language&quot;=&gt;&quot;selenium/3.14.0 (java windows)&quot;, &quot;new_bucketing&quot;=&gt;true, &quot;browser&quot;=&gt;&quot;Safari&quot;, &quot;buildName&quot;=&gt;&quot;browserstack build #8&quot;, &quot;browserstack.debug&quot;=&gt;&quot;true&quot;, &quot;os&quot;=&gt;&quot;OS X&quot;, &quot;osVersion&quot;=&gt;&quot;Ventura&quot;, &quot;browserVersion&quot;=&gt;&quot;138&quot;, &quot;sessionName&quot;=&gt;&quot;ElPaisScraperTest&quot;, &quot;browserstack.consoleLogs&quot;=&gt;&quot;info&quot;, &quot;browserstack.networkLogs&quot;=&gt;&quot;true&quot;, &quot;projectName&quot;=&gt;&quot;BrowserStack Sample&quot;, &quot;browserstack.buildIdentifier&quot;=&gt;&quot;#8&quot;, &quot;browserstack.hostName&quot;=&gt;&quot;DESKTOP-RULROEU&quot;, &quot;browserstack.browserstackSDK&quot;=&gt;&quot;TestNG-javaagent/1.38.1&quot;, &quot;browserstack.buildProductMap.observability&quot;=&gt;true, &quot;browserstack.buildProductMap.accessibility&quot;=&gt;false, &quot;browserstack.buildProductMap.percy&quot;=&gt;false, &quot;browserstack.buildProductMap.automate&quot;=&gt;true, &quot;browserstack.buildProductMap.app_automate&quot;=&gt;false, &quot;browserstack.useW3C&quot;=&gt;&quot;true&quot;, &quot;browserstack.testhubBuildUuid&quot;=&gt;&quot;vkmu2sccc4crfei8hcc8mwpvkdewa2y9ua5baf6m&quot;, &quot;os_version&quot;=&gt;&quot;Ventura&quot;, &quot;browser_name&quot;=&gt;&quot;Safari&quot;, &quot;browser_version&quot;=&gt;&quot;138&quot;, &quot;version&quot;=&gt;&quot;138&quot;, &quot;browserstack.use_w3c&quot;=&gt;&quot;true&quot;, &quot;name&quot;=&gt;&quot;ElPaisScraperTest&quot;, &quot;build&quot;=&gt;&quot;browserstack build #8&quot;, &quot;project&quot;=&gt;&quot;BrowserStack Sample&quot;, &quot;browserstack.console&quot;=&gt;&quot;info&quot;, &quot;browserstack.seleniumLogs&quot;=&gt;true} (WARNING: The server did not provide any stacktrace information)
Command duration or timeout: 1.37 seconds
Build info: version: &apos;3.14.0&apos;, revision: &apos;aacccce0&apos;, time: &apos;2018-08-02T20:19:58.91Z&apos;
System info: host: &apos;DESKTOP-RULROEU&apos;, ip: &apos;192.168.1.99&apos;, os.name: &apos;Windows 11&apos;, os.arch: &apos;amd64&apos;, os.version: &apos;10.0&apos;, java.version: &apos;21.0.3&apos;
Driver info: driver.version: RemoteWebDriver
	at org.openqa.selenium.remote.ErrorHandler.createThrowable(ErrorHandler.java:214)
	at org.openqa.selenium.remote.ErrorHandler.throwIfResponseFailed(ErrorHandler.java:166)
	at org.openqa.selenium.remote.JsonWireProtocolResponse.lambda$new$0(JsonWireProtocolResponse.java:53)
	at org.openqa.selenium.remote.JsonWireProtocolResponse.lambda$getResponseFunction$2(JsonWireProtocolResponse.java:91)
	at org.openqa.selenium.remote.ProtocolHandshake.lambda$createSession$0(ProtocolHandshake.java:122)
	at java.base/java.util.stream.ReferencePipeline$3$1.accept(ReferencePipeline.java:197)
	at java.base/java.util.Spliterators$ArraySpliterator.tryAdvance(Spliterators.java:1034)
	at java.base/java.util.stream.ReferencePipeline.forEachWithCancel(ReferencePipeline.java:129)
	at java.base/java.util.stream.AbstractPipeline.copyIntoWithCancel(AbstractPipeline.java:527)
	at java.base/java.util.stream.AbstractPipeline.copyInto(AbstractPipeline.java:513)
	at java.base/java.util.stream.AbstractPipeline.wrapAndCopyInto(AbstractPipeline.java:499)
	at java.base/java.util.stream.FindOps$FindOp.evaluateSequential(FindOps.java:150)
	at java.base/java.util.stream.AbstractPipeline.evaluate(AbstractPipeline.java:234)
	at java.base/java.util.stream.ReferencePipeline.findFirst(ReferencePipeline.java:647)
	at org.openqa.selenium.remote.ProtocolHandshake.createSession(ProtocolHandshake.java:125)
	at org.openqa.selenium.remote.ProtocolHandshake.createSession(ProtocolHandshake.java:73)
	at org.openqa.selenium.remote.HttpCommandExecutor.execute(HttpCommandExecutor.java:136)
	at org.openqa.selenium.remote.RemoteWebDriver.execute(RemoteWebDriver.java:548)
	at org.openqa.selenium.remote.RemoteWebDriver.startSession(RemoteWebDriver.java:212)
	at org.openqa.selenium.remote.RemoteWebDriver.&lt;init&gt;(RemoteWebDriver.java:130)
	at org.openqa.selenium.remote.RemoteWebDriver.&lt;init&gt;(RemoteWebDriver.java:143)
	at testcases.BrowserStackBaseTest.setup(BrowserStackBaseTest.java:61)
	at java.base/java.util.ArrayList.forEach(ArrayList.java:1596)
	at java.base/java.util.concurrent.FutureTask.run(FutureTask.java:317)
	at java.base/java.util.concurrent.ThreadPoolExecutor.runWorker(ThreadPoolExecutor.java:1144)
	at java.base/java.util.concurrent.ThreadPoolExecutor$Worker.run(ThreadPoolExecutor.java:642)
	at java.base/java.lang.Thread.run(Thread.java:1583)
... Removed 22 stack frames</pre></div><a href='#' onClick='toggleBox("stack-trace545335981", this, "Click to show all stack frames", "Click to hide stack frames")'>Click to show all stack frames</a>
<div class='stack-trace' id='stack-trace545335981'><pre>org.openqa.selenium.WebDriverException: OS/Browser combination invalid: {&quot;browserName&quot;=&gt;&quot;Safari&quot;, &quot;bstack:options&quot;=&gt;{&quot;buildName&quot;=&gt;&quot;browserstack build #8&quot;, &quot;debug&quot;=&gt;true, &quot;os&quot;=&gt;&quot;OS X&quot;, &quot;osVersion&quot;=&gt;&quot;Ventura&quot;, &quot;browserVersion&quot;=&gt;&quot;138&quot;, &quot;sessionName&quot;=&gt;&quot;ElPaisScraperTest&quot;, &quot;consoleLogs&quot;=&gt;&quot;info&quot;, &quot;networkLogs&quot;=&gt;true, &quot;projectName&quot;=&gt;&quot;BrowserStack Sample&quot;, &quot;buildIdentifier&quot;=&gt;&quot;#8&quot;, &quot;hostName&quot;=&gt;&quot;DESKTOP-RULROEU&quot;, &quot;browserstackSDK&quot;=&gt;&quot;TestNG-javaagent/1.38.1&quot;, &quot;buildProductMap&quot;=&gt;{&quot;observability&quot;=&gt;true, &quot;accessibility&quot;=&gt;false, &quot;percy&quot;=&gt;false, &quot;automate&quot;=&gt;true, &quot;app_automate&quot;=&gt;false}, &quot;useW3C&quot;=&gt;true, &quot;accessibilityOptions&quot;=&gt;{}, &quot;testhubBuildUuid&quot;=&gt;&quot;vkmu2sccc4crfei8hcc8mwpvkdewa2y9ua5baf6m&quot;}, &quot;browserstack.is_hub_canary&quot;=&gt;false, &quot;acceptSslCert&quot;=&gt;false, &quot;detected_language&quot;=&gt;&quot;selenium/3.14.0 (java windows)&quot;, &quot;new_bucketing&quot;=&gt;true, &quot;browser&quot;=&gt;&quot;Safari&quot;, &quot;buildName&quot;=&gt;&quot;browserstack build #8&quot;, &quot;browserstack.debug&quot;=&gt;&quot;true&quot;, &quot;os&quot;=&gt;&quot;OS X&quot;, &quot;osVersion&quot;=&gt;&quot;Ventura&quot;, &quot;browserVersion&quot;=&gt;&quot;138&quot;, &quot;sessionName&quot;=&gt;&quot;ElPaisScraperTest&quot;, &quot;browserstack.consoleLogs&quot;=&gt;&quot;info&quot;, &quot;browserstack.networkLogs&quot;=&gt;&quot;true&quot;, &quot;projectName&quot;=&gt;&quot;BrowserStack Sample&quot;, &quot;browserstack.buildIdentifier&quot;=&gt;&quot;#8&quot;, &quot;browserstack.hostName&quot;=&gt;&quot;DESKTOP-RULROEU&quot;, &quot;browserstack.browserstackSDK&quot;=&gt;&quot;TestNG-javaagent/1.38.1&quot;, &quot;browserstack.buildProductMap.observability&quot;=&gt;true, &quot;browserstack.buildProductMap.accessibility&quot;=&gt;false, &quot;browserstack.buildProductMap.percy&quot;=&gt;false, &quot;browserstack.buildProductMap.automate&quot;=&gt;true, &quot;browserstack.buildProductMap.app_automate&quot;=&gt;false, &quot;browserstack.useW3C&quot;=&gt;&quot;true&quot;, &quot;browserstack.testhubBuildUuid&quot;=&gt;&quot;vkmu2sccc4crfei8hcc8mwpvkdewa2y9ua5baf6m&quot;, &quot;os_version&quot;=&gt;&quot;Ventura&quot;, &quot;browser_name&quot;=&gt;&quot;Safari&quot;, &quot;browser_version&quot;=&gt;&quot;138&quot;, &quot;version&quot;=&gt;&quot;138&quot;, &quot;browserstack.use_w3c&quot;=&gt;&quot;true&quot;, &quot;name&quot;=&gt;&quot;ElPaisScraperTest&quot;, &quot;build&quot;=&gt;&quot;browserstack build #8&quot;, &quot;project&quot;=&gt;&quot;BrowserStack Sample&quot;, &quot;browserstack.console&quot;=&gt;&quot;info&quot;, &quot;browserstack.seleniumLogs&quot;=&gt;true} (WARNING: The server did not provide any stacktrace information)
Command duration or timeout: 1.37 seconds
Build info: version: &apos;3.14.0&apos;, revision: &apos;aacccce0&apos;, time: &apos;2018-08-02T20:19:58.91Z&apos;
System info: host: &apos;DESKTOP-RULROEU&apos;, ip: &apos;192.168.1.99&apos;, os.name: &apos;Windows 11&apos;, os.arch: &apos;amd64&apos;, os.version: &apos;10.0&apos;, java.version: &apos;21.0.3&apos;
Driver info: driver.version: RemoteWebDriver
	at java.base/jdk.internal.reflect.DirectConstructorHandleAccessor.newInstance(DirectConstructorHandleAccessor.java:62)
	at java.base/java.lang.reflect.Constructor.newInstanceWithCaller(Constructor.java:502)
	at java.base/java.lang.reflect.Constructor.newInstance(Constructor.java:486)
	at org.openqa.selenium.remote.ErrorHandler.createThrowable(ErrorHandler.java:214)
	at org.openqa.selenium.remote.ErrorHandler.throwIfResponseFailed(ErrorHandler.java:166)
	at org.openqa.selenium.remote.JsonWireProtocolResponse.lambda$new$0(JsonWireProtocolResponse.java:53)
	at org.openqa.selenium.remote.JsonWireProtocolResponse.lambda$getResponseFunction$2(JsonWireProtocolResponse.java:91)
	at org.openqa.selenium.remote.ProtocolHandshake.lambda$createSession$0(ProtocolHandshake.java:122)
	at java.base/java.util.stream.ReferencePipeline$3$1.accept(ReferencePipeline.java:197)
	at java.base/java.util.Spliterators$ArraySpliterator.tryAdvance(Spliterators.java:1034)
	at java.base/java.util.stream.ReferencePipeline.forEachWithCancel(ReferencePipeline.java:129)
	at java.base/java.util.stream.AbstractPipeline.copyIntoWithCancel(AbstractPipeline.java:527)
	at java.base/java.util.stream.AbstractPipeline.copyInto(AbstractPipeline.java:513)
	at java.base/java.util.stream.AbstractPipeline.wrapAndCopyInto(AbstractPipeline.java:499)
	at java.base/java.util.stream.FindOps$FindOp.evaluateSequential(FindOps.java:150)
	at java.base/java.util.stream.AbstractPipeline.evaluate(AbstractPipeline.java:234)
	at java.base/java.util.stream.ReferencePipeline.findFirst(ReferencePipeline.java:647)
	at org.openqa.selenium.remote.ProtocolHandshake.createSession(ProtocolHandshake.java:125)
	at org.openqa.selenium.remote.ProtocolHandshake.createSession(ProtocolHandshake.java:73)
	at org.openqa.selenium.remote.HttpCommandExecutor.execute(HttpCommandExecutor.java:136)
	at org.openqa.selenium.remote.RemoteWebDriver.execute(RemoteWebDriver.java:548)
	at org.openqa.selenium.remote.RemoteWebDriver.startSession(RemoteWebDriver.java:212)
	at org.openqa.selenium.remote.RemoteWebDriver.&lt;init&gt;(RemoteWebDriver.java:130)
	at org.openqa.selenium.remote.RemoteWebDriver.&lt;init&gt;(RemoteWebDriver.java:143)
	at testcases.BrowserStackBaseTest.setup(BrowserStackBaseTest.java:61)
	at java.base/jdk.internal.reflect.DirectMethodHandleAccessor.invoke(DirectMethodHandleAccessor.java:103)
	at java.base/java.lang.reflect.Method.invoke(Method.java:580)
	at org.testng.internal.invokers.MethodInvocationHelper.invokeMethod(MethodInvocationHelper.java:141)
	at org.testng.internal.invokers.MethodInvocationHelper.invokeMethodConsideringTimeout(MethodInvocationHelper.java:71)
	at org.testng.internal.invokers.ConfigInvoker.invokeConfigurationMethod(ConfigInvoker.java:400)
	at org.testng.internal.invokers.ConfigInvoker.invokeConfigurations(ConfigInvoker.java:333)
	at org.testng.internal.invokers.TestInvoker.runConfigMethods(TestInvoker.java:833)
	at org.testng.internal.invokers.TestInvoker.invokeMethod(TestInvoker.java:600)
	at org.testng.internal.invokers.TestInvoker.invokeTestMethod(TestInvoker.java:230)
	at org.testng.internal.invokers.MethodRunner.runInSequence(MethodRunner.java:63)
	at org.testng.internal.invokers.TestInvoker$MethodInvocationAgent.invoke(TestInvoker.java:992)
	at org.testng.internal.invokers.TestInvoker.invokeTestMethods(TestInvoker.java:203)
	at org.testng.internal.invokers.TestMethodWorker.invokeTestMethods(TestMethodWorker.java:154)
	at org.testng.internal.invokers.TestMethodWorker.run(TestMethodWorker.java:134)
	at java.base/java.util.ArrayList.forEach(ArrayList.java:1596)
	at org.testng.TestRunner.privateRun(TestRunner.java:739)
	at org.testng.TestRunner.run(TestRunner.java:614)
	at org.testng.SuiteRunner.runTest(SuiteRunner.java:421)
	at org.testng.SuiteRunner$SuiteWorker.run(SuiteRunner.java:463)
	at org.testng.internal.thread.ThreadUtil.lambda$execute$0(ThreadUtil.java:64)
	at java.base/java.util.concurrent.FutureTask.run(FutureTask.java:317)
	at java.base/java.util.concurrent.ThreadPoolExecutor.runWorker(ThreadPoolExecutor.java:1144)
	at java.base/java.util.concurrent.ThreadPoolExecutor$Worker.run(ThreadPoolExecutor.java:642)
	at java.base/java.lang.Thread.run(Thread.java:1583)
</pre></div></td>
<td>1</td>
<td>testcases.ElPaisScraperTest@46aa712c</td></tr>
<tr>
<td title='testcases.ElPaisHeaderTranslator.setup()'><b>setup</b><br>Test class: testcases.ElPaisHeaderTranslator<br>Parameters: OS X, Ventura, Safari, 138</td>
<td><div><pre>org.openqa.selenium.WebDriverException: OS/Browser combination invalid: {&quot;browserName&quot;=&gt;&quot;Safari&quot;, &quot;bstack:options&quot;=&gt;{&quot;buildName&quot;=&gt;&quot;browserstack build #8&quot;, &quot;debug&quot;=&gt;true, &quot;os&quot;=&gt;&quot;OS X&quot;, &quot;osVersion&quot;=&gt;&quot;Ventura&quot;, &quot;browserVersion&quot;=&gt;&quot;138&quot;, &quot;sessionName&quot;=&gt;&quot;ElPaisHeaderTranslator&quot;, &quot;consoleLogs&quot;=&gt;&quot;info&quot;, &quot;networkLogs&quot;=&gt;true, &quot;projectName&quot;=&gt;&quot;BrowserStack Sample&quot;, &quot;buildIdentifier&quot;=&gt;&quot;#8&quot;, &quot;hostName&quot;=&gt;&quot;DESKTOP-RULROEU&quot;, &quot;browserstackSDK&quot;=&gt;&quot;TestNG-javaagent/1.38.1&quot;, &quot;buildProductMap&quot;=&gt;{&quot;observability&quot;=&gt;true, &quot;accessibility&quot;=&gt;false, &quot;percy&quot;=&gt;false, &quot;automate&quot;=&gt;true, &quot;app_automate&quot;=&gt;false}, &quot;useW3C&quot;=&gt;true, &quot;accessibilityOptions&quot;=&gt;{}, &quot;testhubBuildUuid&quot;=&gt;&quot;vkmu2sccc4crfei8hcc8mwpvkdewa2y9ua5baf6m&quot;}, &quot;browserstack.is_hub_canary&quot;=&gt;false, &quot;acceptSslCert&quot;=&gt;false, &quot;detected_language&quot;=&gt;&quot;selenium/3.14.0 (java windows)&quot;, &quot;new_bucketing&quot;=&gt;true, &quot;browser&quot;=&gt;&quot;Safari&quot;, &quot;buildName&quot;=&gt;&quot;browserstack build #8&quot;, &quot;browserstack.debug&quot;=&gt;&quot;true&quot;, &quot;os&quot;=&gt;&quot;OS X&quot;, &quot;osVersion&quot;=&gt;&quot;Ventura&quot;, &quot;browserVersion&quot;=&gt;&quot;138&quot;, &quot;sessionName&quot;=&gt;&quot;ElPaisHeaderTranslator&quot;, &quot;browserstack.consoleLogs&quot;=&gt;&quot;info&quot;, &quot;browserstack.networkLogs&quot;=&gt;&quot;true&quot;, &quot;projectName&quot;=&gt;&quot;BrowserStack Sample&quot;, &quot;browserstack.buildIdentifier&quot;=&gt;&quot;#8&quot;, &quot;browserstack.hostName&quot;=&gt;&quot;DESKTOP-RULROEU&quot;, &quot;browserstack.browserstackSDK&quot;=&gt;&quot;TestNG-javaagent/1.38.1&quot;, &quot;browserstack.buildProductMap.observability&quot;=&gt;true, &quot;browserstack.buildProductMap.accessibility&quot;=&gt;false, &quot;browserstack.buildProductMap.percy&quot;=&gt;false, &quot;browserstack.buildProductMap.automate&quot;=&gt;true, &quot;browserstack.buildProductMap.app_automate&quot;=&gt;false, &quot;browserstack.useW3C&quot;=&gt;&quot;true&quot;, &quot;browserstack.testhubBuildUuid&quot;=&gt;&quot;vkmu2sccc4crfei8hcc8mwpvkdewa2y9ua5baf6m&quot;, &quot;os_version&quot;=&gt;&quot;Ventura&quot;, &quot;browser_name&quot;=&gt;&quot;Safari&quot;, &quot;browser_version&quot;=&gt;&quot;138&quot;, &quot;version&quot;=&gt;&quot;138&quot;, &quot;browserstack.use_w3c&quot;=&gt;&quot;true&quot;, &quot;name&quot;=&gt;&quot;ElPaisHeaderTranslator&quot;, &quot;build&quot;=&gt;&quot;browserstack build #8&quot;, &quot;project&quot;=&gt;&quot;BrowserStack Sample&quot;, &quot;browserstack.console&quot;=&gt;&quot;info&quot;, &quot;browserstack.seleniumLogs&quot;=&gt;true} (WARNING: The server did not provide any stacktrace information)
Command duration or timeout: 1.17 seconds
Build info: version: &apos;3.14.0&apos;, revision: &apos;aacccce0&apos;, time: &apos;2018-08-02T20:19:58.91Z&apos;
System info: host: &apos;DESKTOP-RULROEU&apos;, ip: &apos;192.168.1.99&apos;, os.name: &apos;Windows 11&apos;, os.arch: &apos;amd64&apos;, os.version: &apos;10.0&apos;, java.version: &apos;21.0.3&apos;
Driver info: driver.version: RemoteWebDriver
	at org.openqa.selenium.remote.ErrorHandler.createThrowable(ErrorHandler.java:214)
	at org.openqa.selenium.remote.ErrorHandler.throwIfResponseFailed(ErrorHandler.java:166)
	at org.openqa.selenium.remote.JsonWireProtocolResponse.lambda$new$0(JsonWireProtocolResponse.java:53)
	at org.openqa.selenium.remote.JsonWireProtocolResponse.lambda$getResponseFunction$2(JsonWireProtocolResponse.java:91)
	at org.openqa.selenium.remote.ProtocolHandshake.lambda$createSession$0(ProtocolHandshake.java:122)
	at java.base/java.util.stream.ReferencePipeline$3$1.accept(ReferencePipeline.java:197)
	at java.base/java.util.Spliterators$ArraySpliterator.tryAdvance(Spliterators.java:1034)
	at java.base/java.util.stream.ReferencePipeline.forEachWithCancel(ReferencePipeline.java:129)
	at java.base/java.util.stream.AbstractPipeline.copyIntoWithCancel(AbstractPipeline.java:527)
	at java.base/java.util.stream.AbstractPipeline.copyInto(AbstractPipeline.java:513)
	at java.base/java.util.stream.AbstractPipeline.wrapAndCopyInto(AbstractPipeline.java:499)
	at java.base/java.util.stream.FindOps$FindOp.evaluateSequential(FindOps.java:150)
	at java.base/java.util.stream.AbstractPipeline.evaluate(AbstractPipeline.java:234)
	at java.base/java.util.stream.ReferencePipeline.findFirst(ReferencePipeline.java:647)
	at org.openqa.selenium.remote.ProtocolHandshake.createSession(ProtocolHandshake.java:125)
	at org.openqa.selenium.remote.ProtocolHandshake.createSession(ProtocolHandshake.java:73)
	at org.openqa.selenium.remote.HttpCommandExecutor.execute(HttpCommandExecutor.java:136)
	at org.openqa.selenium.remote.RemoteWebDriver.execute(RemoteWebDriver.java:548)
	at org.openqa.selenium.remote.RemoteWebDriver.startSession(RemoteWebDriver.java:212)
	at org.openqa.selenium.remote.RemoteWebDriver.&lt;init&gt;(RemoteWebDriver.java:130)
	at org.openqa.selenium.remote.RemoteWebDriver.&lt;init&gt;(RemoteWebDriver.java:143)
	at testcases.BrowserStackBaseTest.setup(BrowserStackBaseTest.java:61)
	at java.base/java.util.ArrayList.forEach(ArrayList.java:1596)
	at java.base/java.util.concurrent.FutureTask.run(FutureTask.java:317)
	at java.base/java.util.concurrent.ThreadPoolExecutor.runWorker(ThreadPoolExecutor.java:1144)
	at java.base/java.util.concurrent.ThreadPoolExecutor$Worker.run(ThreadPoolExecutor.java:642)
	at java.base/java.lang.Thread.run(Thread.java:1583)
... Removed 22 stack frames</pre></div><a href='#' onClick='toggleBox("stack-trace1087543327", this, "Click to show all stack frames", "Click to hide stack frames")'>Click to show all stack frames</a>
<div class='stack-trace' id='stack-trace1087543327'><pre>org.openqa.selenium.WebDriverException: OS/Browser combination invalid: {&quot;browserName&quot;=&gt;&quot;Safari&quot;, &quot;bstack:options&quot;=&gt;{&quot;buildName&quot;=&gt;&quot;browserstack build #8&quot;, &quot;debug&quot;=&gt;true, &quot;os&quot;=&gt;&quot;OS X&quot;, &quot;osVersion&quot;=&gt;&quot;Ventura&quot;, &quot;browserVersion&quot;=&gt;&quot;138&quot;, &quot;sessionName&quot;=&gt;&quot;ElPaisHeaderTranslator&quot;, &quot;consoleLogs&quot;=&gt;&quot;info&quot;, &quot;networkLogs&quot;=&gt;true, &quot;projectName&quot;=&gt;&quot;BrowserStack Sample&quot;, &quot;buildIdentifier&quot;=&gt;&quot;#8&quot;, &quot;hostName&quot;=&gt;&quot;DESKTOP-RULROEU&quot;, &quot;browserstackSDK&quot;=&gt;&quot;TestNG-javaagent/1.38.1&quot;, &quot;buildProductMap&quot;=&gt;{&quot;observability&quot;=&gt;true, &quot;accessibility&quot;=&gt;false, &quot;percy&quot;=&gt;false, &quot;automate&quot;=&gt;true, &quot;app_automate&quot;=&gt;false}, &quot;useW3C&quot;=&gt;true, &quot;accessibilityOptions&quot;=&gt;{}, &quot;testhubBuildUuid&quot;=&gt;&quot;vkmu2sccc4crfei8hcc8mwpvkdewa2y9ua5baf6m&quot;}, &quot;browserstack.is_hub_canary&quot;=&gt;false, &quot;acceptSslCert&quot;=&gt;false, &quot;detected_language&quot;=&gt;&quot;selenium/3.14.0 (java windows)&quot;, &quot;new_bucketing&quot;=&gt;true, &quot;browser&quot;=&gt;&quot;Safari&quot;, &quot;buildName&quot;=&gt;&quot;browserstack build #8&quot;, &quot;browserstack.debug&quot;=&gt;&quot;true&quot;, &quot;os&quot;=&gt;&quot;OS X&quot;, &quot;osVersion&quot;=&gt;&quot;Ventura&quot;, &quot;browserVersion&quot;=&gt;&quot;138&quot;, &quot;sessionName&quot;=&gt;&quot;ElPaisHeaderTranslator&quot;, &quot;browserstack.consoleLogs&quot;=&gt;&quot;info&quot;, &quot;browserstack.networkLogs&quot;=&gt;&quot;true&quot;, &quot;projectName&quot;=&gt;&quot;BrowserStack Sample&quot;, &quot;browserstack.buildIdentifier&quot;=&gt;&quot;#8&quot;, &quot;browserstack.hostName&quot;=&gt;&quot;DESKTOP-RULROEU&quot;, &quot;browserstack.browserstackSDK&quot;=&gt;&quot;TestNG-javaagent/1.38.1&quot;, &quot;browserstack.buildProductMap.observability&quot;=&gt;true, &quot;browserstack.buildProductMap.accessibility&quot;=&gt;false, &quot;browserstack.buildProductMap.percy&quot;=&gt;false, &quot;browserstack.buildProductMap.automate&quot;=&gt;true, &quot;browserstack.buildProductMap.app_automate&quot;=&gt;false, &quot;browserstack.useW3C&quot;=&gt;&quot;true&quot;, &quot;browserstack.testhubBuildUuid&quot;=&gt;&quot;vkmu2sccc4crfei8hcc8mwpvkdewa2y9ua5baf6m&quot;, &quot;os_version&quot;=&gt;&quot;Ventura&quot;, &quot;browser_name&quot;=&gt;&quot;Safari&quot;, &quot;browser_version&quot;=&gt;&quot;138&quot;, &quot;version&quot;=&gt;&quot;138&quot;, &quot;browserstack.use_w3c&quot;=&gt;&quot;true&quot;, &quot;name&quot;=&gt;&quot;ElPaisHeaderTranslator&quot;, &quot;build&quot;=&gt;&quot;browserstack build #8&quot;, &quot;project&quot;=&gt;&quot;BrowserStack Sample&quot;, &quot;browserstack.console&quot;=&gt;&quot;info&quot;, &quot;browserstack.seleniumLogs&quot;=&gt;true} (WARNING: The server did not provide any stacktrace information)
Command duration or timeout: 1.17 seconds
Build info: version: &apos;3.14.0&apos;, revision: &apos;aacccce0&apos;, time: &apos;2018-08-02T20:19:58.91Z&apos;
System info: host: &apos;DESKTOP-RULROEU&apos;, ip: &apos;192.168.1.99&apos;, os.name: &apos;Windows 11&apos;, os.arch: &apos;amd64&apos;, os.version: &apos;10.0&apos;, java.version: &apos;21.0.3&apos;
Driver info: driver.version: RemoteWebDriver
	at java.base/jdk.internal.reflect.DirectConstructorHandleAccessor.newInstance(DirectConstructorHandleAccessor.java:62)
	at java.base/java.lang.reflect.Constructor.newInstanceWithCaller(Constructor.java:502)
	at java.base/java.lang.reflect.Constructor.newInstance(Constructor.java:486)
	at org.openqa.selenium.remote.ErrorHandler.createThrowable(ErrorHandler.java:214)
	at org.openqa.selenium.remote.ErrorHandler.throwIfResponseFailed(ErrorHandler.java:166)
	at org.openqa.selenium.remote.JsonWireProtocolResponse.lambda$new$0(JsonWireProtocolResponse.java:53)
	at org.openqa.selenium.remote.JsonWireProtocolResponse.lambda$getResponseFunction$2(JsonWireProtocolResponse.java:91)
	at org.openqa.selenium.remote.ProtocolHandshake.lambda$createSession$0(ProtocolHandshake.java:122)
	at java.base/java.util.stream.ReferencePipeline$3$1.accept(ReferencePipeline.java:197)
	at java.base/java.util.Spliterators$ArraySpliterator.tryAdvance(Spliterators.java:1034)
	at java.base/java.util.stream.ReferencePipeline.forEachWithCancel(ReferencePipeline.java:129)
	at java.base/java.util.stream.AbstractPipeline.copyIntoWithCancel(AbstractPipeline.java:527)
	at java.base/java.util.stream.AbstractPipeline.copyInto(AbstractPipeline.java:513)
	at java.base/java.util.stream.AbstractPipeline.wrapAndCopyInto(AbstractPipeline.java:499)
	at java.base/java.util.stream.FindOps$FindOp.evaluateSequential(FindOps.java:150)
	at java.base/java.util.stream.AbstractPipeline.evaluate(AbstractPipeline.java:234)
	at java.base/java.util.stream.ReferencePipeline.findFirst(ReferencePipeline.java:647)
	at org.openqa.selenium.remote.ProtocolHandshake.createSession(ProtocolHandshake.java:125)
	at org.openqa.selenium.remote.ProtocolHandshake.createSession(ProtocolHandshake.java:73)
	at org.openqa.selenium.remote.HttpCommandExecutor.execute(HttpCommandExecutor.java:136)
	at org.openqa.selenium.remote.RemoteWebDriver.execute(RemoteWebDriver.java:548)
	at org.openqa.selenium.remote.RemoteWebDriver.startSession(RemoteWebDriver.java:212)
	at org.openqa.selenium.remote.RemoteWebDriver.&lt;init&gt;(RemoteWebDriver.java:130)
	at org.openqa.selenium.remote.RemoteWebDriver.&lt;init&gt;(RemoteWebDriver.java:143)
	at testcases.BrowserStackBaseTest.setup(BrowserStackBaseTest.java:61)
	at java.base/jdk.internal.reflect.DirectMethodHandleAccessor.invoke(DirectMethodHandleAccessor.java:103)
	at java.base/java.lang.reflect.Method.invoke(Method.java:580)
	at org.testng.internal.invokers.MethodInvocationHelper.invokeMethod(MethodInvocationHelper.java:141)
	at org.testng.internal.invokers.MethodInvocationHelper.invokeMethodConsideringTimeout(MethodInvocationHelper.java:71)
	at org.testng.internal.invokers.ConfigInvoker.invokeConfigurationMethod(ConfigInvoker.java:400)
	at org.testng.internal.invokers.ConfigInvoker.invokeConfigurations(ConfigInvoker.java:333)
	at org.testng.internal.invokers.TestInvoker.runConfigMethods(TestInvoker.java:833)
	at org.testng.internal.invokers.TestInvoker.invokeMethod(TestInvoker.java:600)
	at org.testng.internal.invokers.TestInvoker.invokeTestMethod(TestInvoker.java:230)
	at org.testng.internal.invokers.MethodRunner.runInSequence(MethodRunner.java:63)
	at org.testng.internal.invokers.TestInvoker$MethodInvocationAgent.invoke(TestInvoker.java:992)
	at org.testng.internal.invokers.TestInvoker.invokeTestMethods(TestInvoker.java:203)
	at org.testng.internal.invokers.TestMethodWorker.invokeTestMethods(TestMethodWorker.java:154)
	at org.testng.internal.invokers.TestMethodWorker.run(TestMethodWorker.java:134)
	at java.base/java.util.ArrayList.forEach(ArrayList.java:1596)
	at org.testng.TestRunner.privateRun(TestRunner.java:739)
	at org.testng.TestRunner.run(TestRunner.java:614)
	at org.testng.SuiteRunner.runTest(SuiteRunner.java:421)
	at org.testng.SuiteRunner$SuiteWorker.run(SuiteRunner.java:463)
	at org.testng.internal.thread.ThreadUtil.lambda$execute$0(ThreadUtil.java:64)
	at java.base/java.util.concurrent.FutureTask.run(FutureTask.java:317)
	at java.base/java.util.concurrent.ThreadPoolExecutor.runWorker(ThreadPoolExecutor.java:1144)
	at java.base/java.util.concurrent.ThreadPoolExecutor$Worker.run(ThreadPoolExecutor.java:642)
	at java.base/java.lang.Thread.run(Thread.java:1583)
</pre></div></td>
<td>1</td>
<td>testcases.ElPaisHeaderTranslator@6ada9c0c</td></tr>
</table><p>
<table width='100%' border='1' class='invocation-passed'>
<tr><td colspan='4' align='center'><b>PASSED TESTS</b></td></tr>
<tr><td><b>Test method</b></td>
<td><b>Attribute(s)</b></td>
<td width="30%"><b>Exception</b></td>
<td width="10%"><b>Time (seconds)</b></td>
<td><b>Instance</b></td>
</tr>
<tr>
<td title='testcases.VerifySpanishLanguage.verifyPageIsInSpanish()'><b>verifyPageIsInSpanish</b><br>Test class: testcases.VerifySpanishLanguage</td>
<td></td>
<td>13</td>
<td>testcases.VerifySpanishLanguage@ae202c6</td></tr>
</table><p>
<table width='100%' border='1' class='invocation-skipped'>
<tr><td colspan='4' align='center'><b>SKIPPED TESTS</b></td></tr>
<tr><td><b>Test method</b></td>
<td><b>Attribute(s)</b></td>
<td width="30%"><b>Exception</b></td>
<td width="10%"><b>Time (seconds)</b></td>
<td><b>Instance</b></td>
</tr>
<tr>
<td title='testcases.ElPaisHeaderTranslator.translateArticleHeaders()'><b>translateArticleHeaders</b><br>Test class: testcases.ElPaisHeaderTranslator</td>
<td><div><pre>org.openqa.selenium.WebDriverException: OS/Browser combination invalid: {&quot;browserName&quot;=&gt;&quot;Safari&quot;, &quot;bstack:options&quot;=&gt;{&quot;buildName&quot;=&gt;&quot;browserstack build #8&quot;, &quot;debug&quot;=&gt;true, &quot;os&quot;=&gt;&quot;OS X&quot;, &quot;osVersion&quot;=&gt;&quot;Ventura&quot;, &quot;browserVersion&quot;=&gt;&quot;138&quot;, &quot;sessionName&quot;=&gt;&quot;ElPaisHeaderTranslator&quot;, &quot;consoleLogs&quot;=&gt;&quot;info&quot;, &quot;networkLogs&quot;=&gt;true, &quot;projectName&quot;=&gt;&quot;BrowserStack Sample&quot;, &quot;buildIdentifier&quot;=&gt;&quot;#8&quot;, &quot;hostName&quot;=&gt;&quot;DESKTOP-RULROEU&quot;, &quot;browserstackSDK&quot;=&gt;&quot;TestNG-javaagent/1.38.1&quot;, &quot;buildProductMap&quot;=&gt;{&quot;observability&quot;=&gt;true, &quot;accessibility&quot;=&gt;false, &quot;percy&quot;=&gt;false, &quot;automate&quot;=&gt;true, &quot;app_automate&quot;=&gt;false}, &quot;useW3C&quot;=&gt;true, &quot;accessibilityOptions&quot;=&gt;{}, &quot;testhubBuildUuid&quot;=&gt;&quot;vkmu2sccc4crfei8hcc8mwpvkdewa2y9ua5baf6m&quot;}, &quot;browserstack.is_hub_canary&quot;=&gt;false, &quot;acceptSslCert&quot;=&gt;false, &quot;detected_language&quot;=&gt;&quot;selenium/3.14.0 (java windows)&quot;, &quot;new_bucketing&quot;=&gt;true, &quot;browser&quot;=&gt;&quot;Safari&quot;, &quot;buildName&quot;=&gt;&quot;browserstack build #8&quot;, &quot;browserstack.debug&quot;=&gt;&quot;true&quot;, &quot;os&quot;=&gt;&quot;OS X&quot;, &quot;osVersion&quot;=&gt;&quot;Ventura&quot;, &quot;browserVersion&quot;=&gt;&quot;138&quot;, &quot;sessionName&quot;=&gt;&quot;ElPaisHeaderTranslator&quot;, &quot;browserstack.consoleLogs&quot;=&gt;&quot;info&quot;, &quot;browserstack.networkLogs&quot;=&gt;&quot;true&quot;, &quot;projectName&quot;=&gt;&quot;BrowserStack Sample&quot;, &quot;browserstack.buildIdentifier&quot;=&gt;&quot;#8&quot;, &quot;browserstack.hostName&quot;=&gt;&quot;DESKTOP-RULROEU&quot;, &quot;browserstack.browserstackSDK&quot;=&gt;&quot;TestNG-javaagent/1.38.1&quot;, &quot;browserstack.buildProductMap.observability&quot;=&gt;true, &quot;browserstack.buildProductMap.accessibility&quot;=&gt;false, &quot;browserstack.buildProductMap.percy&quot;=&gt;false, &quot;browserstack.buildProductMap.automate&quot;=&gt;true, &quot;browserstack.buildProductMap.app_automate&quot;=&gt;false, &quot;browserstack.useW3C&quot;=&gt;&quot;true&quot;, &quot;browserstack.testhubBuildUuid&quot;=&gt;&quot;vkmu2sccc4crfei8hcc8mwpvkdewa2y9ua5baf6m&quot;, &quot;os_version&quot;=&gt;&quot;Ventura&quot;, &quot;browser_name&quot;=&gt;&quot;Safari&quot;, &quot;browser_version&quot;=&gt;&quot;138&quot;, &quot;version&quot;=&gt;&quot;138&quot;, &quot;browserstack.use_w3c&quot;=&gt;&quot;true&quot;, &quot;name&quot;=&gt;&quot;ElPaisHeaderTranslator&quot;, &quot;build&quot;=&gt;&quot;browserstack build #8&quot;, &quot;project&quot;=&gt;&quot;BrowserStack Sample&quot;, &quot;browserstack.console&quot;=&gt;&quot;info&quot;, &quot;browserstack.seleniumLogs&quot;=&gt;true} (WARNING: The server did not provide any stacktrace information)
Command duration or timeout: 1.17 seconds
Build info: version: &apos;3.14.0&apos;, revision: &apos;aacccce0&apos;, time: &apos;2018-08-02T20:19:58.91Z&apos;
System info: host: &apos;DESKTOP-RULROEU&apos;, ip: &apos;192.168.1.99&apos;, os.name: &apos;Windows 11&apos;, os.arch: &apos;amd64&apos;, os.version: &apos;10.0&apos;, java.version: &apos;21.0.3&apos;
Driver info: driver.version: RemoteWebDriver
	at org.openqa.selenium.remote.ErrorHandler.createThrowable(ErrorHandler.java:214)
	at org.openqa.selenium.remote.ErrorHandler.throwIfResponseFailed(ErrorHandler.java:166)
	at org.openqa.selenium.remote.JsonWireProtocolResponse.lambda$new$0(JsonWireProtocolResponse.java:53)
	at org.openqa.selenium.remote.JsonWireProtocolResponse.lambda$getResponseFunction$2(JsonWireProtocolResponse.java:91)
	at org.openqa.selenium.remote.ProtocolHandshake.lambda$createSession$0(ProtocolHandshake.java:122)
	at java.base/java.util.stream.ReferencePipeline$3$1.accept(ReferencePipeline.java:197)
	at java.base/java.util.Spliterators$ArraySpliterator.tryAdvance(Spliterators.java:1034)
	at java.base/java.util.stream.ReferencePipeline.forEachWithCancel(ReferencePipeline.java:129)
	at java.base/java.util.stream.AbstractPipeline.copyIntoWithCancel(AbstractPipeline.java:527)
	at java.base/java.util.stream.AbstractPipeline.copyInto(AbstractPipeline.java:513)
	at java.base/java.util.stream.AbstractPipeline.wrapAndCopyInto(AbstractPipeline.java:499)
	at java.base/java.util.stream.FindOps$FindOp.evaluateSequential(FindOps.java:150)
	at java.base/java.util.stream.AbstractPipeline.evaluate(AbstractPipeline.java:234)
	at java.base/java.util.stream.ReferencePipeline.findFirst(ReferencePipeline.java:647)
	at org.openqa.selenium.remote.ProtocolHandshake.createSession(ProtocolHandshake.java:125)
	at org.openqa.selenium.remote.ProtocolHandshake.createSession(ProtocolHandshake.java:73)
	at org.openqa.selenium.remote.HttpCommandExecutor.execute(HttpCommandExecutor.java:136)
	at org.openqa.selenium.remote.RemoteWebDriver.execute(RemoteWebDriver.java:548)
	at org.openqa.selenium.remote.RemoteWebDriver.startSession(RemoteWebDriver.java:212)
	at org.openqa.selenium.remote.RemoteWebDriver.&lt;init&gt;(RemoteWebDriver.java:130)
	at org.openqa.selenium.remote.RemoteWebDriver.&lt;init&gt;(RemoteWebDriver.java:143)
	at testcases.BrowserStackBaseTest.setup(BrowserStackBaseTest.java:61)
	at java.base/java.util.ArrayList.forEach(ArrayList.java:1596)
	at java.base/java.util.concurrent.FutureTask.run(FutureTask.java:317)
	at java.base/java.util.concurrent.ThreadPoolExecutor.runWorker(ThreadPoolExecutor.java:1144)
	at java.base/java.util.concurrent.ThreadPoolExecutor$Worker.run(ThreadPoolExecutor.java:642)
	at java.base/java.lang.Thread.run(Thread.java:1583)
... Removed 22 stack frames</pre></div><a href='#' onClick='toggleBox("stack-trace1277503270", this, "Click to show all stack frames", "Click to hide stack frames")'>Click to show all stack frames</a>
<div class='stack-trace' id='stack-trace1277503270'><pre>org.openqa.selenium.WebDriverException: OS/Browser combination invalid: {&quot;browserName&quot;=&gt;&quot;Safari&quot;, &quot;bstack:options&quot;=&gt;{&quot;buildName&quot;=&gt;&quot;browserstack build #8&quot;, &quot;debug&quot;=&gt;true, &quot;os&quot;=&gt;&quot;OS X&quot;, &quot;osVersion&quot;=&gt;&quot;Ventura&quot;, &quot;browserVersion&quot;=&gt;&quot;138&quot;, &quot;sessionName&quot;=&gt;&quot;ElPaisHeaderTranslator&quot;, &quot;consoleLogs&quot;=&gt;&quot;info&quot;, &quot;networkLogs&quot;=&gt;true, &quot;projectName&quot;=&gt;&quot;BrowserStack Sample&quot;, &quot;buildIdentifier&quot;=&gt;&quot;#8&quot;, &quot;hostName&quot;=&gt;&quot;DESKTOP-RULROEU&quot;, &quot;browserstackSDK&quot;=&gt;&quot;TestNG-javaagent/1.38.1&quot;, &quot;buildProductMap&quot;=&gt;{&quot;observability&quot;=&gt;true, &quot;accessibility&quot;=&gt;false, &quot;percy&quot;=&gt;false, &quot;automate&quot;=&gt;true, &quot;app_automate&quot;=&gt;false}, &quot;useW3C&quot;=&gt;true, &quot;accessibilityOptions&quot;=&gt;{}, &quot;testhubBuildUuid&quot;=&gt;&quot;vkmu2sccc4crfei8hcc8mwpvkdewa2y9ua5baf6m&quot;}, &quot;browserstack.is_hub_canary&quot;=&gt;false, &quot;acceptSslCert&quot;=&gt;false, &quot;detected_language&quot;=&gt;&quot;selenium/3.14.0 (java windows)&quot;, &quot;new_bucketing&quot;=&gt;true, &quot;browser&quot;=&gt;&quot;Safari&quot;, &quot;buildName&quot;=&gt;&quot;browserstack build #8&quot;, &quot;browserstack.debug&quot;=&gt;&quot;true&quot;, &quot;os&quot;=&gt;&quot;OS X&quot;, &quot;osVersion&quot;=&gt;&quot;Ventura&quot;, &quot;browserVersion&quot;=&gt;&quot;138&quot;, &quot;sessionName&quot;=&gt;&quot;ElPaisHeaderTranslator&quot;, &quot;browserstack.consoleLogs&quot;=&gt;&quot;info&quot;, &quot;browserstack.networkLogs&quot;=&gt;&quot;true&quot;, &quot;projectName&quot;=&gt;&quot;BrowserStack Sample&quot;, &quot;browserstack.buildIdentifier&quot;=&gt;&quot;#8&quot;, &quot;browserstack.hostName&quot;=&gt;&quot;DESKTOP-RULROEU&quot;, &quot;browserstack.browserstackSDK&quot;=&gt;&quot;TestNG-javaagent/1.38.1&quot;, &quot;browserstack.buildProductMap.observability&quot;=&gt;true, &quot;browserstack.buildProductMap.accessibility&quot;=&gt;false, &quot;browserstack.buildProductMap.percy&quot;=&gt;false, &quot;browserstack.buildProductMap.automate&quot;=&gt;true, &quot;browserstack.buildProductMap.app_automate&quot;=&gt;false, &quot;browserstack.useW3C&quot;=&gt;&quot;true&quot;, &quot;browserstack.testhubBuildUuid&quot;=&gt;&quot;vkmu2sccc4crfei8hcc8mwpvkdewa2y9ua5baf6m&quot;, &quot;os_version&quot;=&gt;&quot;Ventura&quot;, &quot;browser_name&quot;=&gt;&quot;Safari&quot;, &quot;browser_version&quot;=&gt;&quot;138&quot;, &quot;version&quot;=&gt;&quot;138&quot;, &quot;browserstack.use_w3c&quot;=&gt;&quot;true&quot;, &quot;name&quot;=&gt;&quot;ElPaisHeaderTranslator&quot;, &quot;build&quot;=&gt;&quot;browserstack build #8&quot;, &quot;project&quot;=&gt;&quot;BrowserStack Sample&quot;, &quot;browserstack.console&quot;=&gt;&quot;info&quot;, &quot;browserstack.seleniumLogs&quot;=&gt;true} (WARNING: The server did not provide any stacktrace information)
Command duration or timeout: 1.17 seconds
Build info: version: &apos;3.14.0&apos;, revision: &apos;aacccce0&apos;, time: &apos;2018-08-02T20:19:58.91Z&apos;
System info: host: &apos;DESKTOP-RULROEU&apos;, ip: &apos;192.168.1.99&apos;, os.name: &apos;Windows 11&apos;, os.arch: &apos;amd64&apos;, os.version: &apos;10.0&apos;, java.version: &apos;21.0.3&apos;
Driver info: driver.version: RemoteWebDriver
	at java.base/jdk.internal.reflect.DirectConstructorHandleAccessor.newInstance(DirectConstructorHandleAccessor.java:62)
	at java.base/java.lang.reflect.Constructor.newInstanceWithCaller(Constructor.java:502)
	at java.base/java.lang.reflect.Constructor.newInstance(Constructor.java:486)
	at org.openqa.selenium.remote.ErrorHandler.createThrowable(ErrorHandler.java:214)
	at org.openqa.selenium.remote.ErrorHandler.throwIfResponseFailed(ErrorHandler.java:166)
	at org.openqa.selenium.remote.JsonWireProtocolResponse.lambda$new$0(JsonWireProtocolResponse.java:53)
	at org.openqa.selenium.remote.JsonWireProtocolResponse.lambda$getResponseFunction$2(JsonWireProtocolResponse.java:91)
	at org.openqa.selenium.remote.ProtocolHandshake.lambda$createSession$0(ProtocolHandshake.java:122)
	at java.base/java.util.stream.ReferencePipeline$3$1.accept(ReferencePipeline.java:197)
	at java.base/java.util.Spliterators$ArraySpliterator.tryAdvance(Spliterators.java:1034)
	at java.base/java.util.stream.ReferencePipeline.forEachWithCancel(ReferencePipeline.java:129)
	at java.base/java.util.stream.AbstractPipeline.copyIntoWithCancel(AbstractPipeline.java:527)
	at java.base/java.util.stream.AbstractPipeline.copyInto(AbstractPipeline.java:513)
	at java.base/java.util.stream.AbstractPipeline.wrapAndCopyInto(AbstractPipeline.java:499)
	at java.base/java.util.stream.FindOps$FindOp.evaluateSequential(FindOps.java:150)
	at java.base/java.util.stream.AbstractPipeline.evaluate(AbstractPipeline.java:234)
	at java.base/java.util.stream.ReferencePipeline.findFirst(ReferencePipeline.java:647)
	at org.openqa.selenium.remote.ProtocolHandshake.createSession(ProtocolHandshake.java:125)
	at org.openqa.selenium.remote.ProtocolHandshake.createSession(ProtocolHandshake.java:73)
	at org.openqa.selenium.remote.HttpCommandExecutor.execute(HttpCommandExecutor.java:136)
	at org.openqa.selenium.remote.RemoteWebDriver.execute(RemoteWebDriver.java:548)
	at org.openqa.selenium.remote.RemoteWebDriver.startSession(RemoteWebDriver.java:212)
	at org.openqa.selenium.remote.RemoteWebDriver.&lt;init&gt;(RemoteWebDriver.java:130)
	at org.openqa.selenium.remote.RemoteWebDriver.&lt;init&gt;(RemoteWebDriver.java:143)
	at testcases.BrowserStackBaseTest.setup(BrowserStackBaseTest.java:61)
	at java.base/jdk.internal.reflect.DirectMethodHandleAccessor.invoke(DirectMethodHandleAccessor.java:103)
	at java.base/java.lang.reflect.Method.invoke(Method.java:580)
	at org.testng.internal.invokers.MethodInvocationHelper.invokeMethod(MethodInvocationHelper.java:141)
	at org.testng.internal.invokers.MethodInvocationHelper.invokeMethodConsideringTimeout(MethodInvocationHelper.java:71)
	at org.testng.internal.invokers.ConfigInvoker.invokeConfigurationMethod(ConfigInvoker.java:400)
	at org.testng.internal.invokers.ConfigInvoker.invokeConfigurations(ConfigInvoker.java:333)
	at org.testng.internal.invokers.TestInvoker.runConfigMethods(TestInvoker.java:833)
	at org.testng.internal.invokers.TestInvoker.invokeMethod(TestInvoker.java:600)
	at org.testng.internal.invokers.TestInvoker.invokeTestMethod(TestInvoker.java:230)
	at org.testng.internal.invokers.MethodRunner.runInSequence(MethodRunner.java:63)
	at org.testng.internal.invokers.TestInvoker$MethodInvocationAgent.invoke(TestInvoker.java:992)
	at org.testng.internal.invokers.TestInvoker.invokeTestMethods(TestInvoker.java:203)
	at org.testng.internal.invokers.TestMethodWorker.invokeTestMethods(TestMethodWorker.java:154)
	at org.testng.internal.invokers.TestMethodWorker.run(TestMethodWorker.java:134)
	at java.base/java.util.ArrayList.forEach(ArrayList.java:1596)
	at org.testng.TestRunner.privateRun(TestRunner.java:739)
	at org.testng.TestRunner.run(TestRunner.java:614)
	at org.testng.SuiteRunner.runTest(SuiteRunner.java:421)
	at org.testng.SuiteRunner$SuiteWorker.run(SuiteRunner.java:463)
	at org.testng.internal.thread.ThreadUtil.lambda$execute$0(ThreadUtil.java:64)
	at java.base/java.util.concurrent.FutureTask.run(FutureTask.java:317)
	at java.base/java.util.concurrent.ThreadPoolExecutor.runWorker(ThreadPoolExecutor.java:1144)
	at java.base/java.util.concurrent.ThreadPoolExecutor$Worker.run(ThreadPoolExecutor.java:642)
	at java.base/java.lang.Thread.run(Thread.java:1583)
</pre></div></td>
<td>0</td>
<td>testcases.ElPaisHeaderTranslator@6ada9c0c</td></tr>
<tr>
<td title='testcases.ElPaisHeaderAnalyzerOccurence.analyzeTranslatedHeaders()'><b>analyzeTranslatedHeaders</b><br>Test class: testcases.ElPaisHeaderAnalyzerOccurence</td>
<td><div><pre>org.openqa.selenium.WebDriverException: OS/Browser combination invalid: {&quot;browserName&quot;=&gt;&quot;Safari&quot;, &quot;bstack:options&quot;=&gt;{&quot;buildName&quot;=&gt;&quot;browserstack build #8&quot;, &quot;debug&quot;=&gt;true, &quot;os&quot;=&gt;&quot;OS X&quot;, &quot;osVersion&quot;=&gt;&quot;Ventura&quot;, &quot;browserVersion&quot;=&gt;&quot;138&quot;, &quot;sessionName&quot;=&gt;&quot;ElPaisHeaderAnalyzerOccurence&quot;, &quot;consoleLogs&quot;=&gt;&quot;info&quot;, &quot;networkLogs&quot;=&gt;true, &quot;projectName&quot;=&gt;&quot;BrowserStack Sample&quot;, &quot;buildIdentifier&quot;=&gt;&quot;#8&quot;, &quot;hostName&quot;=&gt;&quot;DESKTOP-RULROEU&quot;, &quot;browserstackSDK&quot;=&gt;&quot;TestNG-javaagent/1.38.1&quot;, &quot;buildProductMap&quot;=&gt;{&quot;observability&quot;=&gt;true, &quot;accessibility&quot;=&gt;false, &quot;percy&quot;=&gt;false, &quot;automate&quot;=&gt;true, &quot;app_automate&quot;=&gt;false}, &quot;useW3C&quot;=&gt;true, &quot;accessibilityOptions&quot;=&gt;{}, &quot;testhubBuildUuid&quot;=&gt;&quot;vkmu2sccc4crfei8hcc8mwpvkdewa2y9ua5baf6m&quot;}, &quot;browserstack.is_hub_canary&quot;=&gt;false, &quot;acceptSslCert&quot;=&gt;false, &quot;detected_language&quot;=&gt;&quot;selenium/3.14.0 (java windows)&quot;, &quot;new_bucketing&quot;=&gt;true, &quot;browser&quot;=&gt;&quot;Safari&quot;, &quot;buildName&quot;=&gt;&quot;browserstack build #8&quot;, &quot;browserstack.debug&quot;=&gt;&quot;true&quot;, &quot;os&quot;=&gt;&quot;OS X&quot;, &quot;osVersion&quot;=&gt;&quot;Ventura&quot;, &quot;browserVersion&quot;=&gt;&quot;138&quot;, &quot;sessionName&quot;=&gt;&quot;ElPaisHeaderAnalyzerOccurence&quot;, &quot;browserstack.consoleLogs&quot;=&gt;&quot;info&quot;, &quot;browserstack.networkLogs&quot;=&gt;&quot;true&quot;, &quot;projectName&quot;=&gt;&quot;BrowserStack Sample&quot;, &quot;browserstack.buildIdentifier&quot;=&gt;&quot;#8&quot;, &quot;browserstack.hostName&quot;=&gt;&quot;DESKTOP-RULROEU&quot;, &quot;browserstack.browserstackSDK&quot;=&gt;&quot;TestNG-javaagent/1.38.1&quot;, &quot;browserstack.buildProductMap.observability&quot;=&gt;true, &quot;browserstack.buildProductMap.accessibility&quot;=&gt;false, &quot;browserstack.buildProductMap.percy&quot;=&gt;false, &quot;browserstack.buildProductMap.automate&quot;=&gt;true, &quot;browserstack.buildProductMap.app_automate&quot;=&gt;false, &quot;browserstack.useW3C&quot;=&gt;&quot;true&quot;, &quot;browserstack.testhubBuildUuid&quot;=&gt;&quot;vkmu2sccc4crfei8hcc8mwpvkdewa2y9ua5baf6m&quot;, &quot;os_version&quot;=&gt;&quot;Ventura&quot;, &quot;browser_name&quot;=&gt;&quot;Safari&quot;, &quot;browser_version&quot;=&gt;&quot;138&quot;, &quot;version&quot;=&gt;&quot;138&quot;, &quot;browserstack.use_w3c&quot;=&gt;&quot;true&quot;, &quot;name&quot;=&gt;&quot;ElPaisHeaderAnalyzerOccurence&quot;, &quot;build&quot;=&gt;&quot;browserstack build #8&quot;, &quot;project&quot;=&gt;&quot;BrowserStack Sample&quot;, &quot;browserstack.console&quot;=&gt;&quot;info&quot;, &quot;browserstack.seleniumLogs&quot;=&gt;true} (WARNING: The server did not provide any stacktrace information)
Command duration or timeout: 1.17 seconds
Build info: version: &apos;3.14.0&apos;, revision: &apos;aacccce0&apos;, time: &apos;2018-08-02T20:19:58.91Z&apos;
System info: host: &apos;DESKTOP-RULROEU&apos;, ip: &apos;192.168.1.99&apos;, os.name: &apos;Windows 11&apos;, os.arch: &apos;amd64&apos;, os.version: &apos;10.0&apos;, java.version: &apos;21.0.3&apos;
Driver info: driver.version: RemoteWebDriver
	at org.openqa.selenium.remote.ErrorHandler.createThrowable(ErrorHandler.java:214)
	at org.openqa.selenium.remote.ErrorHandler.throwIfResponseFailed(ErrorHandler.java:166)
	at org.openqa.selenium.remote.JsonWireProtocolResponse.lambda$new$0(JsonWireProtocolResponse.java:53)
	at org.openqa.selenium.remote.JsonWireProtocolResponse.lambda$getResponseFunction$2(JsonWireProtocolResponse.java:91)
	at org.openqa.selenium.remote.ProtocolHandshake.lambda$createSession$0(ProtocolHandshake.java:122)
	at java.base/java.util.stream.ReferencePipeline$3$1.accept(ReferencePipeline.java:197)
	at java.base/java.util.Spliterators$ArraySpliterator.tryAdvance(Spliterators.java:1034)
	at java.base/java.util.stream.ReferencePipeline.forEachWithCancel(ReferencePipeline.java:129)
	at java.base/java.util.stream.AbstractPipeline.copyIntoWithCancel(AbstractPipeline.java:527)
	at java.base/java.util.stream.AbstractPipeline.copyInto(AbstractPipeline.java:513)
	at java.base/java.util.stream.AbstractPipeline.wrapAndCopyInto(AbstractPipeline.java:499)
	at java.base/java.util.stream.FindOps$FindOp.evaluateSequential(FindOps.java:150)
	at java.base/java.util.stream.AbstractPipeline.evaluate(AbstractPipeline.java:234)
	at java.base/java.util.stream.ReferencePipeline.findFirst(ReferencePipeline.java:647)
	at org.openqa.selenium.remote.ProtocolHandshake.createSession(ProtocolHandshake.java:125)
	at org.openqa.selenium.remote.ProtocolHandshake.createSession(ProtocolHandshake.java:73)
	at org.openqa.selenium.remote.HttpCommandExecutor.execute(HttpCommandExecutor.java:136)
	at org.openqa.selenium.remote.RemoteWebDriver.execute(RemoteWebDriver.java:548)
	at org.openqa.selenium.remote.RemoteWebDriver.startSession(RemoteWebDriver.java:212)
	at org.openqa.selenium.remote.RemoteWebDriver.&lt;init&gt;(RemoteWebDriver.java:130)
	at org.openqa.selenium.remote.RemoteWebDriver.&lt;init&gt;(RemoteWebDriver.java:143)
	at testcases.BrowserStackBaseTest.setup(BrowserStackBaseTest.java:61)
	at java.base/java.util.ArrayList.forEach(ArrayList.java:1596)
	at java.base/java.util.concurrent.FutureTask.run(FutureTask.java:317)
	at java.base/java.util.concurrent.ThreadPoolExecutor.runWorker(ThreadPoolExecutor.java:1144)
	at java.base/java.util.concurrent.ThreadPoolExecutor$Worker.run(ThreadPoolExecutor.java:642)
	at java.base/java.lang.Thread.run(Thread.java:1583)
... Removed 22 stack frames</pre></div><a href='#' onClick='toggleBox("stack-trace1112183641", this, "Click to show all stack frames", "Click to hide stack frames")'>Click to show all stack frames</a>
<div class='stack-trace' id='stack-trace1112183641'><pre>org.openqa.selenium.WebDriverException: OS/Browser combination invalid: {&quot;browserName&quot;=&gt;&quot;Safari&quot;, &quot;bstack:options&quot;=&gt;{&quot;buildName&quot;=&gt;&quot;browserstack build #8&quot;, &quot;debug&quot;=&gt;true, &quot;os&quot;=&gt;&quot;OS X&quot;, &quot;osVersion&quot;=&gt;&quot;Ventura&quot;, &quot;browserVersion&quot;=&gt;&quot;138&quot;, &quot;sessionName&quot;=&gt;&quot;ElPaisHeaderAnalyzerOccurence&quot;, &quot;consoleLogs&quot;=&gt;&quot;info&quot;, &quot;networkLogs&quot;=&gt;true, &quot;projectName&quot;=&gt;&quot;BrowserStack Sample&quot;, &quot;buildIdentifier&quot;=&gt;&quot;#8&quot;, &quot;hostName&quot;=&gt;&quot;DESKTOP-RULROEU&quot;, &quot;browserstackSDK&quot;=&gt;&quot;TestNG-javaagent/1.38.1&quot;, &quot;buildProductMap&quot;=&gt;{&quot;observability&quot;=&gt;true, &quot;accessibility&quot;=&gt;false, &quot;percy&quot;=&gt;false, &quot;automate&quot;=&gt;true, &quot;app_automate&quot;=&gt;false}, &quot;useW3C&quot;=&gt;true, &quot;accessibilityOptions&quot;=&gt;{}, &quot;testhubBuildUuid&quot;=&gt;&quot;vkmu2sccc4crfei8hcc8mwpvkdewa2y9ua5baf6m&quot;}, &quot;browserstack.is_hub_canary&quot;=&gt;false, &quot;acceptSslCert&quot;=&gt;false, &quot;detected_language&quot;=&gt;&quot;selenium/3.14.0 (java windows)&quot;, &quot;new_bucketing&quot;=&gt;true, &quot;browser&quot;=&gt;&quot;Safari&quot;, &quot;buildName&quot;=&gt;&quot;browserstack build #8&quot;, &quot;browserstack.debug&quot;=&gt;&quot;true&quot;, &quot;os&quot;=&gt;&quot;OS X&quot;, &quot;osVersion&quot;=&gt;&quot;Ventura&quot;, &quot;browserVersion&quot;=&gt;&quot;138&quot;, &quot;sessionName&quot;=&gt;&quot;ElPaisHeaderAnalyzerOccurence&quot;, &quot;browserstack.consoleLogs&quot;=&gt;&quot;info&quot;, &quot;browserstack.networkLogs&quot;=&gt;&quot;true&quot;, &quot;projectName&quot;=&gt;&quot;BrowserStack Sample&quot;, &quot;browserstack.buildIdentifier&quot;=&gt;&quot;#8&quot;, &quot;browserstack.hostName&quot;=&gt;&quot;DESKTOP-RULROEU&quot;, &quot;browserstack.browserstackSDK&quot;=&gt;&quot;TestNG-javaagent/1.38.1&quot;, &quot;browserstack.buildProductMap.observability&quot;=&gt;true, &quot;browserstack.buildProductMap.accessibility&quot;=&gt;false, &quot;browserstack.buildProductMap.percy&quot;=&gt;false, &quot;browserstack.buildProductMap.automate&quot;=&gt;true, &quot;browserstack.buildProductMap.app_automate&quot;=&gt;false, &quot;browserstack.useW3C&quot;=&gt;&quot;true&quot;, &quot;browserstack.testhubBuildUuid&quot;=&gt;&quot;vkmu2sccc4crfei8hcc8mwpvkdewa2y9ua5baf6m&quot;, &quot;os_version&quot;=&gt;&quot;Ventura&quot;, &quot;browser_name&quot;=&gt;&quot;Safari&quot;, &quot;browser_version&quot;=&gt;&quot;138&quot;, &quot;version&quot;=&gt;&quot;138&quot;, &quot;browserstack.use_w3c&quot;=&gt;&quot;true&quot;, &quot;name&quot;=&gt;&quot;ElPaisHeaderAnalyzerOccurence&quot;, &quot;build&quot;=&gt;&quot;browserstack build #8&quot;, &quot;project&quot;=&gt;&quot;BrowserStack Sample&quot;, &quot;browserstack.console&quot;=&gt;&quot;info&quot;, &quot;browserstack.seleniumLogs&quot;=&gt;true} (WARNING: The server did not provide any stacktrace information)
Command duration or timeout: 1.17 seconds
Build info: version: &apos;3.14.0&apos;, revision: &apos;aacccce0&apos;, time: &apos;2018-08-02T20:19:58.91Z&apos;
System info: host: &apos;DESKTOP-RULROEU&apos;, ip: &apos;192.168.1.99&apos;, os.name: &apos;Windows 11&apos;, os.arch: &apos;amd64&apos;, os.version: &apos;10.0&apos;, java.version: &apos;21.0.3&apos;
Driver info: driver.version: RemoteWebDriver
	at java.base/jdk.internal.reflect.DirectConstructorHandleAccessor.newInstance(DirectConstructorHandleAccessor.java:62)
	at java.base/java.lang.reflect.Constructor.newInstanceWithCaller(Constructor.java:502)
	at java.base/java.lang.reflect.Constructor.newInstance(Constructor.java:486)
	at org.openqa.selenium.remote.ErrorHandler.createThrowable(ErrorHandler.java:214)
	at org.openqa.selenium.remote.ErrorHandler.throwIfResponseFailed(ErrorHandler.java:166)
	at org.openqa.selenium.remote.JsonWireProtocolResponse.lambda$new$0(JsonWireProtocolResponse.java:53)
	at org.openqa.selenium.remote.JsonWireProtocolResponse.lambda$getResponseFunction$2(JsonWireProtocolResponse.java:91)
	at org.openqa.selenium.remote.ProtocolHandshake.lambda$createSession$0(ProtocolHandshake.java:122)
	at java.base/java.util.stream.ReferencePipeline$3$1.accept(ReferencePipeline.java:197)
	at java.base/java.util.Spliterators$ArraySpliterator.tryAdvance(Spliterators.java:1034)
	at java.base/java.util.stream.ReferencePipeline.forEachWithCancel(ReferencePipeline.java:129)
	at java.base/java.util.stream.AbstractPipeline.copyIntoWithCancel(AbstractPipeline.java:527)
	at java.base/java.util.stream.AbstractPipeline.copyInto(AbstractPipeline.java:513)
	at java.base/java.util.stream.AbstractPipeline.wrapAndCopyInto(AbstractPipeline.java:499)
	at java.base/java.util.stream.FindOps$FindOp.evaluateSequential(FindOps.java:150)
	at java.base/java.util.stream.AbstractPipeline.evaluate(AbstractPipeline.java:234)
	at java.base/java.util.stream.ReferencePipeline.findFirst(ReferencePipeline.java:647)
	at org.openqa.selenium.remote.ProtocolHandshake.createSession(ProtocolHandshake.java:125)
	at org.openqa.selenium.remote.ProtocolHandshake.createSession(ProtocolHandshake.java:73)
	at org.openqa.selenium.remote.HttpCommandExecutor.execute(HttpCommandExecutor.java:136)
	at org.openqa.selenium.remote.RemoteWebDriver.execute(RemoteWebDriver.java:548)
	at org.openqa.selenium.remote.RemoteWebDriver.startSession(RemoteWebDriver.java:212)
	at org.openqa.selenium.remote.RemoteWebDriver.&lt;init&gt;(RemoteWebDriver.java:130)
	at org.openqa.selenium.remote.RemoteWebDriver.&lt;init&gt;(RemoteWebDriver.java:143)
	at testcases.BrowserStackBaseTest.setup(BrowserStackBaseTest.java:61)
	at java.base/jdk.internal.reflect.DirectMethodHandleAccessor.invoke(DirectMethodHandleAccessor.java:103)
	at java.base/java.lang.reflect.Method.invoke(Method.java:580)
	at org.testng.internal.invokers.MethodInvocationHelper.invokeMethod(MethodInvocationHelper.java:141)
	at org.testng.internal.invokers.MethodInvocationHelper.invokeMethodConsideringTimeout(MethodInvocationHelper.java:71)
	at org.testng.internal.invokers.ConfigInvoker.invokeConfigurationMethod(ConfigInvoker.java:400)
	at org.testng.internal.invokers.ConfigInvoker.invokeConfigurations(ConfigInvoker.java:333)
	at org.testng.internal.invokers.TestInvoker.runConfigMethods(TestInvoker.java:833)
	at org.testng.internal.invokers.TestInvoker.invokeMethod(TestInvoker.java:600)
	at org.testng.internal.invokers.TestInvoker.invokeTestMethod(TestInvoker.java:230)
	at org.testng.internal.invokers.MethodRunner.runInSequence(MethodRunner.java:63)
	at org.testng.internal.invokers.TestInvoker$MethodInvocationAgent.invoke(TestInvoker.java:992)
	at org.testng.internal.invokers.TestInvoker.invokeTestMethods(TestInvoker.java:203)
	at org.testng.internal.invokers.TestMethodWorker.invokeTestMethods(TestMethodWorker.java:154)
	at org.testng.internal.invokers.TestMethodWorker.run(TestMethodWorker.java:134)
	at java.base/java.util.ArrayList.forEach(ArrayList.java:1596)
	at org.testng.TestRunner.privateRun(TestRunner.java:739)
	at org.testng.TestRunner.run(TestRunner.java:614)
	at org.testng.SuiteRunner.runTest(SuiteRunner.java:421)
	at org.testng.SuiteRunner$SuiteWorker.run(SuiteRunner.java:463)
	at org.testng.internal.thread.ThreadUtil.lambda$execute$0(ThreadUtil.java:64)
	at java.base/java.util.concurrent.FutureTask.run(FutureTask.java:317)
	at java.base/java.util.concurrent.ThreadPoolExecutor.runWorker(ThreadPoolExecutor.java:1144)
	at java.base/java.util.concurrent.ThreadPoolExecutor$Worker.run(ThreadPoolExecutor.java:642)
	at java.base/java.lang.Thread.run(Thread.java:1583)
</pre></div></td>
<td>0</td>
<td>testcases.ElPaisHeaderAnalyzerOccurence@7412ed6b</td></tr>
<tr>
<td title='testcases.ElPaisScraperTest.scrapeOpinionArticles()'><b>scrapeOpinionArticles</b><br>Test class: testcases.ElPaisScraperTest</td>
<td><div><pre>org.openqa.selenium.WebDriverException: OS/Browser combination invalid: {&quot;browserName&quot;=&gt;&quot;Safari&quot;, &quot;bstack:options&quot;=&gt;{&quot;buildName&quot;=&gt;&quot;browserstack build #8&quot;, &quot;debug&quot;=&gt;true, &quot;os&quot;=&gt;&quot;OS X&quot;, &quot;osVersion&quot;=&gt;&quot;Ventura&quot;, &quot;browserVersion&quot;=&gt;&quot;138&quot;, &quot;sessionName&quot;=&gt;&quot;ElPaisScraperTest&quot;, &quot;consoleLogs&quot;=&gt;&quot;info&quot;, &quot;networkLogs&quot;=&gt;true, &quot;projectName&quot;=&gt;&quot;BrowserStack Sample&quot;, &quot;buildIdentifier&quot;=&gt;&quot;#8&quot;, &quot;hostName&quot;=&gt;&quot;DESKTOP-RULROEU&quot;, &quot;browserstackSDK&quot;=&gt;&quot;TestNG-javaagent/1.38.1&quot;, &quot;buildProductMap&quot;=&gt;{&quot;observability&quot;=&gt;true, &quot;accessibility&quot;=&gt;false, &quot;percy&quot;=&gt;false, &quot;automate&quot;=&gt;true, &quot;app_automate&quot;=&gt;false}, &quot;useW3C&quot;=&gt;true, &quot;accessibilityOptions&quot;=&gt;{}, &quot;testhubBuildUuid&quot;=&gt;&quot;vkmu2sccc4crfei8hcc8mwpvkdewa2y9ua5baf6m&quot;}, &quot;browserstack.is_hub_canary&quot;=&gt;false, &quot;acceptSslCert&quot;=&gt;false, &quot;detected_language&quot;=&gt;&quot;selenium/3.14.0 (java windows)&quot;, &quot;new_bucketing&quot;=&gt;true, &quot;browser&quot;=&gt;&quot;Safari&quot;, &quot;buildName&quot;=&gt;&quot;browserstack build #8&quot;, &quot;browserstack.debug&quot;=&gt;&quot;true&quot;, &quot;os&quot;=&gt;&quot;OS X&quot;, &quot;osVersion&quot;=&gt;&quot;Ventura&quot;, &quot;browserVersion&quot;=&gt;&quot;138&quot;, &quot;sessionName&quot;=&gt;&quot;ElPaisScraperTest&quot;, &quot;browserstack.consoleLogs&quot;=&gt;&quot;info&quot;, &quot;browserstack.networkLogs&quot;=&gt;&quot;true&quot;, &quot;projectName&quot;=&gt;&quot;BrowserStack Sample&quot;, &quot;browserstack.buildIdentifier&quot;=&gt;&quot;#8&quot;, &quot;browserstack.hostName&quot;=&gt;&quot;DESKTOP-RULROEU&quot;, &quot;browserstack.browserstackSDK&quot;=&gt;&quot;TestNG-javaagent/1.38.1&quot;, &quot;browserstack.buildProductMap.observability&quot;=&gt;true, &quot;browserstack.buildProductMap.accessibility&quot;=&gt;false, &quot;browserstack.buildProductMap.percy&quot;=&gt;false, &quot;browserstack.buildProductMap.automate&quot;=&gt;true, &quot;browserstack.buildProductMap.app_automate&quot;=&gt;false, &quot;browserstack.useW3C&quot;=&gt;&quot;true&quot;, &quot;browserstack.testhubBuildUuid&quot;=&gt;&quot;vkmu2sccc4crfei8hcc8mwpvkdewa2y9ua5baf6m&quot;, &quot;os_version&quot;=&gt;&quot;Ventura&quot;, &quot;browser_name&quot;=&gt;&quot;Safari&quot;, &quot;browser_version&quot;=&gt;&quot;138&quot;, &quot;version&quot;=&gt;&quot;138&quot;, &quot;browserstack.use_w3c&quot;=&gt;&quot;true&quot;, &quot;name&quot;=&gt;&quot;ElPaisScraperTest&quot;, &quot;build&quot;=&gt;&quot;browserstack build #8&quot;, &quot;project&quot;=&gt;&quot;BrowserStack Sample&quot;, &quot;browserstack.console&quot;=&gt;&quot;info&quot;, &quot;browserstack.seleniumLogs&quot;=&gt;true} (WARNING: The server did not provide any stacktrace information)
Command duration or timeout: 1.37 seconds
Build info: version: &apos;3.14.0&apos;, revision: &apos;aacccce0&apos;, time: &apos;2018-08-02T20:19:58.91Z&apos;
System info: host: &apos;DESKTOP-RULROEU&apos;, ip: &apos;192.168.1.99&apos;, os.name: &apos;Windows 11&apos;, os.arch: &apos;amd64&apos;, os.version: &apos;10.0&apos;, java.version: &apos;21.0.3&apos;
Driver info: driver.version: RemoteWebDriver
	at org.openqa.selenium.remote.ErrorHandler.createThrowable(ErrorHandler.java:214)
	at org.openqa.selenium.remote.ErrorHandler.throwIfResponseFailed(ErrorHandler.java:166)
	at org.openqa.selenium.remote.JsonWireProtocolResponse.lambda$new$0(JsonWireProtocolResponse.java:53)
	at org.openqa.selenium.remote.JsonWireProtocolResponse.lambda$getResponseFunction$2(JsonWireProtocolResponse.java:91)
	at org.openqa.selenium.remote.ProtocolHandshake.lambda$createSession$0(ProtocolHandshake.java:122)
	at java.base/java.util.stream.ReferencePipeline$3$1.accept(ReferencePipeline.java:197)
	at java.base/java.util.Spliterators$ArraySpliterator.tryAdvance(Spliterators.java:1034)
	at java.base/java.util.stream.ReferencePipeline.forEachWithCancel(ReferencePipeline.java:129)
	at java.base/java.util.stream.AbstractPipeline.copyIntoWithCancel(AbstractPipeline.java:527)
	at java.base/java.util.stream.AbstractPipeline.copyInto(AbstractPipeline.java:513)
	at java.base/java.util.stream.AbstractPipeline.wrapAndCopyInto(AbstractPipeline.java:499)
	at java.base/java.util.stream.FindOps$FindOp.evaluateSequential(FindOps.java:150)
	at java.base/java.util.stream.AbstractPipeline.evaluate(AbstractPipeline.java:234)
	at java.base/java.util.stream.ReferencePipeline.findFirst(ReferencePipeline.java:647)
	at org.openqa.selenium.remote.ProtocolHandshake.createSession(ProtocolHandshake.java:125)
	at org.openqa.selenium.remote.ProtocolHandshake.createSession(ProtocolHandshake.java:73)
	at org.openqa.selenium.remote.HttpCommandExecutor.execute(HttpCommandExecutor.java:136)
	at org.openqa.selenium.remote.RemoteWebDriver.execute(RemoteWebDriver.java:548)
	at org.openqa.selenium.remote.RemoteWebDriver.startSession(RemoteWebDriver.java:212)
	at org.openqa.selenium.remote.RemoteWebDriver.&lt;init&gt;(RemoteWebDriver.java:130)
	at org.openqa.selenium.remote.RemoteWebDriver.&lt;init&gt;(RemoteWebDriver.java:143)
	at testcases.BrowserStackBaseTest.setup(BrowserStackBaseTest.java:61)
	at java.base/java.util.ArrayList.forEach(ArrayList.java:1596)
	at java.base/java.util.concurrent.FutureTask.run(FutureTask.java:317)
	at java.base/java.util.concurrent.ThreadPoolExecutor.runWorker(ThreadPoolExecutor.java:1144)
	at java.base/java.util.concurrent.ThreadPoolExecutor$Worker.run(ThreadPoolExecutor.java:642)
	at java.base/java.lang.Thread.run(Thread.java:1583)
... Removed 22 stack frames</pre></div><a href='#' onClick='toggleBox("stack-trace2131391793", this, "Click to show all stack frames", "Click to hide stack frames")'>Click to show all stack frames</a>
<div class='stack-trace' id='stack-trace2131391793'><pre>org.openqa.selenium.WebDriverException: OS/Browser combination invalid: {&quot;browserName&quot;=&gt;&quot;Safari&quot;, &quot;bstack:options&quot;=&gt;{&quot;buildName&quot;=&gt;&quot;browserstack build #8&quot;, &quot;debug&quot;=&gt;true, &quot;os&quot;=&gt;&quot;OS X&quot;, &quot;osVersion&quot;=&gt;&quot;Ventura&quot;, &quot;browserVersion&quot;=&gt;&quot;138&quot;, &quot;sessionName&quot;=&gt;&quot;ElPaisScraperTest&quot;, &quot;consoleLogs&quot;=&gt;&quot;info&quot;, &quot;networkLogs&quot;=&gt;true, &quot;projectName&quot;=&gt;&quot;BrowserStack Sample&quot;, &quot;buildIdentifier&quot;=&gt;&quot;#8&quot;, &quot;hostName&quot;=&gt;&quot;DESKTOP-RULROEU&quot;, &quot;browserstackSDK&quot;=&gt;&quot;TestNG-javaagent/1.38.1&quot;, &quot;buildProductMap&quot;=&gt;{&quot;observability&quot;=&gt;true, &quot;accessibility&quot;=&gt;false, &quot;percy&quot;=&gt;false, &quot;automate&quot;=&gt;true, &quot;app_automate&quot;=&gt;false}, &quot;useW3C&quot;=&gt;true, &quot;accessibilityOptions&quot;=&gt;{}, &quot;testhubBuildUuid&quot;=&gt;&quot;vkmu2sccc4crfei8hcc8mwpvkdewa2y9ua5baf6m&quot;}, &quot;browserstack.is_hub_canary&quot;=&gt;false, &quot;acceptSslCert&quot;=&gt;false, &quot;detected_language&quot;=&gt;&quot;selenium/3.14.0 (java windows)&quot;, &quot;new_bucketing&quot;=&gt;true, &quot;browser&quot;=&gt;&quot;Safari&quot;, &quot;buildName&quot;=&gt;&quot;browserstack build #8&quot;, &quot;browserstack.debug&quot;=&gt;&quot;true&quot;, &quot;os&quot;=&gt;&quot;OS X&quot;, &quot;osVersion&quot;=&gt;&quot;Ventura&quot;, &quot;browserVersion&quot;=&gt;&quot;138&quot;, &quot;sessionName&quot;=&gt;&quot;ElPaisScraperTest&quot;, &quot;browserstack.consoleLogs&quot;=&gt;&quot;info&quot;, &quot;browserstack.networkLogs&quot;=&gt;&quot;true&quot;, &quot;projectName&quot;=&gt;&quot;BrowserStack Sample&quot;, &quot;browserstack.buildIdentifier&quot;=&gt;&quot;#8&quot;, &quot;browserstack.hostName&quot;=&gt;&quot;DESKTOP-RULROEU&quot;, &quot;browserstack.browserstackSDK&quot;=&gt;&quot;TestNG-javaagent/1.38.1&quot;, &quot;browserstack.buildProductMap.observability&quot;=&gt;true, &quot;browserstack.buildProductMap.accessibility&quot;=&gt;false, &quot;browserstack.buildProductMap.percy&quot;=&gt;false, &quot;browserstack.buildProductMap.automate&quot;=&gt;true, &quot;browserstack.buildProductMap.app_automate&quot;=&gt;false, &quot;browserstack.useW3C&quot;=&gt;&quot;true&quot;, &quot;browserstack.testhubBuildUuid&quot;=&gt;&quot;vkmu2sccc4crfei8hcc8mwpvkdewa2y9ua5baf6m&quot;, &quot;os_version&quot;=&gt;&quot;Ventura&quot;, &quot;browser_name&quot;=&gt;&quot;Safari&quot;, &quot;browser_version&quot;=&gt;&quot;138&quot;, &quot;version&quot;=&gt;&quot;138&quot;, &quot;browserstack.use_w3c&quot;=&gt;&quot;true&quot;, &quot;name&quot;=&gt;&quot;ElPaisScraperTest&quot;, &quot;build&quot;=&gt;&quot;browserstack build #8&quot;, &quot;project&quot;=&gt;&quot;BrowserStack Sample&quot;, &quot;browserstack.console&quot;=&gt;&quot;info&quot;, &quot;browserstack.seleniumLogs&quot;=&gt;true} (WARNING: The server did not provide any stacktrace information)
Command duration or timeout: 1.37 seconds
Build info: version: &apos;3.14.0&apos;, revision: &apos;aacccce0&apos;, time: &apos;2018-08-02T20:19:58.91Z&apos;
System info: host: &apos;DESKTOP-RULROEU&apos;, ip: &apos;192.168.1.99&apos;, os.name: &apos;Windows 11&apos;, os.arch: &apos;amd64&apos;, os.version: &apos;10.0&apos;, java.version: &apos;21.0.3&apos;
Driver info: driver.version: RemoteWebDriver
	at java.base/jdk.internal.reflect.DirectConstructorHandleAccessor.newInstance(DirectConstructorHandleAccessor.java:62)
	at java.base/java.lang.reflect.Constructor.newInstanceWithCaller(Constructor.java:502)
	at java.base/java.lang.reflect.Constructor.newInstance(Constructor.java:486)
	at org.openqa.selenium.remote.ErrorHandler.createThrowable(ErrorHandler.java:214)
	at org.openqa.selenium.remote.ErrorHandler.throwIfResponseFailed(ErrorHandler.java:166)
	at org.openqa.selenium.remote.JsonWireProtocolResponse.lambda$new$0(JsonWireProtocolResponse.java:53)
	at org.openqa.selenium.remote.JsonWireProtocolResponse.lambda$getResponseFunction$2(JsonWireProtocolResponse.java:91)
	at org.openqa.selenium.remote.ProtocolHandshake.lambda$createSession$0(ProtocolHandshake.java:122)
	at java.base/java.util.stream.ReferencePipeline$3$1.accept(ReferencePipeline.java:197)
	at java.base/java.util.Spliterators$ArraySpliterator.tryAdvance(Spliterators.java:1034)
	at java.base/java.util.stream.ReferencePipeline.forEachWithCancel(ReferencePipeline.java:129)
	at java.base/java.util.stream.AbstractPipeline.copyIntoWithCancel(AbstractPipeline.java:527)
	at java.base/java.util.stream.AbstractPipeline.copyInto(AbstractPipeline.java:513)
	at java.base/java.util.stream.AbstractPipeline.wrapAndCopyInto(AbstractPipeline.java:499)
	at java.base/java.util.stream.FindOps$FindOp.evaluateSequential(FindOps.java:150)
	at java.base/java.util.stream.AbstractPipeline.evaluate(AbstractPipeline.java:234)
	at java.base/java.util.stream.ReferencePipeline.findFirst(ReferencePipeline.java:647)
	at org.openqa.selenium.remote.ProtocolHandshake.createSession(ProtocolHandshake.java:125)
	at org.openqa.selenium.remote.ProtocolHandshake.createSession(ProtocolHandshake.java:73)
	at org.openqa.selenium.remote.HttpCommandExecutor.execute(HttpCommandExecutor.java:136)
	at org.openqa.selenium.remote.RemoteWebDriver.execute(RemoteWebDriver.java:548)
	at org.openqa.selenium.remote.RemoteWebDriver.startSession(RemoteWebDriver.java:212)
	at org.openqa.selenium.remote.RemoteWebDriver.&lt;init&gt;(RemoteWebDriver.java:130)
	at org.openqa.selenium.remote.RemoteWebDriver.&lt;init&gt;(RemoteWebDriver.java:143)
	at testcases.BrowserStackBaseTest.setup(BrowserStackBaseTest.java:61)
	at java.base/jdk.internal.reflect.DirectMethodHandleAccessor.invoke(DirectMethodHandleAccessor.java:103)
	at java.base/java.lang.reflect.Method.invoke(Method.java:580)
	at org.testng.internal.invokers.MethodInvocationHelper.invokeMethod(MethodInvocationHelper.java:141)
	at org.testng.internal.invokers.MethodInvocationHelper.invokeMethodConsideringTimeout(MethodInvocationHelper.java:71)
	at org.testng.internal.invokers.ConfigInvoker.invokeConfigurationMethod(ConfigInvoker.java:400)
	at org.testng.internal.invokers.ConfigInvoker.invokeConfigurations(ConfigInvoker.java:333)
	at org.testng.internal.invokers.TestInvoker.runConfigMethods(TestInvoker.java:833)
	at org.testng.internal.invokers.TestInvoker.invokeMethod(TestInvoker.java:600)
	at org.testng.internal.invokers.TestInvoker.invokeTestMethod(TestInvoker.java:230)
	at org.testng.internal.invokers.MethodRunner.runInSequence(MethodRunner.java:63)
	at org.testng.internal.invokers.TestInvoker$MethodInvocationAgent.invoke(TestInvoker.java:992)
	at org.testng.internal.invokers.TestInvoker.invokeTestMethods(TestInvoker.java:203)
	at org.testng.internal.invokers.TestMethodWorker.invokeTestMethods(TestMethodWorker.java:154)
	at org.testng.internal.invokers.TestMethodWorker.run(TestMethodWorker.java:134)
	at java.base/java.util.ArrayList.forEach(ArrayList.java:1596)
	at org.testng.TestRunner.privateRun(TestRunner.java:739)
	at org.testng.TestRunner.run(TestRunner.java:614)
	at org.testng.SuiteRunner.runTest(SuiteRunner.java:421)
	at org.testng.SuiteRunner$SuiteWorker.run(SuiteRunner.java:463)
	at org.testng.internal.thread.ThreadUtil.lambda$execute$0(ThreadUtil.java:64)
	at java.base/java.util.concurrent.FutureTask.run(FutureTask.java:317)
	at java.base/java.util.concurrent.ThreadPoolExecutor.runWorker(ThreadPoolExecutor.java:1144)
	at java.base/java.util.concurrent.ThreadPoolExecutor$Worker.run(ThreadPoolExecutor.java:642)
	at java.base/java.lang.Thread.run(Thread.java:1583)
</pre></div></td>
<td>0</td>
<td>testcases.ElPaisScraperTest@46aa712c</td></tr>
</table><p>
</body>
</html>