<?xml version="1.0" encoding="UTF-8"?>
<!-- Generated by org.testng.reporters.JUnitXMLReporter -->
<testsuite ignored="0" hostname="DESKTOP-RULROEU" failures="0" tests="4" name="Win11 Chrome Test" time="226.384" errors="0" timestamp="2025-07-28T00:06:31 IST">
  <testcase classname="testcases.BrowserStackBaseTest" name="@BeforeMethod setup" time="1.473">
    <failure type="org.openqa.selenium.WebDriverException" message="OS/Browser combination invalid: {&amp;quot;browserName&amp;quot;=&amp;gt;&amp;quot;Safari&amp;quot;, &amp;quot;bstack:options&amp;quot;=&amp;gt;{&amp;quot;buildName&amp;quot;=&amp;gt;&amp;quot;browserstack build #8&amp;quot;, &amp;quot;debug&amp;quot;=&amp;gt;true, &amp;quot;os&amp;quot;=&amp;gt;&amp;quot;OS X&amp;quot;, &amp;quot;osVersion&amp;quot;=&amp;gt;&amp;quot;Ventura&amp;quot;, &amp;quot;browserVersion&amp;quot;=&amp;gt;&amp;quot;138&amp;quot;, &amp;quot;sessionName&amp;quot;=&amp;gt;&amp;quot;ElPaisScraperTest&amp;quot;, &amp;quot;consoleLogs&amp;quot;=&amp;gt;&amp;quot;info&amp;quot;, &amp;quot;networkLogs&amp;quot;=&amp;gt;true, &amp;quot;projectName&amp;quot;=&amp;gt;&amp;quot;BrowserStack Sample&amp;quot;, &amp;quot;buildIdentifier&amp;quot;=&amp;gt;&amp;quot;#8&amp;quot;, &amp;quot;hostName&amp;quot;=&amp;gt;&amp;quot;DESKTOP-RULROEU&amp;quot;, &amp;quot;browserstackSDK&amp;quot;=&amp;gt;&amp;quot;TestNG-javaagent/1.38.1&amp;quot;, &amp;quot;buildProductMap&amp;quot;=&amp;gt;{&amp;quot;observability&amp;quot;=&amp;gt;true, &amp;quot;accessibility&amp;quot;=&amp;gt;false, &amp;quot;percy&amp;quot;=&amp;gt;false, &amp;quot;automate&amp;quot;=&amp;gt;true, &amp;quot;app_automate&amp;quot;=&amp;gt;false}, &amp;quot;useW3C&amp;quot;=&amp;gt;true, &amp;quot;accessibilityOptions&amp;quot;=&amp;gt;{}, &amp;quot;testhubBuildUuid&amp;quot;=&amp;gt;&amp;quot;vkmu2sccc4crfei8hcc8mwpvkdewa2y9ua5baf6m&amp;quot;}, &amp;quot;browserstack.is_hub_canary&amp;quot;=&amp;gt;false, &amp;quot;acceptSslCert&amp;quot;=&amp;gt;false, &amp;quot;detected_language&amp;quot;=&amp;gt;&amp;quot;selenium/3.14.0 (java windows)&amp;quot;, &amp;quot;new_bucketing&amp;quot;=&amp;gt;true, &amp;quot;browser&amp;quot;=&amp;gt;&amp;quot;Safari&amp;quot;, &amp;quot;buildName&amp;quot;=&amp;gt;&amp;quot;browserstack build #8&amp;quot;, &amp;quot;browserstack.debug&amp;quot;=&amp;gt;&amp;quot;true&amp;quot;, &amp;quot;os&amp;quot;=&amp;gt;&amp;quot;OS X&amp;quot;, &amp;quot;osVersion&amp;quot;=&amp;gt;&amp;quot;Ventura&amp;quot;, &amp;quot;browserVersion&amp;quot;=&amp;gt;&amp;quot;138&amp;quot;, &amp;quot;sessionName&amp;quot;=&amp;gt;&amp;quot;ElPaisScraperTest&amp;quot;, &amp;quot;browserstack.consoleLogs&amp;quot;=&amp;gt;&amp;quot;info&amp;quot;, &amp;quot;browserstack.networkLogs&amp;quot;=&amp;gt;&amp;quot;true&amp;quot;, &amp;quot;projectName&amp;quot;=&amp;gt;&amp;quot;BrowserStack Sample&amp;quot;, &amp;quot;browserstack.buildIdentifier&amp;quot;=&amp;gt;&amp;quot;#8&amp;quot;, &amp;quot;browserstack.hostName&amp;quot;=&amp;gt;&amp;quot;DESKTOP-RULROEU&amp;quot;, &amp;quot;browserstack.browserstackSDK&amp;quot;=&amp;gt;&amp;quot;TestNG-javaagent/1.38.1&amp;quot;, &amp;quot;browserstack.buildProductMap.observability&amp;quot;=&amp;gt;true, &amp;quot;browserstack.buildProductMap.accessibility&amp;quot;=&amp;gt;false, &amp;quot;browserstack.buildProductMap.percy&amp;quot;=&amp;gt;false, &amp;quot;browserstack.buildProductMap.automate&amp;quot;=&amp;gt;true, &amp;quot;browserstack.buildProductMap.app_automate&amp;quot;=&amp;gt;false, &amp;quot;browserstack.useW3C&amp;quot;=&amp;gt;&amp;quot;true&amp;quot;, &amp;quot;browserstack.testhubBuildUuid&amp;quot;=&amp;gt;&amp;quot;vkmu2sccc4crfei8hcc8mwpvkdewa2y9ua5baf6m&amp;quot;, &amp;quot;os_version&amp;quot;=&amp;gt;&amp;quot;Ventura&amp;quot;, &amp;quot;browser_name&amp;quot;=&amp;gt;&amp;quot;Safari&amp;quot;, &amp;quot;browser_version&amp;quot;=&amp;gt;&amp;quot;138&amp;quot;, &amp;quot;version&amp;quot;=&amp;gt;&amp;quot;138&amp;quot;, &amp;quot;browserstack.use_w3c&amp;quot;=&amp;gt;&amp;quot;true&amp;quot;, &amp;quot;name&amp;quot;=&amp;gt;&amp;quot;ElPaisScraperTest&amp;quot;, &amp;quot;build&amp;quot;=&amp;gt;&amp;quot;browserstack build #8&amp;quot;, &amp;quot;project&amp;quot;=&amp;gt;&amp;quot;BrowserStack Sample&amp;quot;, &amp;quot;browserstack.console&amp;quot;=&amp;gt;&amp;quot;info&amp;quot;, &amp;quot;browserstack.seleniumLogs&amp;quot;=&amp;gt;true} (WARNING: The server did not provide any stacktrace information)
Command duration or timeout: 1.37 seconds
Build info: version: &amp;apos;3.14.0&amp;apos;, revision: &amp;apos;aacccce0&amp;apos;, time: &amp;apos;2018-08-02T20:19:58.91Z&amp;apos;
System info: host: &amp;apos;DESKTOP-RULROEU&amp;apos;, ip: &amp;apos;192.168.1.99&amp;apos;, os.name: &amp;apos;Windows 11&amp;apos;, os.arch: &amp;apos;amd64&amp;apos;, os.version: &amp;apos;10.0&amp;apos;, java.version: &amp;apos;21.0.3&amp;apos;
Driver info: driver.version: RemoteWebDriver">
      <![CDATA[org.openqa.selenium.WebDriverException: OS/Browser combination invalid: {"browserName"=>"Safari", "bstack:options"=>{"buildName"=>"browserstack build #8", "debug"=>true, "os"=>"OS X", "osVersion"=>"Ventura", "browserVersion"=>"138", "sessionName"=>"ElPaisScraperTest", "consoleLogs"=>"info", "networkLogs"=>true, "projectName"=>"BrowserStack Sample", "buildIdentifier"=>"#8", "hostName"=>"DESKTOP-RULROEU", "browserstackSDK"=>"TestNG-javaagent/1.38.1", "buildProductMap"=>{"observability"=>true, "accessibility"=>false, "percy"=>false, "automate"=>true, "app_automate"=>false}, "useW3C"=>true, "accessibilityOptions"=>{}, "testhubBuildUuid"=>"vkmu2sccc4crfei8hcc8mwpvkdewa2y9ua5baf6m"}, "browserstack.is_hub_canary"=>false, "acceptSslCert"=>false, "detected_language"=>"selenium/3.14.0 (java windows)", "new_bucketing"=>true, "browser"=>"Safari", "buildName"=>"browserstack build #8", "browserstack.debug"=>"true", "os"=>"OS X", "osVersion"=>"Ventura", "browserVersion"=>"138", "sessionName"=>"ElPaisScraperTest", "browserstack.consoleLogs"=>"info", "browserstack.networkLogs"=>"true", "projectName"=>"BrowserStack Sample", "browserstack.buildIdentifier"=>"#8", "browserstack.hostName"=>"DESKTOP-RULROEU", "browserstack.browserstackSDK"=>"TestNG-javaagent/1.38.1", "browserstack.buildProductMap.observability"=>true, "browserstack.buildProductMap.accessibility"=>false, "browserstack.buildProductMap.percy"=>false, "browserstack.buildProductMap.automate"=>true, "browserstack.buildProductMap.app_automate"=>false, "browserstack.useW3C"=>"true", "browserstack.testhubBuildUuid"=>"vkmu2sccc4crfei8hcc8mwpvkdewa2y9ua5baf6m", "os_version"=>"Ventura", "browser_name"=>"Safari", "browser_version"=>"138", "version"=>"138", "browserstack.use_w3c"=>"true", "name"=>"ElPaisScraperTest", "build"=>"browserstack build #8", "project"=>"BrowserStack Sample", "browserstack.console"=>"info", "browserstack.seleniumLogs"=>true} (WARNING: The server did not provide any stacktrace information)
Command duration or timeout: 1.37 seconds
Build info: version: '3.14.0', revision: 'aacccce0', time: '2018-08-02T20:19:58.91Z'
System info: host: 'DESKTOP-RULROEU', ip: '192.168.1.99', os.name: 'Windows 11', os.arch: 'amd64', os.version: '10.0', java.version: '21.0.3'
Driver info: driver.version: RemoteWebDriver
at org.openqa.selenium.remote.ErrorHandler.createThrowable(ErrorHandler.java:214)
at org.openqa.selenium.remote.ErrorHandler.throwIfResponseFailed(ErrorHandler.java:166)
at org.openqa.selenium.remote.JsonWireProtocolResponse.lambda$new$0(JsonWireProtocolResponse.java:53)
at org.openqa.selenium.remote.JsonWireProtocolResponse.lambda$getResponseFunction$2(JsonWireProtocolResponse.java:91)
at org.openqa.selenium.remote.ProtocolHandshake.lambda$createSession$0(ProtocolHandshake.java:122)
at java.base/java.util.stream.ReferencePipeline$3$1.accept(ReferencePipeline.java:197)
at java.base/java.util.Spliterators$ArraySpliterator.tryAdvance(Spliterators.java:1034)
at java.base/java.util.stream.ReferencePipeline.forEachWithCancel(ReferencePipeline.java:129)
at java.base/java.util.stream.AbstractPipeline.copyIntoWithCancel(AbstractPipeline.java:527)
at java.base/java.util.stream.AbstractPipeline.copyInto(AbstractPipeline.java:513)
at java.base/java.util.stream.AbstractPipeline.wrapAndCopyInto(AbstractPipeline.java:499)
at java.base/java.util.stream.FindOps$FindOp.evaluateSequential(FindOps.java:150)
at java.base/java.util.stream.AbstractPipeline.evaluate(AbstractPipeline.java:234)
at java.base/java.util.stream.ReferencePipeline.findFirst(ReferencePipeline.java:647)
at org.openqa.selenium.remote.ProtocolHandshake.createSession(ProtocolHandshake.java:125)
at org.openqa.selenium.remote.ProtocolHandshake.createSession(ProtocolHandshake.java:73)
at org.openqa.selenium.remote.HttpCommandExecutor.execute(HttpCommandExecutor.java:136)
at org.openqa.selenium.remote.RemoteWebDriver.execute(RemoteWebDriver.java:548)
at org.openqa.selenium.remote.RemoteWebDriver.startSession(RemoteWebDriver.java:212)
at org.openqa.selenium.remote.RemoteWebDriver.<init>(RemoteWebDriver.java:130)
at org.openqa.selenium.remote.RemoteWebDriver.<init>(RemoteWebDriver.java:143)
at testcases.BrowserStackBaseTest.setup(BrowserStackBaseTest.java:61)
at java.base/java.util.ArrayList.forEach(ArrayList.java:1596)
at java.base/java.util.concurrent.FutureTask.run(FutureTask.java:317)
at java.base/java.util.concurrent.ThreadPoolExecutor.runWorker(ThreadPoolExecutor.java:1144)
at java.base/java.util.concurrent.ThreadPoolExecutor$Worker.run(ThreadPoolExecutor.java:642)
at java.base/java.lang.Thread.run(Thread.java:1583)
... Removed 22 stack frames]]>
    </failure>
  </testcase> <!-- @BeforeMethod setup -->
  <testcase classname="testcases.BrowserStackBaseTest" name="@BeforeMethod setup" time="1.234">
    <failure type="org.openqa.selenium.WebDriverException" message="OS/Browser combination invalid: {&amp;quot;browserName&amp;quot;=&amp;gt;&amp;quot;Safari&amp;quot;, &amp;quot;bstack:options&amp;quot;=&amp;gt;{&amp;quot;buildName&amp;quot;=&amp;gt;&amp;quot;browserstack build #8&amp;quot;, &amp;quot;debug&amp;quot;=&amp;gt;true, &amp;quot;os&amp;quot;=&amp;gt;&amp;quot;OS X&amp;quot;, &amp;quot;osVersion&amp;quot;=&amp;gt;&amp;quot;Ventura&amp;quot;, &amp;quot;browserVersion&amp;quot;=&amp;gt;&amp;quot;138&amp;quot;, &amp;quot;sessionName&amp;quot;=&amp;gt;&amp;quot;ElPaisHeaderTranslator&amp;quot;, &amp;quot;consoleLogs&amp;quot;=&amp;gt;&amp;quot;info&amp;quot;, &amp;quot;networkLogs&amp;quot;=&amp;gt;true, &amp;quot;projectName&amp;quot;=&amp;gt;&amp;quot;BrowserStack Sample&amp;quot;, &amp;quot;buildIdentifier&amp;quot;=&amp;gt;&amp;quot;#8&amp;quot;, &amp;quot;hostName&amp;quot;=&amp;gt;&amp;quot;DESKTOP-RULROEU&amp;quot;, &amp;quot;browserstackSDK&amp;quot;=&amp;gt;&amp;quot;TestNG-javaagent/1.38.1&amp;quot;, &amp;quot;buildProductMap&amp;quot;=&amp;gt;{&amp;quot;observability&amp;quot;=&amp;gt;true, &amp;quot;accessibility&amp;quot;=&amp;gt;false, &amp;quot;percy&amp;quot;=&amp;gt;false, &amp;quot;automate&amp;quot;=&amp;gt;true, &amp;quot;app_automate&amp;quot;=&amp;gt;false}, &amp;quot;useW3C&amp;quot;=&amp;gt;true, &amp;quot;accessibilityOptions&amp;quot;=&amp;gt;{}, &amp;quot;testhubBuildUuid&amp;quot;=&amp;gt;&amp;quot;vkmu2sccc4crfei8hcc8mwpvkdewa2y9ua5baf6m&amp;quot;}, &amp;quot;browserstack.is_hub_canary&amp;quot;=&amp;gt;false, &amp;quot;acceptSslCert&amp;quot;=&amp;gt;false, &amp;quot;detected_language&amp;quot;=&amp;gt;&amp;quot;selenium/3.14.0 (java windows)&amp;quot;, &amp;quot;new_bucketing&amp;quot;=&amp;gt;true, &amp;quot;browser&amp;quot;=&amp;gt;&amp;quot;Safari&amp;quot;, &amp;quot;buildName&amp;quot;=&amp;gt;&amp;quot;browserstack build #8&amp;quot;, &amp;quot;browserstack.debug&amp;quot;=&amp;gt;&amp;quot;true&amp;quot;, &amp;quot;os&amp;quot;=&amp;gt;&amp;quot;OS X&amp;quot;, &amp;quot;osVersion&amp;quot;=&amp;gt;&amp;quot;Ventura&amp;quot;, &amp;quot;browserVersion&amp;quot;=&amp;gt;&amp;quot;138&amp;quot;, &amp;quot;sessionName&amp;quot;=&amp;gt;&amp;quot;ElPaisHeaderTranslator&amp;quot;, &amp;quot;browserstack.consoleLogs&amp;quot;=&amp;gt;&amp;quot;info&amp;quot;, &amp;quot;browserstack.networkLogs&amp;quot;=&amp;gt;&amp;quot;true&amp;quot;, &amp;quot;projectName&amp;quot;=&amp;gt;&amp;quot;BrowserStack Sample&amp;quot;, &amp;quot;browserstack.buildIdentifier&amp;quot;=&amp;gt;&amp;quot;#8&amp;quot;, &amp;quot;browserstack.hostName&amp;quot;=&amp;gt;&amp;quot;DESKTOP-RULROEU&amp;quot;, &amp;quot;browserstack.browserstackSDK&amp;quot;=&amp;gt;&amp;quot;TestNG-javaagent/1.38.1&amp;quot;, &amp;quot;browserstack.buildProductMap.observability&amp;quot;=&amp;gt;true, &amp;quot;browserstack.buildProductMap.accessibility&amp;quot;=&amp;gt;false, &amp;quot;browserstack.buildProductMap.percy&amp;quot;=&amp;gt;false, &amp;quot;browserstack.buildProductMap.automate&amp;quot;=&amp;gt;true, &amp;quot;browserstack.buildProductMap.app_automate&amp;quot;=&amp;gt;false, &amp;quot;browserstack.useW3C&amp;quot;=&amp;gt;&amp;quot;true&amp;quot;, &amp;quot;browserstack.testhubBuildUuid&amp;quot;=&amp;gt;&amp;quot;vkmu2sccc4crfei8hcc8mwpvkdewa2y9ua5baf6m&amp;quot;, &amp;quot;os_version&amp;quot;=&amp;gt;&amp;quot;Ventura&amp;quot;, &amp;quot;browser_name&amp;quot;=&amp;gt;&amp;quot;Safari&amp;quot;, &amp;quot;browser_version&amp;quot;=&amp;gt;&amp;quot;138&amp;quot;, &amp;quot;version&amp;quot;=&amp;gt;&amp;quot;138&amp;quot;, &amp;quot;browserstack.use_w3c&amp;quot;=&amp;gt;&amp;quot;true&amp;quot;, &amp;quot;name&amp;quot;=&amp;gt;&amp;quot;ElPaisHeaderTranslator&amp;quot;, &amp;quot;build&amp;quot;=&amp;gt;&amp;quot;browserstack build #8&amp;quot;, &amp;quot;project&amp;quot;=&amp;gt;&amp;quot;BrowserStack Sample&amp;quot;, &amp;quot;browserstack.console&amp;quot;=&amp;gt;&amp;quot;info&amp;quot;, &amp;quot;browserstack.seleniumLogs&amp;quot;=&amp;gt;true} (WARNING: The server did not provide any stacktrace information)
Command duration or timeout: 1.17 seconds
Build info: version: &amp;apos;3.14.0&amp;apos;, revision: &amp;apos;aacccce0&amp;apos;, time: &amp;apos;2018-08-02T20:19:58.91Z&amp;apos;
System info: host: &amp;apos;DESKTOP-RULROEU&amp;apos;, ip: &amp;apos;192.168.1.99&amp;apos;, os.name: &amp;apos;Windows 11&amp;apos;, os.arch: &amp;apos;amd64&amp;apos;, os.version: &amp;apos;10.0&amp;apos;, java.version: &amp;apos;21.0.3&amp;apos;
Driver info: driver.version: RemoteWebDriver">
      <![CDATA[org.openqa.selenium.WebDriverException: OS/Browser combination invalid: {"browserName"=>"Safari", "bstack:options"=>{"buildName"=>"browserstack build #8", "debug"=>true, "os"=>"OS X", "osVersion"=>"Ventura", "browserVersion"=>"138", "sessionName"=>"ElPaisHeaderTranslator", "consoleLogs"=>"info", "networkLogs"=>true, "projectName"=>"BrowserStack Sample", "buildIdentifier"=>"#8", "hostName"=>"DESKTOP-RULROEU", "browserstackSDK"=>"TestNG-javaagent/1.38.1", "buildProductMap"=>{"observability"=>true, "accessibility"=>false, "percy"=>false, "automate"=>true, "app_automate"=>false}, "useW3C"=>true, "accessibilityOptions"=>{}, "testhubBuildUuid"=>"vkmu2sccc4crfei8hcc8mwpvkdewa2y9ua5baf6m"}, "browserstack.is_hub_canary"=>false, "acceptSslCert"=>false, "detected_language"=>"selenium/3.14.0 (java windows)", "new_bucketing"=>true, "browser"=>"Safari", "buildName"=>"browserstack build #8", "browserstack.debug"=>"true", "os"=>"OS X", "osVersion"=>"Ventura", "browserVersion"=>"138", "sessionName"=>"ElPaisHeaderTranslator", "browserstack.consoleLogs"=>"info", "browserstack.networkLogs"=>"true", "projectName"=>"BrowserStack Sample", "browserstack.buildIdentifier"=>"#8", "browserstack.hostName"=>"DESKTOP-RULROEU", "browserstack.browserstackSDK"=>"TestNG-javaagent/1.38.1", "browserstack.buildProductMap.observability"=>true, "browserstack.buildProductMap.accessibility"=>false, "browserstack.buildProductMap.percy"=>false, "browserstack.buildProductMap.automate"=>true, "browserstack.buildProductMap.app_automate"=>false, "browserstack.useW3C"=>"true", "browserstack.testhubBuildUuid"=>"vkmu2sccc4crfei8hcc8mwpvkdewa2y9ua5baf6m", "os_version"=>"Ventura", "browser_name"=>"Safari", "browser_version"=>"138", "version"=>"138", "browserstack.use_w3c"=>"true", "name"=>"ElPaisHeaderTranslator", "build"=>"browserstack build #8", "project"=>"BrowserStack Sample", "browserstack.console"=>"info", "browserstack.seleniumLogs"=>true} (WARNING: The server did not provide any stacktrace information)
Command duration or timeout: 1.17 seconds
Build info: version: '3.14.0', revision: 'aacccce0', time: '2018-08-02T20:19:58.91Z'
System info: host: 'DESKTOP-RULROEU', ip: '192.168.1.99', os.name: 'Windows 11', os.arch: 'amd64', os.version: '10.0', java.version: '21.0.3'
Driver info: driver.version: RemoteWebDriver
at org.openqa.selenium.remote.ErrorHandler.createThrowable(ErrorHandler.java:214)
at org.openqa.selenium.remote.ErrorHandler.throwIfResponseFailed(ErrorHandler.java:166)
at org.openqa.selenium.remote.JsonWireProtocolResponse.lambda$new$0(JsonWireProtocolResponse.java:53)
at org.openqa.selenium.remote.JsonWireProtocolResponse.lambda$getResponseFunction$2(JsonWireProtocolResponse.java:91)
at org.openqa.selenium.remote.ProtocolHandshake.lambda$createSession$0(ProtocolHandshake.java:122)
at java.base/java.util.stream.ReferencePipeline$3$1.accept(ReferencePipeline.java:197)
at java.base/java.util.Spliterators$ArraySpliterator.tryAdvance(Spliterators.java:1034)
at java.base/java.util.stream.ReferencePipeline.forEachWithCancel(ReferencePipeline.java:129)
at java.base/java.util.stream.AbstractPipeline.copyIntoWithCancel(AbstractPipeline.java:527)
at java.base/java.util.stream.AbstractPipeline.copyInto(AbstractPipeline.java:513)
at java.base/java.util.stream.AbstractPipeline.wrapAndCopyInto(AbstractPipeline.java:499)
at java.base/java.util.stream.FindOps$FindOp.evaluateSequential(FindOps.java:150)
at java.base/java.util.stream.AbstractPipeline.evaluate(AbstractPipeline.java:234)
at java.base/java.util.stream.ReferencePipeline.findFirst(ReferencePipeline.java:647)
at org.openqa.selenium.remote.ProtocolHandshake.createSession(ProtocolHandshake.java:125)
at org.openqa.selenium.remote.ProtocolHandshake.createSession(ProtocolHandshake.java:73)
at org.openqa.selenium.remote.HttpCommandExecutor.execute(HttpCommandExecutor.java:136)
at org.openqa.selenium.remote.RemoteWebDriver.execute(RemoteWebDriver.java:548)
at org.openqa.selenium.remote.RemoteWebDriver.startSession(RemoteWebDriver.java:212)
at org.openqa.selenium.remote.RemoteWebDriver.<init>(RemoteWebDriver.java:130)
at org.openqa.selenium.remote.RemoteWebDriver.<init>(RemoteWebDriver.java:143)
at testcases.BrowserStackBaseTest.setup(BrowserStackBaseTest.java:61)
at java.base/java.util.ArrayList.forEach(ArrayList.java:1596)
at java.base/java.util.concurrent.FutureTask.run(FutureTask.java:317)
at java.base/java.util.concurrent.ThreadPoolExecutor.runWorker(ThreadPoolExecutor.java:1144)
at java.base/java.util.concurrent.ThreadPoolExecutor$Worker.run(ThreadPoolExecutor.java:642)
at java.base/java.lang.Thread.run(Thread.java:1583)
... Removed 22 stack frames]]>
    </failure>
  </testcase> <!-- @BeforeMethod setup -->
  <testcase classname="testcases.BrowserStackBaseTest" name="@BeforeMethod setup" time="1.219">
    <failure type="org.openqa.selenium.WebDriverException" message="OS/Browser combination invalid: {&amp;quot;browserName&amp;quot;=&amp;gt;&amp;quot;Safari&amp;quot;, &amp;quot;bstack:options&amp;quot;=&amp;gt;{&amp;quot;buildName&amp;quot;=&amp;gt;&amp;quot;browserstack build #8&amp;quot;, &amp;quot;debug&amp;quot;=&amp;gt;true, &amp;quot;os&amp;quot;=&amp;gt;&amp;quot;OS X&amp;quot;, &amp;quot;osVersion&amp;quot;=&amp;gt;&amp;quot;Ventura&amp;quot;, &amp;quot;browserVersion&amp;quot;=&amp;gt;&amp;quot;138&amp;quot;, &amp;quot;sessionName&amp;quot;=&amp;gt;&amp;quot;ElPaisHeaderAnalyzerOccurence&amp;quot;, &amp;quot;consoleLogs&amp;quot;=&amp;gt;&amp;quot;info&amp;quot;, &amp;quot;networkLogs&amp;quot;=&amp;gt;true, &amp;quot;projectName&amp;quot;=&amp;gt;&amp;quot;BrowserStack Sample&amp;quot;, &amp;quot;buildIdentifier&amp;quot;=&amp;gt;&amp;quot;#8&amp;quot;, &amp;quot;hostName&amp;quot;=&amp;gt;&amp;quot;DESKTOP-RULROEU&amp;quot;, &amp;quot;browserstackSDK&amp;quot;=&amp;gt;&amp;quot;TestNG-javaagent/1.38.1&amp;quot;, &amp;quot;buildProductMap&amp;quot;=&amp;gt;{&amp;quot;observability&amp;quot;=&amp;gt;true, &amp;quot;accessibility&amp;quot;=&amp;gt;false, &amp;quot;percy&amp;quot;=&amp;gt;false, &amp;quot;automate&amp;quot;=&amp;gt;true, &amp;quot;app_automate&amp;quot;=&amp;gt;false}, &amp;quot;useW3C&amp;quot;=&amp;gt;true, &amp;quot;accessibilityOptions&amp;quot;=&amp;gt;{}, &amp;quot;testhubBuildUuid&amp;quot;=&amp;gt;&amp;quot;vkmu2sccc4crfei8hcc8mwpvkdewa2y9ua5baf6m&amp;quot;}, &amp;quot;browserstack.is_hub_canary&amp;quot;=&amp;gt;false, &amp;quot;acceptSslCert&amp;quot;=&amp;gt;false, &amp;quot;detected_language&amp;quot;=&amp;gt;&amp;quot;selenium/3.14.0 (java windows)&amp;quot;, &amp;quot;new_bucketing&amp;quot;=&amp;gt;true, &amp;quot;browser&amp;quot;=&amp;gt;&amp;quot;Safari&amp;quot;, &amp;quot;buildName&amp;quot;=&amp;gt;&amp;quot;browserstack build #8&amp;quot;, &amp;quot;browserstack.debug&amp;quot;=&amp;gt;&amp;quot;true&amp;quot;, &amp;quot;os&amp;quot;=&amp;gt;&amp;quot;OS X&amp;quot;, &amp;quot;osVersion&amp;quot;=&amp;gt;&amp;quot;Ventura&amp;quot;, &amp;quot;browserVersion&amp;quot;=&amp;gt;&amp;quot;138&amp;quot;, &amp;quot;sessionName&amp;quot;=&amp;gt;&amp;quot;ElPaisHeaderAnalyzerOccurence&amp;quot;, &amp;quot;browserstack.consoleLogs&amp;quot;=&amp;gt;&amp;quot;info&amp;quot;, &amp;quot;browserstack.networkLogs&amp;quot;=&amp;gt;&amp;quot;true&amp;quot;, &amp;quot;projectName&amp;quot;=&amp;gt;&amp;quot;BrowserStack Sample&amp;quot;, &amp;quot;browserstack.buildIdentifier&amp;quot;=&amp;gt;&amp;quot;#8&amp;quot;, &amp;quot;browserstack.hostName&amp;quot;=&amp;gt;&amp;quot;DESKTOP-RULROEU&amp;quot;, &amp;quot;browserstack.browserstackSDK&amp;quot;=&amp;gt;&amp;quot;TestNG-javaagent/1.38.1&amp;quot;, &amp;quot;browserstack.buildProductMap.observability&amp;quot;=&amp;gt;true, &amp;quot;browserstack.buildProductMap.accessibility&amp;quot;=&amp;gt;false, &amp;quot;browserstack.buildProductMap.percy&amp;quot;=&amp;gt;false, &amp;quot;browserstack.buildProductMap.automate&amp;quot;=&amp;gt;true, &amp;quot;browserstack.buildProductMap.app_automate&amp;quot;=&amp;gt;false, &amp;quot;browserstack.useW3C&amp;quot;=&amp;gt;&amp;quot;true&amp;quot;, &amp;quot;browserstack.testhubBuildUuid&amp;quot;=&amp;gt;&amp;quot;vkmu2sccc4crfei8hcc8mwpvkdewa2y9ua5baf6m&amp;quot;, &amp;quot;os_version&amp;quot;=&amp;gt;&amp;quot;Ventura&amp;quot;, &amp;quot;browser_name&amp;quot;=&amp;gt;&amp;quot;Safari&amp;quot;, &amp;quot;browser_version&amp;quot;=&amp;gt;&amp;quot;138&amp;quot;, &amp;quot;version&amp;quot;=&amp;gt;&amp;quot;138&amp;quot;, &amp;quot;browserstack.use_w3c&amp;quot;=&amp;gt;&amp;quot;true&amp;quot;, &amp;quot;name&amp;quot;=&amp;gt;&amp;quot;ElPaisHeaderAnalyzerOccurence&amp;quot;, &amp;quot;build&amp;quot;=&amp;gt;&amp;quot;browserstack build #8&amp;quot;, &amp;quot;project&amp;quot;=&amp;gt;&amp;quot;BrowserStack Sample&amp;quot;, &amp;quot;browserstack.console&amp;quot;=&amp;gt;&amp;quot;info&amp;quot;, &amp;quot;browserstack.seleniumLogs&amp;quot;=&amp;gt;true} (WARNING: The server did not provide any stacktrace information)
Command duration or timeout: 1.17 seconds
Build info: version: &amp;apos;3.14.0&amp;apos;, revision: &amp;apos;aacccce0&amp;apos;, time: &amp;apos;2018-08-02T20:19:58.91Z&amp;apos;
System info: host: &amp;apos;DESKTOP-RULROEU&amp;apos;, ip: &amp;apos;192.168.1.99&amp;apos;, os.name: &amp;apos;Windows 11&amp;apos;, os.arch: &amp;apos;amd64&amp;apos;, os.version: &amp;apos;10.0&amp;apos;, java.version: &amp;apos;21.0.3&amp;apos;
Driver info: driver.version: RemoteWebDriver">
      <![CDATA[org.openqa.selenium.WebDriverException: OS/Browser combination invalid: {"browserName"=>"Safari", "bstack:options"=>{"buildName"=>"browserstack build #8", "debug"=>true, "os"=>"OS X", "osVersion"=>"Ventura", "browserVersion"=>"138", "sessionName"=>"ElPaisHeaderAnalyzerOccurence", "consoleLogs"=>"info", "networkLogs"=>true, "projectName"=>"BrowserStack Sample", "buildIdentifier"=>"#8", "hostName"=>"DESKTOP-RULROEU", "browserstackSDK"=>"TestNG-javaagent/1.38.1", "buildProductMap"=>{"observability"=>true, "accessibility"=>false, "percy"=>false, "automate"=>true, "app_automate"=>false}, "useW3C"=>true, "accessibilityOptions"=>{}, "testhubBuildUuid"=>"vkmu2sccc4crfei8hcc8mwpvkdewa2y9ua5baf6m"}, "browserstack.is_hub_canary"=>false, "acceptSslCert"=>false, "detected_language"=>"selenium/3.14.0 (java windows)", "new_bucketing"=>true, "browser"=>"Safari", "buildName"=>"browserstack build #8", "browserstack.debug"=>"true", "os"=>"OS X", "osVersion"=>"Ventura", "browserVersion"=>"138", "sessionName"=>"ElPaisHeaderAnalyzerOccurence", "browserstack.consoleLogs"=>"info", "browserstack.networkLogs"=>"true", "projectName"=>"BrowserStack Sample", "browserstack.buildIdentifier"=>"#8", "browserstack.hostName"=>"DESKTOP-RULROEU", "browserstack.browserstackSDK"=>"TestNG-javaagent/1.38.1", "browserstack.buildProductMap.observability"=>true, "browserstack.buildProductMap.accessibility"=>false, "browserstack.buildProductMap.percy"=>false, "browserstack.buildProductMap.automate"=>true, "browserstack.buildProductMap.app_automate"=>false, "browserstack.useW3C"=>"true", "browserstack.testhubBuildUuid"=>"vkmu2sccc4crfei8hcc8mwpvkdewa2y9ua5baf6m", "os_version"=>"Ventura", "browser_name"=>"Safari", "browser_version"=>"138", "version"=>"138", "browserstack.use_w3c"=>"true", "name"=>"ElPaisHeaderAnalyzerOccurence", "build"=>"browserstack build #8", "project"=>"BrowserStack Sample", "browserstack.console"=>"info", "browserstack.seleniumLogs"=>true} (WARNING: The server did not provide any stacktrace information)
Command duration or timeout: 1.17 seconds
Build info: version: '3.14.0', revision: 'aacccce0', time: '2018-08-02T20:19:58.91Z'
System info: host: 'DESKTOP-RULROEU', ip: '192.168.1.99', os.name: 'Windows 11', os.arch: 'amd64', os.version: '10.0', java.version: '21.0.3'
Driver info: driver.version: RemoteWebDriver
at org.openqa.selenium.remote.ErrorHandler.createThrowable(ErrorHandler.java:214)
at org.openqa.selenium.remote.ErrorHandler.throwIfResponseFailed(ErrorHandler.java:166)
at org.openqa.selenium.remote.JsonWireProtocolResponse.lambda$new$0(JsonWireProtocolResponse.java:53)
at org.openqa.selenium.remote.JsonWireProtocolResponse.lambda$getResponseFunction$2(JsonWireProtocolResponse.java:91)
at org.openqa.selenium.remote.ProtocolHandshake.lambda$createSession$0(ProtocolHandshake.java:122)
at java.base/java.util.stream.ReferencePipeline$3$1.accept(ReferencePipeline.java:197)
at java.base/java.util.Spliterators$ArraySpliterator.tryAdvance(Spliterators.java:1034)
at java.base/java.util.stream.ReferencePipeline.forEachWithCancel(ReferencePipeline.java:129)
at java.base/java.util.stream.AbstractPipeline.copyIntoWithCancel(AbstractPipeline.java:527)
at java.base/java.util.stream.AbstractPipeline.copyInto(AbstractPipeline.java:513)
at java.base/java.util.stream.AbstractPipeline.wrapAndCopyInto(AbstractPipeline.java:499)
at java.base/java.util.stream.FindOps$FindOp.evaluateSequential(FindOps.java:150)
at java.base/java.util.stream.AbstractPipeline.evaluate(AbstractPipeline.java:234)
at java.base/java.util.stream.ReferencePipeline.findFirst(ReferencePipeline.java:647)
at org.openqa.selenium.remote.ProtocolHandshake.createSession(ProtocolHandshake.java:125)
at org.openqa.selenium.remote.ProtocolHandshake.createSession(ProtocolHandshake.java:73)
at org.openqa.selenium.remote.HttpCommandExecutor.execute(HttpCommandExecutor.java:136)
at org.openqa.selenium.remote.RemoteWebDriver.execute(RemoteWebDriver.java:548)
at org.openqa.selenium.remote.RemoteWebDriver.startSession(RemoteWebDriver.java:212)
at org.openqa.selenium.remote.RemoteWebDriver.<init>(RemoteWebDriver.java:130)
at org.openqa.selenium.remote.RemoteWebDriver.<init>(RemoteWebDriver.java:143)
at testcases.BrowserStackBaseTest.setup(BrowserStackBaseTest.java:61)
at java.base/java.util.ArrayList.forEach(ArrayList.java:1596)
at java.base/java.util.concurrent.FutureTask.run(FutureTask.java:317)
at java.base/java.util.concurrent.ThreadPoolExecutor.runWorker(ThreadPoolExecutor.java:1144)
at java.base/java.util.concurrent.ThreadPoolExecutor$Worker.run(ThreadPoolExecutor.java:642)
at java.base/java.lang.Thread.run(Thread.java:1583)
... Removed 22 stack frames]]>
    </failure>
  </testcase> <!-- @BeforeMethod setup -->
  <testcase classname="testcases.VerifySpanishLanguage" name="verifyPageIsInSpanish" time="15.467"/>
  <testcase classname="testcases.ElPaisScraperTest" name="scrapeOpinionArticles" time="111.773"/>
  <testcase classname="testcases.ElPaisHeaderTranslator" name="translateArticleHeaders" time="10.308"/>
  <testcase classname="testcases.ElPaisHeaderAnalyzerOccurence" name="analyzeTranslatedHeaders" time="20.932"/>
</testsuite> <!-- Win11 Chrome Test -->
