<!DOCTYPE html PUBLIC "-//W3C//DTD XHTML 1.1//EN" "https://www.w3.org/TR/xhtml11/DTD/xhtml11.dtd">
<html xmlns="https://www.w3.org/1999/xhtml">
<head>
<meta http-equiv="content-type" content="text/html; charset=UTF-8"/>
<title>TestNG Report</title>
<style type="text/css">table {margin-bottom:10px;border-collapse:collapse;empty-cells:show}th,td {border:1px solid #009;padding:.25em .5em}th {vertical-align:bottom}td {vertical-align:top}table a {font-weight:bold}.stripe td {background-color: #E6EBF9}.num {text-align:right}.passedodd td {background-color: #3F3}.passedeven td {background-color: #0A0}.skippedodd td {background-color: #DDD}.skippedeven td {background-color: #CCC}.failedodd td,.attn {background-color: #F33}.failedeven td,.stripe .attn {background-color: #D00}.stacktrace {white-space:pre;font-family:monospace}.totop {font-size:85%;text-align:center;border-bottom:2px solid #000}.invisible {display:none}</style>
</head>
<body>
<table>
<tr><th>Test</th><th># Passed</th><th># Skipped</th><th># Retried</th><th># Failed</th><th>Time (ms)</th><th>Included Groups</th><th>Excluded Groups</th></tr>
<tr><th colspan="8">BrowserStack Cross-Browser Suite</th></tr>
<tr><td><a href="#t0">iOS Safari Test</a></td><td class="num">1</td><td class="num attn">3</td><td class="num">0</td><td class="num">0</td><td class="num">46,854</td><td></td><td></td></tr>
<tr class="stripe"><td><a href="#t1">MacOS Safari Test</a></td><td class="num">1</td><td class="num attn">3</td><td class="num">0</td><td class="num">0</td><td class="num">47,737</td><td></td><td></td></tr>
<tr><td><a href="#t2">Android Chrome Test</a></td><td class="num">1</td><td class="num attn">3</td><td class="num">0</td><td class="num">0</td><td class="num">52,298</td><td></td><td></td></tr>
<tr class="stripe"><td><a href="#t3">Win10 Firefox Test</a></td><td class="num">4</td><td class="num">0</td><td class="num">0</td><td class="num">0</td><td class="num">194,891</td><td></td><td></td></tr>
<tr><td><a href="#t4">Win11 Chrome Test</a></td><td class="num">4</td><td class="num">0</td><td class="num">0</td><td class="num">0</td><td class="num">226,384</td><td></td><td></td></tr>
<tr><th>Total</th><th class="num">11</th><th class="num attn">9</th><th class="num">0</th><th class="num">0</th><th class="num">568,164</th><th colspan="2"></th></tr>
</table>
<table id='summary'><thead><tr><th>Class</th><th>Method</th><th>Start</th><th>Time (ms)</th></tr></thead><tbody><tr><th colspan="4">BrowserStack Cross-Browser Suite</th></tr></tbody><tbody id="t0"><tr><th colspan="4">iOS Safari Test &#8212; failed (configuration methods)</th></tr><tr class="failedeven"><td rowspan="1">testcases.ElPaisHeaderAnalyzerOccurence</td><td><a href="#m0">setup</a></td><td rowspan="1">1753641208866</td><td rowspan="1">1286</td></tr><tr class="failedodd"><td rowspan="1">testcases.ElPaisHeaderTranslator</td><td><a href="#m1">setup</a></td><td rowspan="1">1753641205926</td><td rowspan="1">1318</td></tr><tr class="failedeven"><td rowspan="1">testcases.ElPaisScraperTest</td><td><a href="#m2">setup</a></td><td rowspan="1">1753641202837</td><td rowspan="1">1336</td></tr><tr><th colspan="4">iOS Safari Test &#8212; skipped</th></tr><tr class="skippedeven"><td rowspan="1">testcases.ElPaisHeaderAnalyzerOccurence</td><td><a href="#m3">analyzeTranslatedHeaders</a></td><td rowspan="1">1753641210195</td><td rowspan="1">0</td></tr><tr class="skippedodd"><td rowspan="1">testcases.ElPaisHeaderTranslator</td><td><a href="#m4">translateArticleHeaders</a></td><td rowspan="1">1753641207287</td><td rowspan="1">0</td></tr><tr class="skippedeven"><td rowspan="1">testcases.ElPaisScraperTest</td><td><a href="#m5">scrapeOpinionArticles</a></td><td rowspan="1">1753641204223</td><td rowspan="1">0</td></tr><tr><th colspan="4">iOS Safari Test &#8212; passed</th></tr><tr class="passedeven"><td rowspan="1">testcases.VerifySpanishLanguage</td><td><a href="#m6">verifyPageIsInSpanish</a></td><td rowspan="1">1753641186678</td><td rowspan="1">12864</td></tr></tbody>
<tbody id="t1"><tr><th colspan="4">MacOS Safari Test &#8212; failed (configuration methods)</th></tr><tr class="failedeven"><td rowspan="1">testcases.ElPaisHeaderAnalyzerOccurence</td><td><a href="#m7">setup</a></td><td rowspan="1">1753641209979</td><td rowspan="1">1219</td></tr><tr class="failedodd"><td rowspan="1">testcases.ElPaisHeaderTranslator</td><td><a href="#m8">setup</a></td><td rowspan="1">1753641206505</td><td rowspan="1">1234</td></tr><tr class="failedeven"><td rowspan="1">testcases.ElPaisScraperTest</td><td><a href="#m9">setup</a></td><td rowspan="1">1753641202661</td><td rowspan="1">1473</td></tr><tr><th colspan="4">MacOS Safari Test &#8212; skipped</th></tr><tr class="skippedeven"><td rowspan="1">testcases.ElPaisHeaderAnalyzerOccurence</td><td><a href="#m10">analyzeTranslatedHeaders</a></td><td rowspan="1">1753641211238</td><td rowspan="1">0</td></tr><tr class="skippedodd"><td rowspan="1">testcases.ElPaisHeaderTranslator</td><td><a href="#m11">translateArticleHeaders</a></td><td rowspan="1">1753641207783</td><td rowspan="1">0</td></tr><tr class="skippedeven"><td rowspan="1">testcases.ElPaisScraperTest</td><td><a href="#m12">scrapeOpinionArticles</a></td><td rowspan="1">1753641204185</td><td rowspan="1">0</td></tr><tr><th colspan="4">MacOS Safari Test &#8212; passed</th></tr><tr class="passedeven"><td rowspan="1">testcases.VerifySpanishLanguage</td><td><a href="#m13">verifyPageIsInSpanish</a></td><td rowspan="1">1753641185644</td><td rowspan="1">13885</td></tr></tbody>
<tbody id="t2"><tr><th colspan="4">Android Chrome Test &#8212; failed (configuration methods)</th></tr><tr class="failedeven"><td rowspan="1">testcases.ElPaisHeaderAnalyzerOccurence</td><td><a href="#m14">setup</a></td><td rowspan="1">1753641214237</td><td rowspan="1">1240</td></tr><tr class="failedodd"><td rowspan="1">testcases.ElPaisHeaderTranslator</td><td><a href="#m15">setup</a></td><td rowspan="1">1753641211411</td><td rowspan="1">1281</td></tr><tr class="failedeven"><td rowspan="1">testcases.ElPaisScraperTest</td><td><a href="#m16">setup</a></td><td rowspan="1">1753641207764</td><td rowspan="1">1241</td></tr><tr><th colspan="4">Android Chrome Test &#8212; skipped</th></tr><tr class="skippedeven"><td rowspan="1">testcases.ElPaisHeaderAnalyzerOccurence</td><td><a href="#m17">analyzeTranslatedHeaders</a></td><td rowspan="1">1753641215518</td><td rowspan="1">0</td></tr><tr class="skippedodd"><td rowspan="1">testcases.ElPaisHeaderTranslator</td><td><a href="#m18">translateArticleHeaders</a></td><td rowspan="1">1753641212729</td><td rowspan="1">0</td></tr><tr class="skippedeven"><td rowspan="1">testcases.ElPaisScraperTest</td><td><a href="#m19">scrapeOpinionArticles</a></td><td rowspan="1">1753641209044</td><td rowspan="1">0</td></tr><tr><th colspan="4">Android Chrome Test &#8212; passed</th></tr><tr class="passedeven"><td rowspan="1">testcases.VerifySpanishLanguage</td><td><a href="#m20">verifyPageIsInSpanish</a></td><td rowspan="1">1753641186512</td><td rowspan="1">18112</td></tr></tbody>
<tbody id="t3"><tr><th colspan="4">Win10 Firefox Test &#8212; passed</th></tr><tr class="passedeven"><td rowspan="1">testcases.ElPaisHeaderAnalyzerOccurence</td><td><a href="#m21">analyzeTranslatedHeaders</a></td><td rowspan="1">1753641343176</td><td rowspan="1">13334</td></tr><tr class="passedodd"><td rowspan="1">testcases.ElPaisHeaderTranslator</td><td><a href="#m22">translateArticleHeaders</a></td><td rowspan="1">1753641311205</td><td rowspan="1">11036</td></tr><tr class="passedeven"><td rowspan="1">testcases.ElPaisScraperTest</td><td><a href="#m23">scrapeOpinionArticles</a></td><td rowspan="1">1753641215041</td><td rowspan="1">75899</td></tr><tr class="passedodd"><td rowspan="1">testcases.VerifySpanishLanguage</td><td><a href="#m24">verifyPageIsInSpanish</a></td><td rowspan="1">1753641177988</td><td rowspan="1">15922</td></tr></tbody>
<tbody id="t4"><tr><th colspan="4">Win11 Chrome Test &#8212; passed</th></tr><tr class="passedeven"><td rowspan="1">testcases.ElPaisHeaderAnalyzerOccurence</td><td><a href="#m25">analyzeTranslatedHeaders</a></td><td rowspan="1">1753641367095</td><td rowspan="1">20932</td></tr><tr class="passedodd"><td rowspan="1">testcases.ElPaisHeaderTranslator</td><td><a href="#m26">translateArticleHeaders</a></td><td rowspan="1">1753641344548</td><td rowspan="1">10308</td></tr><tr class="passedeven"><td rowspan="1">testcases.ElPaisScraperTest</td><td><a href="#m27">scrapeOpinionArticles</a></td><td rowspan="1">1753641223084</td><td rowspan="1">111773</td></tr><tr class="passedodd"><td rowspan="1">testcases.VerifySpanishLanguage</td><td><a href="#m28">verifyPageIsInSpanish</a></td><td rowspan="1">1753641192182</td><td rowspan="1">15467</td></tr></tbody>
</table>
<h2>iOS Safari Test</h2><h3 id="m0">testcases.ElPaisHeaderAnalyzerOccurence#setup</h3><table class="result"><tr class="param"><th>Parameter #1</th><th>Parameter #2</th><th>Parameter #3</th><th>Parameter #4</th></tr><tr class="param stripe"><td>ios</td><td>17</td><td>Safari</td><td></td></tr><tr><th colspan="4">Exception</th></tr><tr><td colspan="4"><div class="stacktrace">org.openqa.selenium.WebDriverException: Error: OS and OS Version not supported. (WARNING: The server did not provide any stacktrace information)
Command duration or timeout: 1.23 seconds
Build info: version: &apos;3.14.0&apos;, revision: &apos;aacccce0&apos;, time: &apos;2018-08-02T20:19:58.91Z&apos;
System info: host: &apos;DESKTOP-RULROEU&apos;, ip: &apos;192.168.1.99&apos;, os.name: &apos;Windows 11&apos;, os.arch: &apos;amd64&apos;, os.version: &apos;10.0&apos;, java.version: &apos;21.0.3&apos;
Driver info: driver.version: RemoteWebDriver
	at org.openqa.selenium.remote.ErrorHandler.createThrowable(ErrorHandler.java:214)
	at org.openqa.selenium.remote.ErrorHandler.throwIfResponseFailed(ErrorHandler.java:166)
	at org.openqa.selenium.remote.JsonWireProtocolResponse.lambda$new$0(JsonWireProtocolResponse.java:53)
	at org.openqa.selenium.remote.JsonWireProtocolResponse.lambda$getResponseFunction$2(JsonWireProtocolResponse.java:91)
	at org.openqa.selenium.remote.ProtocolHandshake.lambda$createSession$0(ProtocolHandshake.java:122)
	at java.base/java.util.stream.ReferencePipeline$3$1.accept(ReferencePipeline.java:197)
	at java.base/java.util.Spliterators$ArraySpliterator.tryAdvance(Spliterators.java:1034)
	at java.base/java.util.stream.ReferencePipeline.forEachWithCancel(ReferencePipeline.java:129)
	at java.base/java.util.stream.AbstractPipeline.copyIntoWithCancel(AbstractPipeline.java:527)
	at java.base/java.util.stream.AbstractPipeline.copyInto(AbstractPipeline.java:513)
	at java.base/java.util.stream.AbstractPipeline.wrapAndCopyInto(AbstractPipeline.java:499)
	at java.base/java.util.stream.FindOps$FindOp.evaluateSequential(FindOps.java:150)
	at java.base/java.util.stream.AbstractPipeline.evaluate(AbstractPipeline.java:234)
	at java.base/java.util.stream.ReferencePipeline.findFirst(ReferencePipeline.java:647)
	at org.openqa.selenium.remote.ProtocolHandshake.createSession(ProtocolHandshake.java:125)
	at org.openqa.selenium.remote.ProtocolHandshake.createSession(ProtocolHandshake.java:73)
	at org.openqa.selenium.remote.HttpCommandExecutor.execute(HttpCommandExecutor.java:136)
	at org.openqa.selenium.remote.RemoteWebDriver.execute(RemoteWebDriver.java:548)
	at org.openqa.selenium.remote.RemoteWebDriver.startSession(RemoteWebDriver.java:212)
	at org.openqa.selenium.remote.RemoteWebDriver.&lt;init&gt;(RemoteWebDriver.java:130)
	at org.openqa.selenium.remote.RemoteWebDriver.&lt;init&gt;(RemoteWebDriver.java:143)
	at testcases.BrowserStackBaseTest.setup(BrowserStackBaseTest.java:61)
	at java.base/java.util.ArrayList.forEach(ArrayList.java:1596)
	at java.base/java.util.concurrent.FutureTask.run(FutureTask.java:317)
	at java.base/java.util.concurrent.ThreadPoolExecutor.runWorker(ThreadPoolExecutor.java:1144)
	at java.base/java.util.concurrent.ThreadPoolExecutor$Worker.run(ThreadPoolExecutor.java:642)
	at java.base/java.lang.Thread.run(Thread.java:1583)
... Removed 22 stack frames</div></td></tr></table><p class="totop"><a href="#summary">back to summary</a></p>
<h3 id="m1">testcases.ElPaisHeaderTranslator#setup</h3><table class="result"><tr class="param"><th>Parameter #1</th><th>Parameter #2</th><th>Parameter #3</th><th>Parameter #4</th></tr><tr class="param stripe"><td>ios</td><td>17</td><td>Safari</td><td></td></tr><tr><th colspan="4">Exception</th></tr><tr><td colspan="4"><div class="stacktrace">org.openqa.selenium.WebDriverException: Error: OS and OS Version not supported. (WARNING: The server did not provide any stacktrace information)
Command duration or timeout: 1.25 seconds
Build info: version: &apos;3.14.0&apos;, revision: &apos;aacccce0&apos;, time: &apos;2018-08-02T20:19:58.91Z&apos;
System info: host: &apos;DESKTOP-RULROEU&apos;, ip: &apos;192.168.1.99&apos;, os.name: &apos;Windows 11&apos;, os.arch: &apos;amd64&apos;, os.version: &apos;10.0&apos;, java.version: &apos;21.0.3&apos;
Driver info: driver.version: RemoteWebDriver
	at org.openqa.selenium.remote.ErrorHandler.createThrowable(ErrorHandler.java:214)
	at org.openqa.selenium.remote.ErrorHandler.throwIfResponseFailed(ErrorHandler.java:166)
	at org.openqa.selenium.remote.JsonWireProtocolResponse.lambda$new$0(JsonWireProtocolResponse.java:53)
	at org.openqa.selenium.remote.JsonWireProtocolResponse.lambda$getResponseFunction$2(JsonWireProtocolResponse.java:91)
	at org.openqa.selenium.remote.ProtocolHandshake.lambda$createSession$0(ProtocolHandshake.java:122)
	at java.base/java.util.stream.ReferencePipeline$3$1.accept(ReferencePipeline.java:197)
	at java.base/java.util.Spliterators$ArraySpliterator.tryAdvance(Spliterators.java:1034)
	at java.base/java.util.stream.ReferencePipeline.forEachWithCancel(ReferencePipeline.java:129)
	at java.base/java.util.stream.AbstractPipeline.copyIntoWithCancel(AbstractPipeline.java:527)
	at java.base/java.util.stream.AbstractPipeline.copyInto(AbstractPipeline.java:513)
	at java.base/java.util.stream.AbstractPipeline.wrapAndCopyInto(AbstractPipeline.java:499)
	at java.base/java.util.stream.FindOps$FindOp.evaluateSequential(FindOps.java:150)
	at java.base/java.util.stream.AbstractPipeline.evaluate(AbstractPipeline.java:234)
	at java.base/java.util.stream.ReferencePipeline.findFirst(ReferencePipeline.java:647)
	at org.openqa.selenium.remote.ProtocolHandshake.createSession(ProtocolHandshake.java:125)
	at org.openqa.selenium.remote.ProtocolHandshake.createSession(ProtocolHandshake.java:73)
	at org.openqa.selenium.remote.HttpCommandExecutor.execute(HttpCommandExecutor.java:136)
	at org.openqa.selenium.remote.RemoteWebDriver.execute(RemoteWebDriver.java:548)
	at org.openqa.selenium.remote.RemoteWebDriver.startSession(RemoteWebDriver.java:212)
	at org.openqa.selenium.remote.RemoteWebDriver.&lt;init&gt;(RemoteWebDriver.java:130)
	at org.openqa.selenium.remote.RemoteWebDriver.&lt;init&gt;(RemoteWebDriver.java:143)
	at testcases.BrowserStackBaseTest.setup(BrowserStackBaseTest.java:61)
	at java.base/java.util.ArrayList.forEach(ArrayList.java:1596)
	at java.base/java.util.concurrent.FutureTask.run(FutureTask.java:317)
	at java.base/java.util.concurrent.ThreadPoolExecutor.runWorker(ThreadPoolExecutor.java:1144)
	at java.base/java.util.concurrent.ThreadPoolExecutor$Worker.run(ThreadPoolExecutor.java:642)
	at java.base/java.lang.Thread.run(Thread.java:1583)
... Removed 22 stack frames</div></td></tr></table><p class="totop"><a href="#summary">back to summary</a></p>
<h3 id="m2">testcases.ElPaisScraperTest#setup</h3><table class="result"><tr class="param"><th>Parameter #1</th><th>Parameter #2</th><th>Parameter #3</th><th>Parameter #4</th></tr><tr class="param stripe"><td>ios</td><td>17</td><td>Safari</td><td></td></tr><tr><th colspan="4">Exception</th></tr><tr><td colspan="4"><div class="stacktrace">org.openqa.selenium.WebDriverException: Error: OS and OS Version not supported. (WARNING: The server did not provide any stacktrace information)
Command duration or timeout: 1.25 seconds
Build info: version: &apos;3.14.0&apos;, revision: &apos;aacccce0&apos;, time: &apos;2018-08-02T20:19:58.91Z&apos;
System info: host: &apos;DESKTOP-RULROEU&apos;, ip: &apos;192.168.1.99&apos;, os.name: &apos;Windows 11&apos;, os.arch: &apos;amd64&apos;, os.version: &apos;10.0&apos;, java.version: &apos;21.0.3&apos;
Driver info: driver.version: RemoteWebDriver
	at org.openqa.selenium.remote.ErrorHandler.createThrowable(ErrorHandler.java:214)
	at org.openqa.selenium.remote.ErrorHandler.throwIfResponseFailed(ErrorHandler.java:166)
	at org.openqa.selenium.remote.JsonWireProtocolResponse.lambda$new$0(JsonWireProtocolResponse.java:53)
	at org.openqa.selenium.remote.JsonWireProtocolResponse.lambda$getResponseFunction$2(JsonWireProtocolResponse.java:91)
	at org.openqa.selenium.remote.ProtocolHandshake.lambda$createSession$0(ProtocolHandshake.java:122)
	at java.base/java.util.stream.ReferencePipeline$3$1.accept(ReferencePipeline.java:197)
	at java.base/java.util.Spliterators$ArraySpliterator.tryAdvance(Spliterators.java:1034)
	at java.base/java.util.stream.ReferencePipeline.forEachWithCancel(ReferencePipeline.java:129)
	at java.base/java.util.stream.AbstractPipeline.copyIntoWithCancel(AbstractPipeline.java:527)
	at java.base/java.util.stream.AbstractPipeline.copyInto(AbstractPipeline.java:513)
	at java.base/java.util.stream.AbstractPipeline.wrapAndCopyInto(AbstractPipeline.java:499)
	at java.base/java.util.stream.FindOps$FindOp.evaluateSequential(FindOps.java:150)
	at java.base/java.util.stream.AbstractPipeline.evaluate(AbstractPipeline.java:234)
	at java.base/java.util.stream.ReferencePipeline.findFirst(ReferencePipeline.java:647)
	at org.openqa.selenium.remote.ProtocolHandshake.createSession(ProtocolHandshake.java:125)
	at org.openqa.selenium.remote.ProtocolHandshake.createSession(ProtocolHandshake.java:73)
	at org.openqa.selenium.remote.HttpCommandExecutor.execute(HttpCommandExecutor.java:136)
	at org.openqa.selenium.remote.RemoteWebDriver.execute(RemoteWebDriver.java:548)
	at org.openqa.selenium.remote.RemoteWebDriver.startSession(RemoteWebDriver.java:212)
	at org.openqa.selenium.remote.RemoteWebDriver.&lt;init&gt;(RemoteWebDriver.java:130)
	at org.openqa.selenium.remote.RemoteWebDriver.&lt;init&gt;(RemoteWebDriver.java:143)
	at testcases.BrowserStackBaseTest.setup(BrowserStackBaseTest.java:61)
	at java.base/java.util.ArrayList.forEach(ArrayList.java:1596)
	at java.base/java.util.concurrent.FutureTask.run(FutureTask.java:317)
	at java.base/java.util.concurrent.ThreadPoolExecutor.runWorker(ThreadPoolExecutor.java:1144)
	at java.base/java.util.concurrent.ThreadPoolExecutor$Worker.run(ThreadPoolExecutor.java:642)
	at java.base/java.lang.Thread.run(Thread.java:1583)
... Removed 22 stack frames</div></td></tr></table><p class="totop"><a href="#summary">back to summary</a></p>
<h3 id="m3">testcases.ElPaisHeaderAnalyzerOccurence#analyzeTranslatedHeaders</h3><table class="result"><tr><th>Exception</th></tr><tr><td><div class="stacktrace">org.openqa.selenium.WebDriverException: Error: OS and OS Version not supported. (WARNING: The server did not provide any stacktrace information)
Command duration or timeout: 1.23 seconds
Build info: version: &apos;3.14.0&apos;, revision: &apos;aacccce0&apos;, time: &apos;2018-08-02T20:19:58.91Z&apos;
System info: host: &apos;DESKTOP-RULROEU&apos;, ip: &apos;192.168.1.99&apos;, os.name: &apos;Windows 11&apos;, os.arch: &apos;amd64&apos;, os.version: &apos;10.0&apos;, java.version: &apos;21.0.3&apos;
Driver info: driver.version: RemoteWebDriver
	at org.openqa.selenium.remote.ErrorHandler.createThrowable(ErrorHandler.java:214)
	at org.openqa.selenium.remote.ErrorHandler.throwIfResponseFailed(ErrorHandler.java:166)
	at org.openqa.selenium.remote.JsonWireProtocolResponse.lambda$new$0(JsonWireProtocolResponse.java:53)
	at org.openqa.selenium.remote.JsonWireProtocolResponse.lambda$getResponseFunction$2(JsonWireProtocolResponse.java:91)
	at org.openqa.selenium.remote.ProtocolHandshake.lambda$createSession$0(ProtocolHandshake.java:122)
	at java.base/java.util.stream.ReferencePipeline$3$1.accept(ReferencePipeline.java:197)
	at java.base/java.util.Spliterators$ArraySpliterator.tryAdvance(Spliterators.java:1034)
	at java.base/java.util.stream.ReferencePipeline.forEachWithCancel(ReferencePipeline.java:129)
	at java.base/java.util.stream.AbstractPipeline.copyIntoWithCancel(AbstractPipeline.java:527)
	at java.base/java.util.stream.AbstractPipeline.copyInto(AbstractPipeline.java:513)
	at java.base/java.util.stream.AbstractPipeline.wrapAndCopyInto(AbstractPipeline.java:499)
	at java.base/java.util.stream.FindOps$FindOp.evaluateSequential(FindOps.java:150)
	at java.base/java.util.stream.AbstractPipeline.evaluate(AbstractPipeline.java:234)
	at java.base/java.util.stream.ReferencePipeline.findFirst(ReferencePipeline.java:647)
	at org.openqa.selenium.remote.ProtocolHandshake.createSession(ProtocolHandshake.java:125)
	at org.openqa.selenium.remote.ProtocolHandshake.createSession(ProtocolHandshake.java:73)
	at org.openqa.selenium.remote.HttpCommandExecutor.execute(HttpCommandExecutor.java:136)
	at org.openqa.selenium.remote.RemoteWebDriver.execute(RemoteWebDriver.java:548)
	at org.openqa.selenium.remote.RemoteWebDriver.startSession(RemoteWebDriver.java:212)
	at org.openqa.selenium.remote.RemoteWebDriver.&lt;init&gt;(RemoteWebDriver.java:130)
	at org.openqa.selenium.remote.RemoteWebDriver.&lt;init&gt;(RemoteWebDriver.java:143)
	at testcases.BrowserStackBaseTest.setup(BrowserStackBaseTest.java:61)
	at java.base/java.util.ArrayList.forEach(ArrayList.java:1596)
	at java.base/java.util.concurrent.FutureTask.run(FutureTask.java:317)
	at java.base/java.util.concurrent.ThreadPoolExecutor.runWorker(ThreadPoolExecutor.java:1144)
	at java.base/java.util.concurrent.ThreadPoolExecutor$Worker.run(ThreadPoolExecutor.java:642)
	at java.base/java.lang.Thread.run(Thread.java:1583)
... Removed 22 stack frames</div></td></tr></table><p class="totop"><a href="#summary">back to summary</a></p>
<h3 id="m4">testcases.ElPaisHeaderTranslator#translateArticleHeaders</h3><table class="result"><tr><th>Exception</th></tr><tr><td><div class="stacktrace">org.openqa.selenium.WebDriverException: Error: OS and OS Version not supported. (WARNING: The server did not provide any stacktrace information)
Command duration or timeout: 1.25 seconds
Build info: version: &apos;3.14.0&apos;, revision: &apos;aacccce0&apos;, time: &apos;2018-08-02T20:19:58.91Z&apos;
System info: host: &apos;DESKTOP-RULROEU&apos;, ip: &apos;192.168.1.99&apos;, os.name: &apos;Windows 11&apos;, os.arch: &apos;amd64&apos;, os.version: &apos;10.0&apos;, java.version: &apos;21.0.3&apos;
Driver info: driver.version: RemoteWebDriver
	at org.openqa.selenium.remote.ErrorHandler.createThrowable(ErrorHandler.java:214)
	at org.openqa.selenium.remote.ErrorHandler.throwIfResponseFailed(ErrorHandler.java:166)
	at org.openqa.selenium.remote.JsonWireProtocolResponse.lambda$new$0(JsonWireProtocolResponse.java:53)
	at org.openqa.selenium.remote.JsonWireProtocolResponse.lambda$getResponseFunction$2(JsonWireProtocolResponse.java:91)
	at org.openqa.selenium.remote.ProtocolHandshake.lambda$createSession$0(ProtocolHandshake.java:122)
	at java.base/java.util.stream.ReferencePipeline$3$1.accept(ReferencePipeline.java:197)
	at java.base/java.util.Spliterators$ArraySpliterator.tryAdvance(Spliterators.java:1034)
	at java.base/java.util.stream.ReferencePipeline.forEachWithCancel(ReferencePipeline.java:129)
	at java.base/java.util.stream.AbstractPipeline.copyIntoWithCancel(AbstractPipeline.java:527)
	at java.base/java.util.stream.AbstractPipeline.copyInto(AbstractPipeline.java:513)
	at java.base/java.util.stream.AbstractPipeline.wrapAndCopyInto(AbstractPipeline.java:499)
	at java.base/java.util.stream.FindOps$FindOp.evaluateSequential(FindOps.java:150)
	at java.base/java.util.stream.AbstractPipeline.evaluate(AbstractPipeline.java:234)
	at java.base/java.util.stream.ReferencePipeline.findFirst(ReferencePipeline.java:647)
	at org.openqa.selenium.remote.ProtocolHandshake.createSession(ProtocolHandshake.java:125)
	at org.openqa.selenium.remote.ProtocolHandshake.createSession(ProtocolHandshake.java:73)
	at org.openqa.selenium.remote.HttpCommandExecutor.execute(HttpCommandExecutor.java:136)
	at org.openqa.selenium.remote.RemoteWebDriver.execute(RemoteWebDriver.java:548)
	at org.openqa.selenium.remote.RemoteWebDriver.startSession(RemoteWebDriver.java:212)
	at org.openqa.selenium.remote.RemoteWebDriver.&lt;init&gt;(RemoteWebDriver.java:130)
	at org.openqa.selenium.remote.RemoteWebDriver.&lt;init&gt;(RemoteWebDriver.java:143)
	at testcases.BrowserStackBaseTest.setup(BrowserStackBaseTest.java:61)
	at java.base/java.util.ArrayList.forEach(ArrayList.java:1596)
	at java.base/java.util.concurrent.FutureTask.run(FutureTask.java:317)
	at java.base/java.util.concurrent.ThreadPoolExecutor.runWorker(ThreadPoolExecutor.java:1144)
	at java.base/java.util.concurrent.ThreadPoolExecutor$Worker.run(ThreadPoolExecutor.java:642)
	at java.base/java.lang.Thread.run(Thread.java:1583)
... Removed 22 stack frames</div></td></tr></table><p class="totop"><a href="#summary">back to summary</a></p>
<h3 id="m5">testcases.ElPaisScraperTest#scrapeOpinionArticles</h3><table class="result"><tr><th>Exception</th></tr><tr><td><div class="stacktrace">org.openqa.selenium.WebDriverException: Error: OS and OS Version not supported. (WARNING: The server did not provide any stacktrace information)
Command duration or timeout: 1.25 seconds
Build info: version: &apos;3.14.0&apos;, revision: &apos;aacccce0&apos;, time: &apos;2018-08-02T20:19:58.91Z&apos;
System info: host: &apos;DESKTOP-RULROEU&apos;, ip: &apos;192.168.1.99&apos;, os.name: &apos;Windows 11&apos;, os.arch: &apos;amd64&apos;, os.version: &apos;10.0&apos;, java.version: &apos;21.0.3&apos;
Driver info: driver.version: RemoteWebDriver
	at org.openqa.selenium.remote.ErrorHandler.createThrowable(ErrorHandler.java:214)
	at org.openqa.selenium.remote.ErrorHandler.throwIfResponseFailed(ErrorHandler.java:166)
	at org.openqa.selenium.remote.JsonWireProtocolResponse.lambda$new$0(JsonWireProtocolResponse.java:53)
	at org.openqa.selenium.remote.JsonWireProtocolResponse.lambda$getResponseFunction$2(JsonWireProtocolResponse.java:91)
	at org.openqa.selenium.remote.ProtocolHandshake.lambda$createSession$0(ProtocolHandshake.java:122)
	at java.base/java.util.stream.ReferencePipeline$3$1.accept(ReferencePipeline.java:197)
	at java.base/java.util.Spliterators$ArraySpliterator.tryAdvance(Spliterators.java:1034)
	at java.base/java.util.stream.ReferencePipeline.forEachWithCancel(ReferencePipeline.java:129)
	at java.base/java.util.stream.AbstractPipeline.copyIntoWithCancel(AbstractPipeline.java:527)
	at java.base/java.util.stream.AbstractPipeline.copyInto(AbstractPipeline.java:513)
	at java.base/java.util.stream.AbstractPipeline.wrapAndCopyInto(AbstractPipeline.java:499)
	at java.base/java.util.stream.FindOps$FindOp.evaluateSequential(FindOps.java:150)
	at java.base/java.util.stream.AbstractPipeline.evaluate(AbstractPipeline.java:234)
	at java.base/java.util.stream.ReferencePipeline.findFirst(ReferencePipeline.java:647)
	at org.openqa.selenium.remote.ProtocolHandshake.createSession(ProtocolHandshake.java:125)
	at org.openqa.selenium.remote.ProtocolHandshake.createSession(ProtocolHandshake.java:73)
	at org.openqa.selenium.remote.HttpCommandExecutor.execute(HttpCommandExecutor.java:136)
	at org.openqa.selenium.remote.RemoteWebDriver.execute(RemoteWebDriver.java:548)
	at org.openqa.selenium.remote.RemoteWebDriver.startSession(RemoteWebDriver.java:212)
	at org.openqa.selenium.remote.RemoteWebDriver.&lt;init&gt;(RemoteWebDriver.java:130)
	at org.openqa.selenium.remote.RemoteWebDriver.&lt;init&gt;(RemoteWebDriver.java:143)
	at testcases.BrowserStackBaseTest.setup(BrowserStackBaseTest.java:61)
	at java.base/java.util.ArrayList.forEach(ArrayList.java:1596)
	at java.base/java.util.concurrent.FutureTask.run(FutureTask.java:317)
	at java.base/java.util.concurrent.ThreadPoolExecutor.runWorker(ThreadPoolExecutor.java:1144)
	at java.base/java.util.concurrent.ThreadPoolExecutor$Worker.run(ThreadPoolExecutor.java:642)
	at java.base/java.lang.Thread.run(Thread.java:1583)
... Removed 22 stack frames</div></td></tr></table><p class="totop"><a href="#summary">back to summary</a></p>
<h3 id="m6">testcases.VerifySpanishLanguage#verifyPageIsInSpanish</h3><table class="result"><tr><th class="invisible"/></tr></table><p class="totop"><a href="#summary">back to summary</a></p>
<h2>MacOS Safari Test</h2><h3 id="m7">testcases.ElPaisHeaderAnalyzerOccurence#setup</h3><table class="result"><tr class="param"><th>Parameter #1</th><th>Parameter #2</th><th>Parameter #3</th><th>Parameter #4</th></tr><tr class="param stripe"><td>OS X</td><td>Ventura</td><td>Safari</td><td>138</td></tr><tr><th colspan="4">Exception</th></tr><tr><td colspan="4"><div class="stacktrace">org.openqa.selenium.WebDriverException: OS/Browser combination invalid: {&quot;browserName&quot;=&gt;&quot;Safari&quot;, &quot;bstack:options&quot;=&gt;{&quot;buildName&quot;=&gt;&quot;browserstack build #8&quot;, &quot;debug&quot;=&gt;true, &quot;os&quot;=&gt;&quot;OS X&quot;, &quot;osVersion&quot;=&gt;&quot;Ventura&quot;, &quot;browserVersion&quot;=&gt;&quot;138&quot;, &quot;sessionName&quot;=&gt;&quot;ElPaisHeaderAnalyzerOccurence&quot;, &quot;consoleLogs&quot;=&gt;&quot;info&quot;, &quot;networkLogs&quot;=&gt;true, &quot;projectName&quot;=&gt;&quot;BrowserStack Sample&quot;, &quot;buildIdentifier&quot;=&gt;&quot;#8&quot;, &quot;hostName&quot;=&gt;&quot;DESKTOP-RULROEU&quot;, &quot;browserstackSDK&quot;=&gt;&quot;TestNG-javaagent/1.38.1&quot;, &quot;buildProductMap&quot;=&gt;{&quot;observability&quot;=&gt;true, &quot;accessibility&quot;=&gt;false, &quot;percy&quot;=&gt;false, &quot;automate&quot;=&gt;true, &quot;app_automate&quot;=&gt;false}, &quot;useW3C&quot;=&gt;true, &quot;accessibilityOptions&quot;=&gt;{}, &quot;testhubBuildUuid&quot;=&gt;&quot;vkmu2sccc4crfei8hcc8mwpvkdewa2y9ua5baf6m&quot;}, &quot;browserstack.is_hub_canary&quot;=&gt;false, &quot;acceptSslCert&quot;=&gt;false, &quot;detected_language&quot;=&gt;&quot;selenium/3.14.0 (java windows)&quot;, &quot;new_bucketing&quot;=&gt;true, &quot;browser&quot;=&gt;&quot;Safari&quot;, &quot;buildName&quot;=&gt;&quot;browserstack build #8&quot;, &quot;browserstack.debug&quot;=&gt;&quot;true&quot;, &quot;os&quot;=&gt;&quot;OS X&quot;, &quot;osVersion&quot;=&gt;&quot;Ventura&quot;, &quot;browserVersion&quot;=&gt;&quot;138&quot;, &quot;sessionName&quot;=&gt;&quot;ElPaisHeaderAnalyzerOccurence&quot;, &quot;browserstack.consoleLogs&quot;=&gt;&quot;info&quot;, &quot;browserstack.networkLogs&quot;=&gt;&quot;true&quot;, &quot;projectName&quot;=&gt;&quot;BrowserStack Sample&quot;, &quot;browserstack.buildIdentifier&quot;=&gt;&quot;#8&quot;, &quot;browserstack.hostName&quot;=&gt;&quot;DESKTOP-RULROEU&quot;, &quot;browserstack.browserstackSDK&quot;=&gt;&quot;TestNG-javaagent/1.38.1&quot;, &quot;browserstack.buildProductMap.observability&quot;=&gt;true, &quot;browserstack.buildProductMap.accessibility&quot;=&gt;false, &quot;browserstack.buildProductMap.percy&quot;=&gt;false, &quot;browserstack.buildProductMap.automate&quot;=&gt;true, &quot;browserstack.buildProductMap.app_automate&quot;=&gt;false, &quot;browserstack.useW3C&quot;=&gt;&quot;true&quot;, &quot;browserstack.testhubBuildUuid&quot;=&gt;&quot;vkmu2sccc4crfei8hcc8mwpvkdewa2y9ua5baf6m&quot;, &quot;os_version&quot;=&gt;&quot;Ventura&quot;, &quot;browser_name&quot;=&gt;&quot;Safari&quot;, &quot;browser_version&quot;=&gt;&quot;138&quot;, &quot;version&quot;=&gt;&quot;138&quot;, &quot;browserstack.use_w3c&quot;=&gt;&quot;true&quot;, &quot;name&quot;=&gt;&quot;ElPaisHeaderAnalyzerOccurence&quot;, &quot;build&quot;=&gt;&quot;browserstack build #8&quot;, &quot;project&quot;=&gt;&quot;BrowserStack Sample&quot;, &quot;browserstack.console&quot;=&gt;&quot;info&quot;, &quot;browserstack.seleniumLogs&quot;=&gt;true} (WARNING: The server did not provide any stacktrace information)
Command duration or timeout: 1.17 seconds
Build info: version: &apos;3.14.0&apos;, revision: &apos;aacccce0&apos;, time: &apos;2018-08-02T20:19:58.91Z&apos;
System info: host: &apos;DESKTOP-RULROEU&apos;, ip: &apos;192.168.1.99&apos;, os.name: &apos;Windows 11&apos;, os.arch: &apos;amd64&apos;, os.version: &apos;10.0&apos;, java.version: &apos;21.0.3&apos;
Driver info: driver.version: RemoteWebDriver
	at org.openqa.selenium.remote.ErrorHandler.createThrowable(ErrorHandler.java:214)
	at org.openqa.selenium.remote.ErrorHandler.throwIfResponseFailed(ErrorHandler.java:166)
	at org.openqa.selenium.remote.JsonWireProtocolResponse.lambda$new$0(JsonWireProtocolResponse.java:53)
	at org.openqa.selenium.remote.JsonWireProtocolResponse.lambda$getResponseFunction$2(JsonWireProtocolResponse.java:91)
	at org.openqa.selenium.remote.ProtocolHandshake.lambda$createSession$0(ProtocolHandshake.java:122)
	at java.base/java.util.stream.ReferencePipeline$3$1.accept(ReferencePipeline.java:197)
	at java.base/java.util.Spliterators$ArraySpliterator.tryAdvance(Spliterators.java:1034)
	at java.base/java.util.stream.ReferencePipeline.forEachWithCancel(ReferencePipeline.java:129)
	at java.base/java.util.stream.AbstractPipeline.copyIntoWithCancel(AbstractPipeline.java:527)
	at java.base/java.util.stream.AbstractPipeline.copyInto(AbstractPipeline.java:513)
	at java.base/java.util.stream.AbstractPipeline.wrapAndCopyInto(AbstractPipeline.java:499)
	at java.base/java.util.stream.FindOps$FindOp.evaluateSequential(FindOps.java:150)
	at java.base/java.util.stream.AbstractPipeline.evaluate(AbstractPipeline.java:234)
	at java.base/java.util.stream.ReferencePipeline.findFirst(ReferencePipeline.java:647)
	at org.openqa.selenium.remote.ProtocolHandshake.createSession(ProtocolHandshake.java:125)
	at org.openqa.selenium.remote.ProtocolHandshake.createSession(ProtocolHandshake.java:73)
	at org.openqa.selenium.remote.HttpCommandExecutor.execute(HttpCommandExecutor.java:136)
	at org.openqa.selenium.remote.RemoteWebDriver.execute(RemoteWebDriver.java:548)
	at org.openqa.selenium.remote.RemoteWebDriver.startSession(RemoteWebDriver.java:212)
	at org.openqa.selenium.remote.RemoteWebDriver.&lt;init&gt;(RemoteWebDriver.java:130)
	at org.openqa.selenium.remote.RemoteWebDriver.&lt;init&gt;(RemoteWebDriver.java:143)
	at testcases.BrowserStackBaseTest.setup(BrowserStackBaseTest.java:61)
	at java.base/java.util.ArrayList.forEach(ArrayList.java:1596)
	at java.base/java.util.concurrent.FutureTask.run(FutureTask.java:317)
	at java.base/java.util.concurrent.ThreadPoolExecutor.runWorker(ThreadPoolExecutor.java:1144)
	at java.base/java.util.concurrent.ThreadPoolExecutor$Worker.run(ThreadPoolExecutor.java:642)
	at java.base/java.lang.Thread.run(Thread.java:1583)
... Removed 22 stack frames</div></td></tr></table><p class="totop"><a href="#summary">back to summary</a></p>
<h3 id="m8">testcases.ElPaisHeaderTranslator#setup</h3><table class="result"><tr class="param"><th>Parameter #1</th><th>Parameter #2</th><th>Parameter #3</th><th>Parameter #4</th></tr><tr class="param stripe"><td>OS X</td><td>Ventura</td><td>Safari</td><td>138</td></tr><tr><th colspan="4">Exception</th></tr><tr><td colspan="4"><div class="stacktrace">org.openqa.selenium.WebDriverException: OS/Browser combination invalid: {&quot;browserName&quot;=&gt;&quot;Safari&quot;, &quot;bstack:options&quot;=&gt;{&quot;buildName&quot;=&gt;&quot;browserstack build #8&quot;, &quot;debug&quot;=&gt;true, &quot;os&quot;=&gt;&quot;OS X&quot;, &quot;osVersion&quot;=&gt;&quot;Ventura&quot;, &quot;browserVersion&quot;=&gt;&quot;138&quot;, &quot;sessionName&quot;=&gt;&quot;ElPaisHeaderTranslator&quot;, &quot;consoleLogs&quot;=&gt;&quot;info&quot;, &quot;networkLogs&quot;=&gt;true, &quot;projectName&quot;=&gt;&quot;BrowserStack Sample&quot;, &quot;buildIdentifier&quot;=&gt;&quot;#8&quot;, &quot;hostName&quot;=&gt;&quot;DESKTOP-RULROEU&quot;, &quot;browserstackSDK&quot;=&gt;&quot;TestNG-javaagent/1.38.1&quot;, &quot;buildProductMap&quot;=&gt;{&quot;observability&quot;=&gt;true, &quot;accessibility&quot;=&gt;false, &quot;percy&quot;=&gt;false, &quot;automate&quot;=&gt;true, &quot;app_automate&quot;=&gt;false}, &quot;useW3C&quot;=&gt;true, &quot;accessibilityOptions&quot;=&gt;{}, &quot;testhubBuildUuid&quot;=&gt;&quot;vkmu2sccc4crfei8hcc8mwpvkdewa2y9ua5baf6m&quot;}, &quot;browserstack.is_hub_canary&quot;=&gt;false, &quot;acceptSslCert&quot;=&gt;false, &quot;detected_language&quot;=&gt;&quot;selenium/3.14.0 (java windows)&quot;, &quot;new_bucketing&quot;=&gt;true, &quot;browser&quot;=&gt;&quot;Safari&quot;, &quot;buildName&quot;=&gt;&quot;browserstack build #8&quot;, &quot;browserstack.debug&quot;=&gt;&quot;true&quot;, &quot;os&quot;=&gt;&quot;OS X&quot;, &quot;osVersion&quot;=&gt;&quot;Ventura&quot;, &quot;browserVersion&quot;=&gt;&quot;138&quot;, &quot;sessionName&quot;=&gt;&quot;ElPaisHeaderTranslator&quot;, &quot;browserstack.consoleLogs&quot;=&gt;&quot;info&quot;, &quot;browserstack.networkLogs&quot;=&gt;&quot;true&quot;, &quot;projectName&quot;=&gt;&quot;BrowserStack Sample&quot;, &quot;browserstack.buildIdentifier&quot;=&gt;&quot;#8&quot;, &quot;browserstack.hostName&quot;=&gt;&quot;DESKTOP-RULROEU&quot;, &quot;browserstack.browserstackSDK&quot;=&gt;&quot;TestNG-javaagent/1.38.1&quot;, &quot;browserstack.buildProductMap.observability&quot;=&gt;true, &quot;browserstack.buildProductMap.accessibility&quot;=&gt;false, &quot;browserstack.buildProductMap.percy&quot;=&gt;false, &quot;browserstack.buildProductMap.automate&quot;=&gt;true, &quot;browserstack.buildProductMap.app_automate&quot;=&gt;false, &quot;browserstack.useW3C&quot;=&gt;&quot;true&quot;, &quot;browserstack.testhubBuildUuid&quot;=&gt;&quot;vkmu2sccc4crfei8hcc8mwpvkdewa2y9ua5baf6m&quot;, &quot;os_version&quot;=&gt;&quot;Ventura&quot;, &quot;browser_name&quot;=&gt;&quot;Safari&quot;, &quot;browser_version&quot;=&gt;&quot;138&quot;, &quot;version&quot;=&gt;&quot;138&quot;, &quot;browserstack.use_w3c&quot;=&gt;&quot;true&quot;, &quot;name&quot;=&gt;&quot;ElPaisHeaderTranslator&quot;, &quot;build&quot;=&gt;&quot;browserstack build #8&quot;, &quot;project&quot;=&gt;&quot;BrowserStack Sample&quot;, &quot;browserstack.console&quot;=&gt;&quot;info&quot;, &quot;browserstack.seleniumLogs&quot;=&gt;true} (WARNING: The server did not provide any stacktrace information)
Command duration or timeout: 1.17 seconds
Build info: version: &apos;3.14.0&apos;, revision: &apos;aacccce0&apos;, time: &apos;2018-08-02T20:19:58.91Z&apos;
System info: host: &apos;DESKTOP-RULROEU&apos;, ip: &apos;192.168.1.99&apos;, os.name: &apos;Windows 11&apos;, os.arch: &apos;amd64&apos;, os.version: &apos;10.0&apos;, java.version: &apos;21.0.3&apos;
Driver info: driver.version: RemoteWebDriver
	at org.openqa.selenium.remote.ErrorHandler.createThrowable(ErrorHandler.java:214)
	at org.openqa.selenium.remote.ErrorHandler.throwIfResponseFailed(ErrorHandler.java:166)
	at org.openqa.selenium.remote.JsonWireProtocolResponse.lambda$new$0(JsonWireProtocolResponse.java:53)
	at org.openqa.selenium.remote.JsonWireProtocolResponse.lambda$getResponseFunction$2(JsonWireProtocolResponse.java:91)
	at org.openqa.selenium.remote.ProtocolHandshake.lambda$createSession$0(ProtocolHandshake.java:122)
	at java.base/java.util.stream.ReferencePipeline$3$1.accept(ReferencePipeline.java:197)
	at java.base/java.util.Spliterators$ArraySpliterator.tryAdvance(Spliterators.java:1034)
	at java.base/java.util.stream.ReferencePipeline.forEachWithCancel(ReferencePipeline.java:129)
	at java.base/java.util.stream.AbstractPipeline.copyIntoWithCancel(AbstractPipeline.java:527)
	at java.base/java.util.stream.AbstractPipeline.copyInto(AbstractPipeline.java:513)
	at java.base/java.util.stream.AbstractPipeline.wrapAndCopyInto(AbstractPipeline.java:499)
	at java.base/java.util.stream.FindOps$FindOp.evaluateSequential(FindOps.java:150)
	at java.base/java.util.stream.AbstractPipeline.evaluate(AbstractPipeline.java:234)
	at java.base/java.util.stream.ReferencePipeline.findFirst(ReferencePipeline.java:647)
	at org.openqa.selenium.remote.ProtocolHandshake.createSession(ProtocolHandshake.java:125)
	at org.openqa.selenium.remote.ProtocolHandshake.createSession(ProtocolHandshake.java:73)
	at org.openqa.selenium.remote.HttpCommandExecutor.execute(HttpCommandExecutor.java:136)
	at org.openqa.selenium.remote.RemoteWebDriver.execute(RemoteWebDriver.java:548)
	at org.openqa.selenium.remote.RemoteWebDriver.startSession(RemoteWebDriver.java:212)
	at org.openqa.selenium.remote.RemoteWebDriver.&lt;init&gt;(RemoteWebDriver.java:130)
	at org.openqa.selenium.remote.RemoteWebDriver.&lt;init&gt;(RemoteWebDriver.java:143)
	at testcases.BrowserStackBaseTest.setup(BrowserStackBaseTest.java:61)
	at java.base/java.util.ArrayList.forEach(ArrayList.java:1596)
	at java.base/java.util.concurrent.FutureTask.run(FutureTask.java:317)
	at java.base/java.util.concurrent.ThreadPoolExecutor.runWorker(ThreadPoolExecutor.java:1144)
	at java.base/java.util.concurrent.ThreadPoolExecutor$Worker.run(ThreadPoolExecutor.java:642)
	at java.base/java.lang.Thread.run(Thread.java:1583)
... Removed 22 stack frames</div></td></tr></table><p class="totop"><a href="#summary">back to summary</a></p>
<h3 id="m9">testcases.ElPaisScraperTest#setup</h3><table class="result"><tr class="param"><th>Parameter #1</th><th>Parameter #2</th><th>Parameter #3</th><th>Parameter #4</th></tr><tr class="param stripe"><td>OS X</td><td>Ventura</td><td>Safari</td><td>138</td></tr><tr><th colspan="4">Exception</th></tr><tr><td colspan="4"><div class="stacktrace">org.openqa.selenium.WebDriverException: OS/Browser combination invalid: {&quot;browserName&quot;=&gt;&quot;Safari&quot;, &quot;bstack:options&quot;=&gt;{&quot;buildName&quot;=&gt;&quot;browserstack build #8&quot;, &quot;debug&quot;=&gt;true, &quot;os&quot;=&gt;&quot;OS X&quot;, &quot;osVersion&quot;=&gt;&quot;Ventura&quot;, &quot;browserVersion&quot;=&gt;&quot;138&quot;, &quot;sessionName&quot;=&gt;&quot;ElPaisScraperTest&quot;, &quot;consoleLogs&quot;=&gt;&quot;info&quot;, &quot;networkLogs&quot;=&gt;true, &quot;projectName&quot;=&gt;&quot;BrowserStack Sample&quot;, &quot;buildIdentifier&quot;=&gt;&quot;#8&quot;, &quot;hostName&quot;=&gt;&quot;DESKTOP-RULROEU&quot;, &quot;browserstackSDK&quot;=&gt;&quot;TestNG-javaagent/1.38.1&quot;, &quot;buildProductMap&quot;=&gt;{&quot;observability&quot;=&gt;true, &quot;accessibility&quot;=&gt;false, &quot;percy&quot;=&gt;false, &quot;automate&quot;=&gt;true, &quot;app_automate&quot;=&gt;false}, &quot;useW3C&quot;=&gt;true, &quot;accessibilityOptions&quot;=&gt;{}, &quot;testhubBuildUuid&quot;=&gt;&quot;vkmu2sccc4crfei8hcc8mwpvkdewa2y9ua5baf6m&quot;}, &quot;browserstack.is_hub_canary&quot;=&gt;false, &quot;acceptSslCert&quot;=&gt;false, &quot;detected_language&quot;=&gt;&quot;selenium/3.14.0 (java windows)&quot;, &quot;new_bucketing&quot;=&gt;true, &quot;browser&quot;=&gt;&quot;Safari&quot;, &quot;buildName&quot;=&gt;&quot;browserstack build #8&quot;, &quot;browserstack.debug&quot;=&gt;&quot;true&quot;, &quot;os&quot;=&gt;&quot;OS X&quot;, &quot;osVersion&quot;=&gt;&quot;Ventura&quot;, &quot;browserVersion&quot;=&gt;&quot;138&quot;, &quot;sessionName&quot;=&gt;&quot;ElPaisScraperTest&quot;, &quot;browserstack.consoleLogs&quot;=&gt;&quot;info&quot;, &quot;browserstack.networkLogs&quot;=&gt;&quot;true&quot;, &quot;projectName&quot;=&gt;&quot;BrowserStack Sample&quot;, &quot;browserstack.buildIdentifier&quot;=&gt;&quot;#8&quot;, &quot;browserstack.hostName&quot;=&gt;&quot;DESKTOP-RULROEU&quot;, &quot;browserstack.browserstackSDK&quot;=&gt;&quot;TestNG-javaagent/1.38.1&quot;, &quot;browserstack.buildProductMap.observability&quot;=&gt;true, &quot;browserstack.buildProductMap.accessibility&quot;=&gt;false, &quot;browserstack.buildProductMap.percy&quot;=&gt;false, &quot;browserstack.buildProductMap.automate&quot;=&gt;true, &quot;browserstack.buildProductMap.app_automate&quot;=&gt;false, &quot;browserstack.useW3C&quot;=&gt;&quot;true&quot;, &quot;browserstack.testhubBuildUuid&quot;=&gt;&quot;vkmu2sccc4crfei8hcc8mwpvkdewa2y9ua5baf6m&quot;, &quot;os_version&quot;=&gt;&quot;Ventura&quot;, &quot;browser_name&quot;=&gt;&quot;Safari&quot;, &quot;browser_version&quot;=&gt;&quot;138&quot;, &quot;version&quot;=&gt;&quot;138&quot;, &quot;browserstack.use_w3c&quot;=&gt;&quot;true&quot;, &quot;name&quot;=&gt;&quot;ElPaisScraperTest&quot;, &quot;build&quot;=&gt;&quot;browserstack build #8&quot;, &quot;project&quot;=&gt;&quot;BrowserStack Sample&quot;, &quot;browserstack.console&quot;=&gt;&quot;info&quot;, &quot;browserstack.seleniumLogs&quot;=&gt;true} (WARNING: The server did not provide any stacktrace information)
Command duration or timeout: 1.37 seconds
Build info: version: &apos;3.14.0&apos;, revision: &apos;aacccce0&apos;, time: &apos;2018-08-02T20:19:58.91Z&apos;
System info: host: &apos;DESKTOP-RULROEU&apos;, ip: &apos;192.168.1.99&apos;, os.name: &apos;Windows 11&apos;, os.arch: &apos;amd64&apos;, os.version: &apos;10.0&apos;, java.version: &apos;21.0.3&apos;
Driver info: driver.version: RemoteWebDriver
	at org.openqa.selenium.remote.ErrorHandler.createThrowable(ErrorHandler.java:214)
	at org.openqa.selenium.remote.ErrorHandler.throwIfResponseFailed(ErrorHandler.java:166)
	at org.openqa.selenium.remote.JsonWireProtocolResponse.lambda$new$0(JsonWireProtocolResponse.java:53)
	at org.openqa.selenium.remote.JsonWireProtocolResponse.lambda$getResponseFunction$2(JsonWireProtocolResponse.java:91)
	at org.openqa.selenium.remote.ProtocolHandshake.lambda$createSession$0(ProtocolHandshake.java:122)
	at java.base/java.util.stream.ReferencePipeline$3$1.accept(ReferencePipeline.java:197)
	at java.base/java.util.Spliterators$ArraySpliterator.tryAdvance(Spliterators.java:1034)
	at java.base/java.util.stream.ReferencePipeline.forEachWithCancel(ReferencePipeline.java:129)
	at java.base/java.util.stream.AbstractPipeline.copyIntoWithCancel(AbstractPipeline.java:527)
	at java.base/java.util.stream.AbstractPipeline.copyInto(AbstractPipeline.java:513)
	at java.base/java.util.stream.AbstractPipeline.wrapAndCopyInto(AbstractPipeline.java:499)
	at java.base/java.util.stream.FindOps$FindOp.evaluateSequential(FindOps.java:150)
	at java.base/java.util.stream.AbstractPipeline.evaluate(AbstractPipeline.java:234)
	at java.base/java.util.stream.ReferencePipeline.findFirst(ReferencePipeline.java:647)
	at org.openqa.selenium.remote.ProtocolHandshake.createSession(ProtocolHandshake.java:125)
	at org.openqa.selenium.remote.ProtocolHandshake.createSession(ProtocolHandshake.java:73)
	at org.openqa.selenium.remote.HttpCommandExecutor.execute(HttpCommandExecutor.java:136)
	at org.openqa.selenium.remote.RemoteWebDriver.execute(RemoteWebDriver.java:548)
	at org.openqa.selenium.remote.RemoteWebDriver.startSession(RemoteWebDriver.java:212)
	at org.openqa.selenium.remote.RemoteWebDriver.&lt;init&gt;(RemoteWebDriver.java:130)
	at org.openqa.selenium.remote.RemoteWebDriver.&lt;init&gt;(RemoteWebDriver.java:143)
	at testcases.BrowserStackBaseTest.setup(BrowserStackBaseTest.java:61)
	at java.base/java.util.ArrayList.forEach(ArrayList.java:1596)
	at java.base/java.util.concurrent.FutureTask.run(FutureTask.java:317)
	at java.base/java.util.concurrent.ThreadPoolExecutor.runWorker(ThreadPoolExecutor.java:1144)
	at java.base/java.util.concurrent.ThreadPoolExecutor$Worker.run(ThreadPoolExecutor.java:642)
	at java.base/java.lang.Thread.run(Thread.java:1583)
... Removed 22 stack frames</div></td></tr></table><p class="totop"><a href="#summary">back to summary</a></p>
<h3 id="m10">testcases.ElPaisHeaderAnalyzerOccurence#analyzeTranslatedHeaders</h3><table class="result"><tr><th>Exception</th></tr><tr><td><div class="stacktrace">org.openqa.selenium.WebDriverException: OS/Browser combination invalid: {&quot;browserName&quot;=&gt;&quot;Safari&quot;, &quot;bstack:options&quot;=&gt;{&quot;buildName&quot;=&gt;&quot;browserstack build #8&quot;, &quot;debug&quot;=&gt;true, &quot;os&quot;=&gt;&quot;OS X&quot;, &quot;osVersion&quot;=&gt;&quot;Ventura&quot;, &quot;browserVersion&quot;=&gt;&quot;138&quot;, &quot;sessionName&quot;=&gt;&quot;ElPaisHeaderAnalyzerOccurence&quot;, &quot;consoleLogs&quot;=&gt;&quot;info&quot;, &quot;networkLogs&quot;=&gt;true, &quot;projectName&quot;=&gt;&quot;BrowserStack Sample&quot;, &quot;buildIdentifier&quot;=&gt;&quot;#8&quot;, &quot;hostName&quot;=&gt;&quot;DESKTOP-RULROEU&quot;, &quot;browserstackSDK&quot;=&gt;&quot;TestNG-javaagent/1.38.1&quot;, &quot;buildProductMap&quot;=&gt;{&quot;observability&quot;=&gt;true, &quot;accessibility&quot;=&gt;false, &quot;percy&quot;=&gt;false, &quot;automate&quot;=&gt;true, &quot;app_automate&quot;=&gt;false}, &quot;useW3C&quot;=&gt;true, &quot;accessibilityOptions&quot;=&gt;{}, &quot;testhubBuildUuid&quot;=&gt;&quot;vkmu2sccc4crfei8hcc8mwpvkdewa2y9ua5baf6m&quot;}, &quot;browserstack.is_hub_canary&quot;=&gt;false, &quot;acceptSslCert&quot;=&gt;false, &quot;detected_language&quot;=&gt;&quot;selenium/3.14.0 (java windows)&quot;, &quot;new_bucketing&quot;=&gt;true, &quot;browser&quot;=&gt;&quot;Safari&quot;, &quot;buildName&quot;=&gt;&quot;browserstack build #8&quot;, &quot;browserstack.debug&quot;=&gt;&quot;true&quot;, &quot;os&quot;=&gt;&quot;OS X&quot;, &quot;osVersion&quot;=&gt;&quot;Ventura&quot;, &quot;browserVersion&quot;=&gt;&quot;138&quot;, &quot;sessionName&quot;=&gt;&quot;ElPaisHeaderAnalyzerOccurence&quot;, &quot;browserstack.consoleLogs&quot;=&gt;&quot;info&quot;, &quot;browserstack.networkLogs&quot;=&gt;&quot;true&quot;, &quot;projectName&quot;=&gt;&quot;BrowserStack Sample&quot;, &quot;browserstack.buildIdentifier&quot;=&gt;&quot;#8&quot;, &quot;browserstack.hostName&quot;=&gt;&quot;DESKTOP-RULROEU&quot;, &quot;browserstack.browserstackSDK&quot;=&gt;&quot;TestNG-javaagent/1.38.1&quot;, &quot;browserstack.buildProductMap.observability&quot;=&gt;true, &quot;browserstack.buildProductMap.accessibility&quot;=&gt;false, &quot;browserstack.buildProductMap.percy&quot;=&gt;false, &quot;browserstack.buildProductMap.automate&quot;=&gt;true, &quot;browserstack.buildProductMap.app_automate&quot;=&gt;false, &quot;browserstack.useW3C&quot;=&gt;&quot;true&quot;, &quot;browserstack.testhubBuildUuid&quot;=&gt;&quot;vkmu2sccc4crfei8hcc8mwpvkdewa2y9ua5baf6m&quot;, &quot;os_version&quot;=&gt;&quot;Ventura&quot;, &quot;browser_name&quot;=&gt;&quot;Safari&quot;, &quot;browser_version&quot;=&gt;&quot;138&quot;, &quot;version&quot;=&gt;&quot;138&quot;, &quot;browserstack.use_w3c&quot;=&gt;&quot;true&quot;, &quot;name&quot;=&gt;&quot;ElPaisHeaderAnalyzerOccurence&quot;, &quot;build&quot;=&gt;&quot;browserstack build #8&quot;, &quot;project&quot;=&gt;&quot;BrowserStack Sample&quot;, &quot;browserstack.console&quot;=&gt;&quot;info&quot;, &quot;browserstack.seleniumLogs&quot;=&gt;true} (WARNING: The server did not provide any stacktrace information)
Command duration or timeout: 1.17 seconds
Build info: version: &apos;3.14.0&apos;, revision: &apos;aacccce0&apos;, time: &apos;2018-08-02T20:19:58.91Z&apos;
System info: host: &apos;DESKTOP-RULROEU&apos;, ip: &apos;192.168.1.99&apos;, os.name: &apos;Windows 11&apos;, os.arch: &apos;amd64&apos;, os.version: &apos;10.0&apos;, java.version: &apos;21.0.3&apos;
Driver info: driver.version: RemoteWebDriver
	at org.openqa.selenium.remote.ErrorHandler.createThrowable(ErrorHandler.java:214)
	at org.openqa.selenium.remote.ErrorHandler.throwIfResponseFailed(ErrorHandler.java:166)
	at org.openqa.selenium.remote.JsonWireProtocolResponse.lambda$new$0(JsonWireProtocolResponse.java:53)
	at org.openqa.selenium.remote.JsonWireProtocolResponse.lambda$getResponseFunction$2(JsonWireProtocolResponse.java:91)
	at org.openqa.selenium.remote.ProtocolHandshake.lambda$createSession$0(ProtocolHandshake.java:122)
	at java.base/java.util.stream.ReferencePipeline$3$1.accept(ReferencePipeline.java:197)
	at java.base/java.util.Spliterators$ArraySpliterator.tryAdvance(Spliterators.java:1034)
	at java.base/java.util.stream.ReferencePipeline.forEachWithCancel(ReferencePipeline.java:129)
	at java.base/java.util.stream.AbstractPipeline.copyIntoWithCancel(AbstractPipeline.java:527)
	at java.base/java.util.stream.AbstractPipeline.copyInto(AbstractPipeline.java:513)
	at java.base/java.util.stream.AbstractPipeline.wrapAndCopyInto(AbstractPipeline.java:499)
	at java.base/java.util.stream.FindOps$FindOp.evaluateSequential(FindOps.java:150)
	at java.base/java.util.stream.AbstractPipeline.evaluate(AbstractPipeline.java:234)
	at java.base/java.util.stream.ReferencePipeline.findFirst(ReferencePipeline.java:647)
	at org.openqa.selenium.remote.ProtocolHandshake.createSession(ProtocolHandshake.java:125)
	at org.openqa.selenium.remote.ProtocolHandshake.createSession(ProtocolHandshake.java:73)
	at org.openqa.selenium.remote.HttpCommandExecutor.execute(HttpCommandExecutor.java:136)
	at org.openqa.selenium.remote.RemoteWebDriver.execute(RemoteWebDriver.java:548)
	at org.openqa.selenium.remote.RemoteWebDriver.startSession(RemoteWebDriver.java:212)
	at org.openqa.selenium.remote.RemoteWebDriver.&lt;init&gt;(RemoteWebDriver.java:130)
	at org.openqa.selenium.remote.RemoteWebDriver.&lt;init&gt;(RemoteWebDriver.java:143)
	at testcases.BrowserStackBaseTest.setup(BrowserStackBaseTest.java:61)
	at java.base/java.util.ArrayList.forEach(ArrayList.java:1596)
	at java.base/java.util.concurrent.FutureTask.run(FutureTask.java:317)
	at java.base/java.util.concurrent.ThreadPoolExecutor.runWorker(ThreadPoolExecutor.java:1144)
	at java.base/java.util.concurrent.ThreadPoolExecutor$Worker.run(ThreadPoolExecutor.java:642)
	at java.base/java.lang.Thread.run(Thread.java:1583)
... Removed 22 stack frames</div></td></tr></table><p class="totop"><a href="#summary">back to summary</a></p>
<h3 id="m11">testcases.ElPaisHeaderTranslator#translateArticleHeaders</h3><table class="result"><tr><th>Exception</th></tr><tr><td><div class="stacktrace">org.openqa.selenium.WebDriverException: OS/Browser combination invalid: {&quot;browserName&quot;=&gt;&quot;Safari&quot;, &quot;bstack:options&quot;=&gt;{&quot;buildName&quot;=&gt;&quot;browserstack build #8&quot;, &quot;debug&quot;=&gt;true, &quot;os&quot;=&gt;&quot;OS X&quot;, &quot;osVersion&quot;=&gt;&quot;Ventura&quot;, &quot;browserVersion&quot;=&gt;&quot;138&quot;, &quot;sessionName&quot;=&gt;&quot;ElPaisHeaderTranslator&quot;, &quot;consoleLogs&quot;=&gt;&quot;info&quot;, &quot;networkLogs&quot;=&gt;true, &quot;projectName&quot;=&gt;&quot;BrowserStack Sample&quot;, &quot;buildIdentifier&quot;=&gt;&quot;#8&quot;, &quot;hostName&quot;=&gt;&quot;DESKTOP-RULROEU&quot;, &quot;browserstackSDK&quot;=&gt;&quot;TestNG-javaagent/1.38.1&quot;, &quot;buildProductMap&quot;=&gt;{&quot;observability&quot;=&gt;true, &quot;accessibility&quot;=&gt;false, &quot;percy&quot;=&gt;false, &quot;automate&quot;=&gt;true, &quot;app_automate&quot;=&gt;false}, &quot;useW3C&quot;=&gt;true, &quot;accessibilityOptions&quot;=&gt;{}, &quot;testhubBuildUuid&quot;=&gt;&quot;vkmu2sccc4crfei8hcc8mwpvkdewa2y9ua5baf6m&quot;}, &quot;browserstack.is_hub_canary&quot;=&gt;false, &quot;acceptSslCert&quot;=&gt;false, &quot;detected_language&quot;=&gt;&quot;selenium/3.14.0 (java windows)&quot;, &quot;new_bucketing&quot;=&gt;true, &quot;browser&quot;=&gt;&quot;Safari&quot;, &quot;buildName&quot;=&gt;&quot;browserstack build #8&quot;, &quot;browserstack.debug&quot;=&gt;&quot;true&quot;, &quot;os&quot;=&gt;&quot;OS X&quot;, &quot;osVersion&quot;=&gt;&quot;Ventura&quot;, &quot;browserVersion&quot;=&gt;&quot;138&quot;, &quot;sessionName&quot;=&gt;&quot;ElPaisHeaderTranslator&quot;, &quot;browserstack.consoleLogs&quot;=&gt;&quot;info&quot;, &quot;browserstack.networkLogs&quot;=&gt;&quot;true&quot;, &quot;projectName&quot;=&gt;&quot;BrowserStack Sample&quot;, &quot;browserstack.buildIdentifier&quot;=&gt;&quot;#8&quot;, &quot;browserstack.hostName&quot;=&gt;&quot;DESKTOP-RULROEU&quot;, &quot;browserstack.browserstackSDK&quot;=&gt;&quot;TestNG-javaagent/1.38.1&quot;, &quot;browserstack.buildProductMap.observability&quot;=&gt;true, &quot;browserstack.buildProductMap.accessibility&quot;=&gt;false, &quot;browserstack.buildProductMap.percy&quot;=&gt;false, &quot;browserstack.buildProductMap.automate&quot;=&gt;true, &quot;browserstack.buildProductMap.app_automate&quot;=&gt;false, &quot;browserstack.useW3C&quot;=&gt;&quot;true&quot;, &quot;browserstack.testhubBuildUuid&quot;=&gt;&quot;vkmu2sccc4crfei8hcc8mwpvkdewa2y9ua5baf6m&quot;, &quot;os_version&quot;=&gt;&quot;Ventura&quot;, &quot;browser_name&quot;=&gt;&quot;Safari&quot;, &quot;browser_version&quot;=&gt;&quot;138&quot;, &quot;version&quot;=&gt;&quot;138&quot;, &quot;browserstack.use_w3c&quot;=&gt;&quot;true&quot;, &quot;name&quot;=&gt;&quot;ElPaisHeaderTranslator&quot;, &quot;build&quot;=&gt;&quot;browserstack build #8&quot;, &quot;project&quot;=&gt;&quot;BrowserStack Sample&quot;, &quot;browserstack.console&quot;=&gt;&quot;info&quot;, &quot;browserstack.seleniumLogs&quot;=&gt;true} (WARNING: The server did not provide any stacktrace information)
Command duration or timeout: 1.17 seconds
Build info: version: &apos;3.14.0&apos;, revision: &apos;aacccce0&apos;, time: &apos;2018-08-02T20:19:58.91Z&apos;
System info: host: &apos;DESKTOP-RULROEU&apos;, ip: &apos;192.168.1.99&apos;, os.name: &apos;Windows 11&apos;, os.arch: &apos;amd64&apos;, os.version: &apos;10.0&apos;, java.version: &apos;21.0.3&apos;
Driver info: driver.version: RemoteWebDriver
	at org.openqa.selenium.remote.ErrorHandler.createThrowable(ErrorHandler.java:214)
	at org.openqa.selenium.remote.ErrorHandler.throwIfResponseFailed(ErrorHandler.java:166)
	at org.openqa.selenium.remote.JsonWireProtocolResponse.lambda$new$0(JsonWireProtocolResponse.java:53)
	at org.openqa.selenium.remote.JsonWireProtocolResponse.lambda$getResponseFunction$2(JsonWireProtocolResponse.java:91)
	at org.openqa.selenium.remote.ProtocolHandshake.lambda$createSession$0(ProtocolHandshake.java:122)
	at java.base/java.util.stream.ReferencePipeline$3$1.accept(ReferencePipeline.java:197)
	at java.base/java.util.Spliterators$ArraySpliterator.tryAdvance(Spliterators.java:1034)
	at java.base/java.util.stream.ReferencePipeline.forEachWithCancel(ReferencePipeline.java:129)
	at java.base/java.util.stream.AbstractPipeline.copyIntoWithCancel(AbstractPipeline.java:527)
	at java.base/java.util.stream.AbstractPipeline.copyInto(AbstractPipeline.java:513)
	at java.base/java.util.stream.AbstractPipeline.wrapAndCopyInto(AbstractPipeline.java:499)
	at java.base/java.util.stream.FindOps$FindOp.evaluateSequential(FindOps.java:150)
	at java.base/java.util.stream.AbstractPipeline.evaluate(AbstractPipeline.java:234)
	at java.base/java.util.stream.ReferencePipeline.findFirst(ReferencePipeline.java:647)
	at org.openqa.selenium.remote.ProtocolHandshake.createSession(ProtocolHandshake.java:125)
	at org.openqa.selenium.remote.ProtocolHandshake.createSession(ProtocolHandshake.java:73)
	at org.openqa.selenium.remote.HttpCommandExecutor.execute(HttpCommandExecutor.java:136)
	at org.openqa.selenium.remote.RemoteWebDriver.execute(RemoteWebDriver.java:548)
	at org.openqa.selenium.remote.RemoteWebDriver.startSession(RemoteWebDriver.java:212)
	at org.openqa.selenium.remote.RemoteWebDriver.&lt;init&gt;(RemoteWebDriver.java:130)
	at org.openqa.selenium.remote.RemoteWebDriver.&lt;init&gt;(RemoteWebDriver.java:143)
	at testcases.BrowserStackBaseTest.setup(BrowserStackBaseTest.java:61)
	at java.base/java.util.ArrayList.forEach(ArrayList.java:1596)
	at java.base/java.util.concurrent.FutureTask.run(FutureTask.java:317)
	at java.base/java.util.concurrent.ThreadPoolExecutor.runWorker(ThreadPoolExecutor.java:1144)
	at java.base/java.util.concurrent.ThreadPoolExecutor$Worker.run(ThreadPoolExecutor.java:642)
	at java.base/java.lang.Thread.run(Thread.java:1583)
... Removed 22 stack frames</div></td></tr></table><p class="totop"><a href="#summary">back to summary</a></p>
<h3 id="m12">testcases.ElPaisScraperTest#scrapeOpinionArticles</h3><table class="result"><tr><th>Exception</th></tr><tr><td><div class="stacktrace">org.openqa.selenium.WebDriverException: OS/Browser combination invalid: {&quot;browserName&quot;=&gt;&quot;Safari&quot;, &quot;bstack:options&quot;=&gt;{&quot;buildName&quot;=&gt;&quot;browserstack build #8&quot;, &quot;debug&quot;=&gt;true, &quot;os&quot;=&gt;&quot;OS X&quot;, &quot;osVersion&quot;=&gt;&quot;Ventura&quot;, &quot;browserVersion&quot;=&gt;&quot;138&quot;, &quot;sessionName&quot;=&gt;&quot;ElPaisScraperTest&quot;, &quot;consoleLogs&quot;=&gt;&quot;info&quot;, &quot;networkLogs&quot;=&gt;true, &quot;projectName&quot;=&gt;&quot;BrowserStack Sample&quot;, &quot;buildIdentifier&quot;=&gt;&quot;#8&quot;, &quot;hostName&quot;=&gt;&quot;DESKTOP-RULROEU&quot;, &quot;browserstackSDK&quot;=&gt;&quot;TestNG-javaagent/1.38.1&quot;, &quot;buildProductMap&quot;=&gt;{&quot;observability&quot;=&gt;true, &quot;accessibility&quot;=&gt;false, &quot;percy&quot;=&gt;false, &quot;automate&quot;=&gt;true, &quot;app_automate&quot;=&gt;false}, &quot;useW3C&quot;=&gt;true, &quot;accessibilityOptions&quot;=&gt;{}, &quot;testhubBuildUuid&quot;=&gt;&quot;vkmu2sccc4crfei8hcc8mwpvkdewa2y9ua5baf6m&quot;}, &quot;browserstack.is_hub_canary&quot;=&gt;false, &quot;acceptSslCert&quot;=&gt;false, &quot;detected_language&quot;=&gt;&quot;selenium/3.14.0 (java windows)&quot;, &quot;new_bucketing&quot;=&gt;true, &quot;browser&quot;=&gt;&quot;Safari&quot;, &quot;buildName&quot;=&gt;&quot;browserstack build #8&quot;, &quot;browserstack.debug&quot;=&gt;&quot;true&quot;, &quot;os&quot;=&gt;&quot;OS X&quot;, &quot;osVersion&quot;=&gt;&quot;Ventura&quot;, &quot;browserVersion&quot;=&gt;&quot;138&quot;, &quot;sessionName&quot;=&gt;&quot;ElPaisScraperTest&quot;, &quot;browserstack.consoleLogs&quot;=&gt;&quot;info&quot;, &quot;browserstack.networkLogs&quot;=&gt;&quot;true&quot;, &quot;projectName&quot;=&gt;&quot;BrowserStack Sample&quot;, &quot;browserstack.buildIdentifier&quot;=&gt;&quot;#8&quot;, &quot;browserstack.hostName&quot;=&gt;&quot;DESKTOP-RULROEU&quot;, &quot;browserstack.browserstackSDK&quot;=&gt;&quot;TestNG-javaagent/1.38.1&quot;, &quot;browserstack.buildProductMap.observability&quot;=&gt;true, &quot;browserstack.buildProductMap.accessibility&quot;=&gt;false, &quot;browserstack.buildProductMap.percy&quot;=&gt;false, &quot;browserstack.buildProductMap.automate&quot;=&gt;true, &quot;browserstack.buildProductMap.app_automate&quot;=&gt;false, &quot;browserstack.useW3C&quot;=&gt;&quot;true&quot;, &quot;browserstack.testhubBuildUuid&quot;=&gt;&quot;vkmu2sccc4crfei8hcc8mwpvkdewa2y9ua5baf6m&quot;, &quot;os_version&quot;=&gt;&quot;Ventura&quot;, &quot;browser_name&quot;=&gt;&quot;Safari&quot;, &quot;browser_version&quot;=&gt;&quot;138&quot;, &quot;version&quot;=&gt;&quot;138&quot;, &quot;browserstack.use_w3c&quot;=&gt;&quot;true&quot;, &quot;name&quot;=&gt;&quot;ElPaisScraperTest&quot;, &quot;build&quot;=&gt;&quot;browserstack build #8&quot;, &quot;project&quot;=&gt;&quot;BrowserStack Sample&quot;, &quot;browserstack.console&quot;=&gt;&quot;info&quot;, &quot;browserstack.seleniumLogs&quot;=&gt;true} (WARNING: The server did not provide any stacktrace information)
Command duration or timeout: 1.37 seconds
Build info: version: &apos;3.14.0&apos;, revision: &apos;aacccce0&apos;, time: &apos;2018-08-02T20:19:58.91Z&apos;
System info: host: &apos;DESKTOP-RULROEU&apos;, ip: &apos;192.168.1.99&apos;, os.name: &apos;Windows 11&apos;, os.arch: &apos;amd64&apos;, os.version: &apos;10.0&apos;, java.version: &apos;21.0.3&apos;
Driver info: driver.version: RemoteWebDriver
	at org.openqa.selenium.remote.ErrorHandler.createThrowable(ErrorHandler.java:214)
	at org.openqa.selenium.remote.ErrorHandler.throwIfResponseFailed(ErrorHandler.java:166)
	at org.openqa.selenium.remote.JsonWireProtocolResponse.lambda$new$0(JsonWireProtocolResponse.java:53)
	at org.openqa.selenium.remote.JsonWireProtocolResponse.lambda$getResponseFunction$2(JsonWireProtocolResponse.java:91)
	at org.openqa.selenium.remote.ProtocolHandshake.lambda$createSession$0(ProtocolHandshake.java:122)
	at java.base/java.util.stream.ReferencePipeline$3$1.accept(ReferencePipeline.java:197)
	at java.base/java.util.Spliterators$ArraySpliterator.tryAdvance(Spliterators.java:1034)
	at java.base/java.util.stream.ReferencePipeline.forEachWithCancel(ReferencePipeline.java:129)
	at java.base/java.util.stream.AbstractPipeline.copyIntoWithCancel(AbstractPipeline.java:527)
	at java.base/java.util.stream.AbstractPipeline.copyInto(AbstractPipeline.java:513)
	at java.base/java.util.stream.AbstractPipeline.wrapAndCopyInto(AbstractPipeline.java:499)
	at java.base/java.util.stream.FindOps$FindOp.evaluateSequential(FindOps.java:150)
	at java.base/java.util.stream.AbstractPipeline.evaluate(AbstractPipeline.java:234)
	at java.base/java.util.stream.ReferencePipeline.findFirst(ReferencePipeline.java:647)
	at org.openqa.selenium.remote.ProtocolHandshake.createSession(ProtocolHandshake.java:125)
	at org.openqa.selenium.remote.ProtocolHandshake.createSession(ProtocolHandshake.java:73)
	at org.openqa.selenium.remote.HttpCommandExecutor.execute(HttpCommandExecutor.java:136)
	at org.openqa.selenium.remote.RemoteWebDriver.execute(RemoteWebDriver.java:548)
	at org.openqa.selenium.remote.RemoteWebDriver.startSession(RemoteWebDriver.java:212)
	at org.openqa.selenium.remote.RemoteWebDriver.&lt;init&gt;(RemoteWebDriver.java:130)
	at org.openqa.selenium.remote.RemoteWebDriver.&lt;init&gt;(RemoteWebDriver.java:143)
	at testcases.BrowserStackBaseTest.setup(BrowserStackBaseTest.java:61)
	at java.base/java.util.ArrayList.forEach(ArrayList.java:1596)
	at java.base/java.util.concurrent.FutureTask.run(FutureTask.java:317)
	at java.base/java.util.concurrent.ThreadPoolExecutor.runWorker(ThreadPoolExecutor.java:1144)
	at java.base/java.util.concurrent.ThreadPoolExecutor$Worker.run(ThreadPoolExecutor.java:642)
	at java.base/java.lang.Thread.run(Thread.java:1583)
... Removed 22 stack frames</div></td></tr></table><p class="totop"><a href="#summary">back to summary</a></p>
<h3 id="m13">testcases.VerifySpanishLanguage#verifyPageIsInSpanish</h3><table class="result"><tr><th class="invisible"/></tr></table><p class="totop"><a href="#summary">back to summary</a></p>
<h2>Android Chrome Test</h2><h3 id="m14">testcases.ElPaisHeaderAnalyzerOccurence#setup</h3><table class="result"><tr class="param"><th>Parameter #1</th><th>Parameter #2</th><th>Parameter #3</th><th>Parameter #4</th></tr><tr class="param stripe"><td>android</td><td>14.0</td><td>Chrome</td><td></td></tr><tr><th colspan="4">Exception</th></tr><tr><td colspan="4"><div class="stacktrace">org.openqa.selenium.WebDriverException: Error: OS and OS Version not supported. (WARNING: The server did not provide any stacktrace information)
Command duration or timeout: 1.19 seconds
Build info: version: &apos;3.14.0&apos;, revision: &apos;aacccce0&apos;, time: &apos;2018-08-02T20:19:58.91Z&apos;
System info: host: &apos;DESKTOP-RULROEU&apos;, ip: &apos;192.168.1.99&apos;, os.name: &apos;Windows 11&apos;, os.arch: &apos;amd64&apos;, os.version: &apos;10.0&apos;, java.version: &apos;21.0.3&apos;
Driver info: driver.version: RemoteWebDriver
	at org.openqa.selenium.remote.ErrorHandler.createThrowable(ErrorHandler.java:214)
	at org.openqa.selenium.remote.ErrorHandler.throwIfResponseFailed(ErrorHandler.java:166)
	at org.openqa.selenium.remote.JsonWireProtocolResponse.lambda$new$0(JsonWireProtocolResponse.java:53)
	at org.openqa.selenium.remote.JsonWireProtocolResponse.lambda$getResponseFunction$2(JsonWireProtocolResponse.java:91)
	at org.openqa.selenium.remote.ProtocolHandshake.lambda$createSession$0(ProtocolHandshake.java:122)
	at java.base/java.util.stream.ReferencePipeline$3$1.accept(ReferencePipeline.java:197)
	at java.base/java.util.Spliterators$ArraySpliterator.tryAdvance(Spliterators.java:1034)
	at java.base/java.util.stream.ReferencePipeline.forEachWithCancel(ReferencePipeline.java:129)
	at java.base/java.util.stream.AbstractPipeline.copyIntoWithCancel(AbstractPipeline.java:527)
	at java.base/java.util.stream.AbstractPipeline.copyInto(AbstractPipeline.java:513)
	at java.base/java.util.stream.AbstractPipeline.wrapAndCopyInto(AbstractPipeline.java:499)
	at java.base/java.util.stream.FindOps$FindOp.evaluateSequential(FindOps.java:150)
	at java.base/java.util.stream.AbstractPipeline.evaluate(AbstractPipeline.java:234)
	at java.base/java.util.stream.ReferencePipeline.findFirst(ReferencePipeline.java:647)
	at org.openqa.selenium.remote.ProtocolHandshake.createSession(ProtocolHandshake.java:125)
	at org.openqa.selenium.remote.ProtocolHandshake.createSession(ProtocolHandshake.java:73)
	at org.openqa.selenium.remote.HttpCommandExecutor.execute(HttpCommandExecutor.java:136)
	at org.openqa.selenium.remote.RemoteWebDriver.execute(RemoteWebDriver.java:548)
	at org.openqa.selenium.remote.RemoteWebDriver.startSession(RemoteWebDriver.java:212)
	at org.openqa.selenium.remote.RemoteWebDriver.&lt;init&gt;(RemoteWebDriver.java:130)
	at org.openqa.selenium.remote.RemoteWebDriver.&lt;init&gt;(RemoteWebDriver.java:143)
	at testcases.BrowserStackBaseTest.setup(BrowserStackBaseTest.java:61)
	at java.base/java.util.ArrayList.forEach(ArrayList.java:1596)
	at java.base/java.util.concurrent.FutureTask.run(FutureTask.java:317)
	at java.base/java.util.concurrent.ThreadPoolExecutor.runWorker(ThreadPoolExecutor.java:1144)
	at java.base/java.util.concurrent.ThreadPoolExecutor$Worker.run(ThreadPoolExecutor.java:642)
	at java.base/java.lang.Thread.run(Thread.java:1583)
... Removed 22 stack frames</div></td></tr></table><p class="totop"><a href="#summary">back to summary</a></p>
<h3 id="m15">testcases.ElPaisHeaderTranslator#setup</h3><table class="result"><tr class="param"><th>Parameter #1</th><th>Parameter #2</th><th>Parameter #3</th><th>Parameter #4</th></tr><tr class="param stripe"><td>android</td><td>14.0</td><td>Chrome</td><td></td></tr><tr><th colspan="4">Exception</th></tr><tr><td colspan="4"><div class="stacktrace">org.openqa.selenium.WebDriverException: Error: OS and OS Version not supported. (WARNING: The server did not provide any stacktrace information)
Command duration or timeout: 1.22 seconds
Build info: version: &apos;3.14.0&apos;, revision: &apos;aacccce0&apos;, time: &apos;2018-08-02T20:19:58.91Z&apos;
System info: host: &apos;DESKTOP-RULROEU&apos;, ip: &apos;192.168.1.99&apos;, os.name: &apos;Windows 11&apos;, os.arch: &apos;amd64&apos;, os.version: &apos;10.0&apos;, java.version: &apos;21.0.3&apos;
Driver info: driver.version: RemoteWebDriver
	at org.openqa.selenium.remote.ErrorHandler.createThrowable(ErrorHandler.java:214)
	at org.openqa.selenium.remote.ErrorHandler.throwIfResponseFailed(ErrorHandler.java:166)
	at org.openqa.selenium.remote.JsonWireProtocolResponse.lambda$new$0(JsonWireProtocolResponse.java:53)
	at org.openqa.selenium.remote.JsonWireProtocolResponse.lambda$getResponseFunction$2(JsonWireProtocolResponse.java:91)
	at org.openqa.selenium.remote.ProtocolHandshake.lambda$createSession$0(ProtocolHandshake.java:122)
	at java.base/java.util.stream.ReferencePipeline$3$1.accept(ReferencePipeline.java:197)
	at java.base/java.util.Spliterators$ArraySpliterator.tryAdvance(Spliterators.java:1034)
	at java.base/java.util.stream.ReferencePipeline.forEachWithCancel(ReferencePipeline.java:129)
	at java.base/java.util.stream.AbstractPipeline.copyIntoWithCancel(AbstractPipeline.java:527)
	at java.base/java.util.stream.AbstractPipeline.copyInto(AbstractPipeline.java:513)
	at java.base/java.util.stream.AbstractPipeline.wrapAndCopyInto(AbstractPipeline.java:499)
	at java.base/java.util.stream.FindOps$FindOp.evaluateSequential(FindOps.java:150)
	at java.base/java.util.stream.AbstractPipeline.evaluate(AbstractPipeline.java:234)
	at java.base/java.util.stream.ReferencePipeline.findFirst(ReferencePipeline.java:647)
	at org.openqa.selenium.remote.ProtocolHandshake.createSession(ProtocolHandshake.java:125)
	at org.openqa.selenium.remote.ProtocolHandshake.createSession(ProtocolHandshake.java:73)
	at org.openqa.selenium.remote.HttpCommandExecutor.execute(HttpCommandExecutor.java:136)
	at org.openqa.selenium.remote.RemoteWebDriver.execute(RemoteWebDriver.java:548)
	at org.openqa.selenium.remote.RemoteWebDriver.startSession(RemoteWebDriver.java:212)
	at org.openqa.selenium.remote.RemoteWebDriver.&lt;init&gt;(RemoteWebDriver.java:130)
	at org.openqa.selenium.remote.RemoteWebDriver.&lt;init&gt;(RemoteWebDriver.java:143)
	at testcases.BrowserStackBaseTest.setup(BrowserStackBaseTest.java:61)
	at java.base/java.util.ArrayList.forEach(ArrayList.java:1596)
	at java.base/java.util.concurrent.FutureTask.run(FutureTask.java:317)
	at java.base/java.util.concurrent.ThreadPoolExecutor.runWorker(ThreadPoolExecutor.java:1144)
	at java.base/java.util.concurrent.ThreadPoolExecutor$Worker.run(ThreadPoolExecutor.java:642)
	at java.base/java.lang.Thread.run(Thread.java:1583)
... Removed 22 stack frames</div></td></tr></table><p class="totop"><a href="#summary">back to summary</a></p>
<h3 id="m16">testcases.ElPaisScraperTest#setup</h3><table class="result"><tr class="param"><th>Parameter #1</th><th>Parameter #2</th><th>Parameter #3</th><th>Parameter #4</th></tr><tr class="param stripe"><td>android</td><td>14.0</td><td>Chrome</td><td></td></tr><tr><th colspan="4">Exception</th></tr><tr><td colspan="4"><div class="stacktrace">org.openqa.selenium.WebDriverException: Error: OS and OS Version not supported. (WARNING: The server did not provide any stacktrace information)
Command duration or timeout: 1.17 seconds
Build info: version: &apos;3.14.0&apos;, revision: &apos;aacccce0&apos;, time: &apos;2018-08-02T20:19:58.91Z&apos;
System info: host: &apos;DESKTOP-RULROEU&apos;, ip: &apos;192.168.1.99&apos;, os.name: &apos;Windows 11&apos;, os.arch: &apos;amd64&apos;, os.version: &apos;10.0&apos;, java.version: &apos;21.0.3&apos;
Driver info: driver.version: RemoteWebDriver
	at org.openqa.selenium.remote.ErrorHandler.createThrowable(ErrorHandler.java:214)
	at org.openqa.selenium.remote.ErrorHandler.throwIfResponseFailed(ErrorHandler.java:166)
	at org.openqa.selenium.remote.JsonWireProtocolResponse.lambda$new$0(JsonWireProtocolResponse.java:53)
	at org.openqa.selenium.remote.JsonWireProtocolResponse.lambda$getResponseFunction$2(JsonWireProtocolResponse.java:91)
	at org.openqa.selenium.remote.ProtocolHandshake.lambda$createSession$0(ProtocolHandshake.java:122)
	at java.base/java.util.stream.ReferencePipeline$3$1.accept(ReferencePipeline.java:197)
	at java.base/java.util.Spliterators$ArraySpliterator.tryAdvance(Spliterators.java:1034)
	at java.base/java.util.stream.ReferencePipeline.forEachWithCancel(ReferencePipeline.java:129)
	at java.base/java.util.stream.AbstractPipeline.copyIntoWithCancel(AbstractPipeline.java:527)
	at java.base/java.util.stream.AbstractPipeline.copyInto(AbstractPipeline.java:513)
	at java.base/java.util.stream.AbstractPipeline.wrapAndCopyInto(AbstractPipeline.java:499)
	at java.base/java.util.stream.FindOps$FindOp.evaluateSequential(FindOps.java:150)
	at java.base/java.util.stream.AbstractPipeline.evaluate(AbstractPipeline.java:234)
	at java.base/java.util.stream.ReferencePipeline.findFirst(ReferencePipeline.java:647)
	at org.openqa.selenium.remote.ProtocolHandshake.createSession(ProtocolHandshake.java:125)
	at org.openqa.selenium.remote.ProtocolHandshake.createSession(ProtocolHandshake.java:73)
	at org.openqa.selenium.remote.HttpCommandExecutor.execute(HttpCommandExecutor.java:136)
	at org.openqa.selenium.remote.RemoteWebDriver.execute(RemoteWebDriver.java:548)
	at org.openqa.selenium.remote.RemoteWebDriver.startSession(RemoteWebDriver.java:212)
	at org.openqa.selenium.remote.RemoteWebDriver.&lt;init&gt;(RemoteWebDriver.java:130)
	at org.openqa.selenium.remote.RemoteWebDriver.&lt;init&gt;(RemoteWebDriver.java:143)
	at testcases.BrowserStackBaseTest.setup(BrowserStackBaseTest.java:61)
	at java.base/java.util.ArrayList.forEach(ArrayList.java:1596)
	at java.base/java.util.concurrent.FutureTask.run(FutureTask.java:317)
	at java.base/java.util.concurrent.ThreadPoolExecutor.runWorker(ThreadPoolExecutor.java:1144)
	at java.base/java.util.concurrent.ThreadPoolExecutor$Worker.run(ThreadPoolExecutor.java:642)
	at java.base/java.lang.Thread.run(Thread.java:1583)
... Removed 22 stack frames</div></td></tr></table><p class="totop"><a href="#summary">back to summary</a></p>
<h3 id="m17">testcases.ElPaisHeaderAnalyzerOccurence#analyzeTranslatedHeaders</h3><table class="result"><tr><th>Exception</th></tr><tr><td><div class="stacktrace">org.openqa.selenium.WebDriverException: Error: OS and OS Version not supported. (WARNING: The server did not provide any stacktrace information)
Command duration or timeout: 1.19 seconds
Build info: version: &apos;3.14.0&apos;, revision: &apos;aacccce0&apos;, time: &apos;2018-08-02T20:19:58.91Z&apos;
System info: host: &apos;DESKTOP-RULROEU&apos;, ip: &apos;192.168.1.99&apos;, os.name: &apos;Windows 11&apos;, os.arch: &apos;amd64&apos;, os.version: &apos;10.0&apos;, java.version: &apos;21.0.3&apos;
Driver info: driver.version: RemoteWebDriver
	at org.openqa.selenium.remote.ErrorHandler.createThrowable(ErrorHandler.java:214)
	at org.openqa.selenium.remote.ErrorHandler.throwIfResponseFailed(ErrorHandler.java:166)
	at org.openqa.selenium.remote.JsonWireProtocolResponse.lambda$new$0(JsonWireProtocolResponse.java:53)
	at org.openqa.selenium.remote.JsonWireProtocolResponse.lambda$getResponseFunction$2(JsonWireProtocolResponse.java:91)
	at org.openqa.selenium.remote.ProtocolHandshake.lambda$createSession$0(ProtocolHandshake.java:122)
	at java.base/java.util.stream.ReferencePipeline$3$1.accept(ReferencePipeline.java:197)
	at java.base/java.util.Spliterators$ArraySpliterator.tryAdvance(Spliterators.java:1034)
	at java.base/java.util.stream.ReferencePipeline.forEachWithCancel(ReferencePipeline.java:129)
	at java.base/java.util.stream.AbstractPipeline.copyIntoWithCancel(AbstractPipeline.java:527)
	at java.base/java.util.stream.AbstractPipeline.copyInto(AbstractPipeline.java:513)
	at java.base/java.util.stream.AbstractPipeline.wrapAndCopyInto(AbstractPipeline.java:499)
	at java.base/java.util.stream.FindOps$FindOp.evaluateSequential(FindOps.java:150)
	at java.base/java.util.stream.AbstractPipeline.evaluate(AbstractPipeline.java:234)
	at java.base/java.util.stream.ReferencePipeline.findFirst(ReferencePipeline.java:647)
	at org.openqa.selenium.remote.ProtocolHandshake.createSession(ProtocolHandshake.java:125)
	at org.openqa.selenium.remote.ProtocolHandshake.createSession(ProtocolHandshake.java:73)
	at org.openqa.selenium.remote.HttpCommandExecutor.execute(HttpCommandExecutor.java:136)
	at org.openqa.selenium.remote.RemoteWebDriver.execute(RemoteWebDriver.java:548)
	at org.openqa.selenium.remote.RemoteWebDriver.startSession(RemoteWebDriver.java:212)
	at org.openqa.selenium.remote.RemoteWebDriver.&lt;init&gt;(RemoteWebDriver.java:130)
	at org.openqa.selenium.remote.RemoteWebDriver.&lt;init&gt;(RemoteWebDriver.java:143)
	at testcases.BrowserStackBaseTest.setup(BrowserStackBaseTest.java:61)
	at java.base/java.util.ArrayList.forEach(ArrayList.java:1596)
	at java.base/java.util.concurrent.FutureTask.run(FutureTask.java:317)
	at java.base/java.util.concurrent.ThreadPoolExecutor.runWorker(ThreadPoolExecutor.java:1144)
	at java.base/java.util.concurrent.ThreadPoolExecutor$Worker.run(ThreadPoolExecutor.java:642)
	at java.base/java.lang.Thread.run(Thread.java:1583)
... Removed 22 stack frames</div></td></tr></table><p class="totop"><a href="#summary">back to summary</a></p>
<h3 id="m18">testcases.ElPaisHeaderTranslator#translateArticleHeaders</h3><table class="result"><tr><th>Exception</th></tr><tr><td><div class="stacktrace">org.openqa.selenium.WebDriverException: Error: OS and OS Version not supported. (WARNING: The server did not provide any stacktrace information)
Command duration or timeout: 1.22 seconds
Build info: version: &apos;3.14.0&apos;, revision: &apos;aacccce0&apos;, time: &apos;2018-08-02T20:19:58.91Z&apos;
System info: host: &apos;DESKTOP-RULROEU&apos;, ip: &apos;192.168.1.99&apos;, os.name: &apos;Windows 11&apos;, os.arch: &apos;amd64&apos;, os.version: &apos;10.0&apos;, java.version: &apos;21.0.3&apos;
Driver info: driver.version: RemoteWebDriver
	at org.openqa.selenium.remote.ErrorHandler.createThrowable(ErrorHandler.java:214)
	at org.openqa.selenium.remote.ErrorHandler.throwIfResponseFailed(ErrorHandler.java:166)
	at org.openqa.selenium.remote.JsonWireProtocolResponse.lambda$new$0(JsonWireProtocolResponse.java:53)
	at org.openqa.selenium.remote.JsonWireProtocolResponse.lambda$getResponseFunction$2(JsonWireProtocolResponse.java:91)
	at org.openqa.selenium.remote.ProtocolHandshake.lambda$createSession$0(ProtocolHandshake.java:122)
	at java.base/java.util.stream.ReferencePipeline$3$1.accept(ReferencePipeline.java:197)
	at java.base/java.util.Spliterators$ArraySpliterator.tryAdvance(Spliterators.java:1034)
	at java.base/java.util.stream.ReferencePipeline.forEachWithCancel(ReferencePipeline.java:129)
	at java.base/java.util.stream.AbstractPipeline.copyIntoWithCancel(AbstractPipeline.java:527)
	at java.base/java.util.stream.AbstractPipeline.copyInto(AbstractPipeline.java:513)
	at java.base/java.util.stream.AbstractPipeline.wrapAndCopyInto(AbstractPipeline.java:499)
	at java.base/java.util.stream.FindOps$FindOp.evaluateSequential(FindOps.java:150)
	at java.base/java.util.stream.AbstractPipeline.evaluate(AbstractPipeline.java:234)
	at java.base/java.util.stream.ReferencePipeline.findFirst(ReferencePipeline.java:647)
	at org.openqa.selenium.remote.ProtocolHandshake.createSession(ProtocolHandshake.java:125)
	at org.openqa.selenium.remote.ProtocolHandshake.createSession(ProtocolHandshake.java:73)
	at org.openqa.selenium.remote.HttpCommandExecutor.execute(HttpCommandExecutor.java:136)
	at org.openqa.selenium.remote.RemoteWebDriver.execute(RemoteWebDriver.java:548)
	at org.openqa.selenium.remote.RemoteWebDriver.startSession(RemoteWebDriver.java:212)
	at org.openqa.selenium.remote.RemoteWebDriver.&lt;init&gt;(RemoteWebDriver.java:130)
	at org.openqa.selenium.remote.RemoteWebDriver.&lt;init&gt;(RemoteWebDriver.java:143)
	at testcases.BrowserStackBaseTest.setup(BrowserStackBaseTest.java:61)
	at java.base/java.util.ArrayList.forEach(ArrayList.java:1596)
	at java.base/java.util.concurrent.FutureTask.run(FutureTask.java:317)
	at java.base/java.util.concurrent.ThreadPoolExecutor.runWorker(ThreadPoolExecutor.java:1144)
	at java.base/java.util.concurrent.ThreadPoolExecutor$Worker.run(ThreadPoolExecutor.java:642)
	at java.base/java.lang.Thread.run(Thread.java:1583)
... Removed 22 stack frames</div></td></tr></table><p class="totop"><a href="#summary">back to summary</a></p>
<h3 id="m19">testcases.ElPaisScraperTest#scrapeOpinionArticles</h3><table class="result"><tr><th>Exception</th></tr><tr><td><div class="stacktrace">org.openqa.selenium.WebDriverException: Error: OS and OS Version not supported. (WARNING: The server did not provide any stacktrace information)
Command duration or timeout: 1.17 seconds
Build info: version: &apos;3.14.0&apos;, revision: &apos;aacccce0&apos;, time: &apos;2018-08-02T20:19:58.91Z&apos;
System info: host: &apos;DESKTOP-RULROEU&apos;, ip: &apos;192.168.1.99&apos;, os.name: &apos;Windows 11&apos;, os.arch: &apos;amd64&apos;, os.version: &apos;10.0&apos;, java.version: &apos;21.0.3&apos;
Driver info: driver.version: RemoteWebDriver
	at org.openqa.selenium.remote.ErrorHandler.createThrowable(ErrorHandler.java:214)
	at org.openqa.selenium.remote.ErrorHandler.throwIfResponseFailed(ErrorHandler.java:166)
	at org.openqa.selenium.remote.JsonWireProtocolResponse.lambda$new$0(JsonWireProtocolResponse.java:53)
	at org.openqa.selenium.remote.JsonWireProtocolResponse.lambda$getResponseFunction$2(JsonWireProtocolResponse.java:91)
	at org.openqa.selenium.remote.ProtocolHandshake.lambda$createSession$0(ProtocolHandshake.java:122)
	at java.base/java.util.stream.ReferencePipeline$3$1.accept(ReferencePipeline.java:197)
	at java.base/java.util.Spliterators$ArraySpliterator.tryAdvance(Spliterators.java:1034)
	at java.base/java.util.stream.ReferencePipeline.forEachWithCancel(ReferencePipeline.java:129)
	at java.base/java.util.stream.AbstractPipeline.copyIntoWithCancel(AbstractPipeline.java:527)
	at java.base/java.util.stream.AbstractPipeline.copyInto(AbstractPipeline.java:513)
	at java.base/java.util.stream.AbstractPipeline.wrapAndCopyInto(AbstractPipeline.java:499)
	at java.base/java.util.stream.FindOps$FindOp.evaluateSequential(FindOps.java:150)
	at java.base/java.util.stream.AbstractPipeline.evaluate(AbstractPipeline.java:234)
	at java.base/java.util.stream.ReferencePipeline.findFirst(ReferencePipeline.java:647)
	at org.openqa.selenium.remote.ProtocolHandshake.createSession(ProtocolHandshake.java:125)
	at org.openqa.selenium.remote.ProtocolHandshake.createSession(ProtocolHandshake.java:73)
	at org.openqa.selenium.remote.HttpCommandExecutor.execute(HttpCommandExecutor.java:136)
	at org.openqa.selenium.remote.RemoteWebDriver.execute(RemoteWebDriver.java:548)
	at org.openqa.selenium.remote.RemoteWebDriver.startSession(RemoteWebDriver.java:212)
	at org.openqa.selenium.remote.RemoteWebDriver.&lt;init&gt;(RemoteWebDriver.java:130)
	at org.openqa.selenium.remote.RemoteWebDriver.&lt;init&gt;(RemoteWebDriver.java:143)
	at testcases.BrowserStackBaseTest.setup(BrowserStackBaseTest.java:61)
	at java.base/java.util.ArrayList.forEach(ArrayList.java:1596)
	at java.base/java.util.concurrent.FutureTask.run(FutureTask.java:317)
	at java.base/java.util.concurrent.ThreadPoolExecutor.runWorker(ThreadPoolExecutor.java:1144)
	at java.base/java.util.concurrent.ThreadPoolExecutor$Worker.run(ThreadPoolExecutor.java:642)
	at java.base/java.lang.Thread.run(Thread.java:1583)
... Removed 22 stack frames</div></td></tr></table><p class="totop"><a href="#summary">back to summary</a></p>
<h3 id="m20">testcases.VerifySpanishLanguage#verifyPageIsInSpanish</h3><table class="result"><tr><th class="invisible"/></tr></table><p class="totop"><a href="#summary">back to summary</a></p>
<h2>Win10 Firefox Test</h2><h3 id="m21">testcases.ElPaisHeaderAnalyzerOccurence#analyzeTranslatedHeaders</h3><table class="result"><tr><th class="invisible"/></tr></table><p class="totop"><a href="#summary">back to summary</a></p>
<h3 id="m22">testcases.ElPaisHeaderTranslator#translateArticleHeaders</h3><table class="result"><tr><th class="invisible"/></tr></table><p class="totop"><a href="#summary">back to summary</a></p>
<h3 id="m23">testcases.ElPaisScraperTest#scrapeOpinionArticles</h3><table class="result"><tr><th class="invisible"/></tr></table><p class="totop"><a href="#summary">back to summary</a></p>
<h3 id="m24">testcases.VerifySpanishLanguage#verifyPageIsInSpanish</h3><table class="result"><tr><th class="invisible"/></tr></table><p class="totop"><a href="#summary">back to summary</a></p>
<h2>Win11 Chrome Test</h2><h3 id="m25">testcases.ElPaisHeaderAnalyzerOccurence#analyzeTranslatedHeaders</h3><table class="result"><tr><th class="invisible"/></tr></table><p class="totop"><a href="#summary">back to summary</a></p>
<h3 id="m26">testcases.ElPaisHeaderTranslator#translateArticleHeaders</h3><table class="result"><tr><th class="invisible"/></tr></table><p class="totop"><a href="#summary">back to summary</a></p>
<h3 id="m27">testcases.ElPaisScraperTest#scrapeOpinionArticles</h3><table class="result"><tr><th class="invisible"/></tr></table><p class="totop"><a href="#summary">back to summary</a></p>
<h3 id="m28">testcases.VerifySpanishLanguage#verifyPageIsInSpanish</h3><table class="result"><tr><th class="invisible"/></tr></table><p class="totop"><a href="#summary">back to summary</a></p>
</body>
</html>
