<!DOCTYPE html>

<html>
  <head>
  <meta charset='utf-8'>
  <title>TestNG reports</title>

    <link type="text/css" href="testng-reports1.css" rel="stylesheet" id="ultra" />
    <link type="text/css" href="testng-reports.css" rel="stylesheet" id="retro" disabled="false"/>
    <script type="text/javascript" src="jquery-3.6.0.min.js"></script>
    <script type="text/javascript" src="testng-reports.js"></script>
    <script type="text/javascript" src="https://www.google.com/jsapi"></script>
    <script type='text/javascript'>
      google.load('visualization', '1', {packages:['table']});
      google.setOnLoadCallback(drawTable);
      var suiteTableInitFunctions = new Array();
      var suiteTableData = new Array();
    </script>
    <!--
      <script type="text/javascript" src="jquery-ui/js/jquery-ui-1.8.16.custom.min.js"></script>
     -->
  </head>

  <body>    <div class="top-banner-root">
      <span class="top-banner-title-font">Test results</span>
      <button id="button" class="button">Switch Retro Theme</button> <!-- button -->
      <br/>
      <span class="top-banner-font-1">1 suite</span>
    </div> <!-- top-banner-root -->
    <div class="navigator-root">
      <div class="navigator-suite-header">
        <span>All suites</span>
        <a href="#" title="Collapse/expand all the suites" class="collapse-all-link">
          <img src="collapseall.gif" class="collapse-all-icon">
          </img> <!-- collapse-all-icon -->
        </a> <!-- collapse-all-link -->
      </div> <!-- navigator-suite-header -->
      <div class="suite">
        <div class="rounded-window">
          <div class="suite-header light-rounded-window-top">
            <a href="#" panel-name="suite-BrowserStack_Cross_Browser_Suite" class="navigator-link">
              <span class="suite-name border-skipped">BrowserStack Cross-Browser Suite</span>
            </a> <!-- navigator-link -->
          </div> <!-- suite-header light-rounded-window-top -->
          <div class="navigator-suite-content">
            <div class="suite-section-title">
              <span>Info</span>
            </div> <!-- suite-section-title -->
            <div class="suite-section-content">
              <ul>
                <li>
                  <a href="#" panel-name="test-xml-BrowserStack_Cross_Browser_Suite" class="navigator-link ">
                    <span>C:\Users\Shradha Sahu\Downloads\DataDrivenFramework\DataDrivenFramework\testng.xml</span>
                  </a> <!-- navigator-link  -->
                </li>
                <li>
                  <a href="#" panel-name="testlist-BrowserStack_Cross_Browser_Suite" class="navigator-link ">
                    <span class="test-stats">5 tests</span>
                  </a> <!-- navigator-link  -->
                </li>
                <li>
                  <a href="#" panel-name="group-BrowserStack_Cross_Browser_Suite" class="navigator-link ">
                    <span>0 groups</span>
                  </a> <!-- navigator-link  -->
                </li>
                <li>
                  <a href="#" panel-name="times-BrowserStack_Cross_Browser_Suite" class="navigator-link ">
                    <span>Times</span>
                  </a> <!-- navigator-link  -->
                </li>
                <li>
                  <a href="#" panel-name="reporter-BrowserStack_Cross_Browser_Suite" class="navigator-link ">
                    <span>Reporter output</span>
                  </a> <!-- navigator-link  -->
                </li>
                <li>
                  <a href="#" panel-name="ignored-methods-BrowserStack_Cross_Browser_Suite" class="navigator-link ">
                    <span>Ignored methods</span>
                  </a> <!-- navigator-link  -->
                </li>
                <li>
                  <a href="#" panel-name="chronological-BrowserStack_Cross_Browser_Suite" class="navigator-link ">
                    <span>Chronological view</span>
                  </a> <!-- navigator-link  -->
                </li>
              </ul>
            </div> <!-- suite-section-content -->
            <div class="result-section">
              <div class="suite-section-title">
                <span>Results</span>
              </div> <!-- suite-section-title -->
              <div class="suite-section-content">
                <ul>
                  <li>
                    <span class="method-stats">20 methods,  9 skipped,  11 passed</span>
                  </li>
                  <li>
                    <span class="method-list-title skipped">Skipped methods</span>
                    <span class="show-or-hide-methods skipped">
                      <a href="#" panel-name="suite-BrowserStack_Cross_Browser_Suite" class="hide-methods skipped suite-BrowserStack_Cross_Browser_Suite"> (hide)</a> <!-- hide-methods skipped suite-BrowserStack_Cross_Browser_Suite -->
                      <a href="#" panel-name="suite-BrowserStack_Cross_Browser_Suite" class="show-methods skipped suite-BrowserStack_Cross_Browser_Suite"> (show)</a> <!-- show-methods skipped suite-BrowserStack_Cross_Browser_Suite -->
                    </span>
                    <div class="method-list-content skipped suite-BrowserStack_Cross_Browser_Suite">
                      <span>
                        <img src="skipped.png" width="3%"/>
                        <a href="#" panel-name="suite-BrowserStack_Cross_Browser_Suite" title="testcases.ElPaisHeaderAnalyzerOccurence" class="method navigator-link" hash-for-method="analyzeTranslatedHeaders">analyzeTranslatedHeaders</a> <!-- method navigator-link -->
                      </span>
                      <br/>
                      <span>
                        <img src="skipped.png" width="3%"/>
                        <a href="#" panel-name="suite-BrowserStack_Cross_Browser_Suite" title="testcases.ElPaisHeaderAnalyzerOccurence" class="method navigator-link" hash-for-method="analyzeTranslatedHeaders">analyzeTranslatedHeaders</a> <!-- method navigator-link -->
                      </span>
                      <br/>
                      <span>
                        <img src="skipped.png" width="3%"/>
                        <a href="#" panel-name="suite-BrowserStack_Cross_Browser_Suite" title="testcases.ElPaisHeaderAnalyzerOccurence" class="method navigator-link" hash-for-method="analyzeTranslatedHeaders">analyzeTranslatedHeaders</a> <!-- method navigator-link -->
                      </span>
                      <br/>
                      <span>
                        <img src="skipped.png" width="3%"/>
                        <a href="#" panel-name="suite-BrowserStack_Cross_Browser_Suite" title="testcases.ElPaisScraperTest" class="method navigator-link" hash-for-method="scrapeOpinionArticles">scrapeOpinionArticles</a> <!-- method navigator-link -->
                      </span>
                      <br/>
                      <span>
                        <img src="skipped.png" width="3%"/>
                        <a href="#" panel-name="suite-BrowserStack_Cross_Browser_Suite" title="testcases.ElPaisScraperTest" class="method navigator-link" hash-for-method="scrapeOpinionArticles">scrapeOpinionArticles</a> <!-- method navigator-link -->
                      </span>
                      <br/>
                      <span>
                        <img src="skipped.png" width="3%"/>
                        <a href="#" panel-name="suite-BrowserStack_Cross_Browser_Suite" title="testcases.ElPaisScraperTest" class="method navigator-link" hash-for-method="scrapeOpinionArticles">scrapeOpinionArticles</a> <!-- method navigator-link -->
                      </span>
                      <br/>
                      <span>
                        <img src="skipped.png" width="3%"/>
                        <a href="#" panel-name="suite-BrowserStack_Cross_Browser_Suite" title="testcases.ElPaisHeaderTranslator" class="method navigator-link" hash-for-method="translateArticleHeaders">translateArticleHeaders</a> <!-- method navigator-link -->
                      </span>
                      <br/>
                      <span>
                        <img src="skipped.png" width="3%"/>
                        <a href="#" panel-name="suite-BrowserStack_Cross_Browser_Suite" title="testcases.ElPaisHeaderTranslator" class="method navigator-link" hash-for-method="translateArticleHeaders">translateArticleHeaders</a> <!-- method navigator-link -->
                      </span>
                      <br/>
                      <span>
                        <img src="skipped.png" width="3%"/>
                        <a href="#" panel-name="suite-BrowserStack_Cross_Browser_Suite" title="testcases.ElPaisHeaderTranslator" class="method navigator-link" hash-for-method="translateArticleHeaders">translateArticleHeaders</a> <!-- method navigator-link -->
                      </span>
                      <br/>
                    </div> <!-- method-list-content skipped suite-BrowserStack_Cross_Browser_Suite -->
                  </li>
                  <li>
                    <span class="method-list-title passed">Passed methods</span>
                    <span class="show-or-hide-methods passed">
                      <a href="#" panel-name="suite-BrowserStack_Cross_Browser_Suite" class="hide-methods passed suite-BrowserStack_Cross_Browser_Suite"> (hide)</a> <!-- hide-methods passed suite-BrowserStack_Cross_Browser_Suite -->
                      <a href="#" panel-name="suite-BrowserStack_Cross_Browser_Suite" class="show-methods passed suite-BrowserStack_Cross_Browser_Suite"> (show)</a> <!-- show-methods passed suite-BrowserStack_Cross_Browser_Suite -->
                    </span>
                    <div class="method-list-content passed suite-BrowserStack_Cross_Browser_Suite">
                      <span>
                        <img src="passed.png" width="3%"/>
                        <a href="#" panel-name="suite-BrowserStack_Cross_Browser_Suite" title="testcases.ElPaisHeaderAnalyzerOccurence" class="method navigator-link" hash-for-method="analyzeTranslatedHeaders">analyzeTranslatedHeaders</a> <!-- method navigator-link -->
                      </span>
                      <br/>
                      <span>
                        <img src="passed.png" width="3%"/>
                        <a href="#" panel-name="suite-BrowserStack_Cross_Browser_Suite" title="testcases.ElPaisHeaderAnalyzerOccurence" class="method navigator-link" hash-for-method="analyzeTranslatedHeaders">analyzeTranslatedHeaders</a> <!-- method navigator-link -->
                      </span>
                      <br/>
                      <span>
                        <img src="passed.png" width="3%"/>
                        <a href="#" panel-name="suite-BrowserStack_Cross_Browser_Suite" title="testcases.ElPaisScraperTest" class="method navigator-link" hash-for-method="scrapeOpinionArticles">scrapeOpinionArticles</a> <!-- method navigator-link -->
                      </span>
                      <br/>
                      <span>
                        <img src="passed.png" width="3%"/>
                        <a href="#" panel-name="suite-BrowserStack_Cross_Browser_Suite" title="testcases.ElPaisScraperTest" class="method navigator-link" hash-for-method="scrapeOpinionArticles">scrapeOpinionArticles</a> <!-- method navigator-link -->
                      </span>
                      <br/>
                      <span>
                        <img src="passed.png" width="3%"/>
                        <a href="#" panel-name="suite-BrowserStack_Cross_Browser_Suite" title="testcases.ElPaisHeaderTranslator" class="method navigator-link" hash-for-method="translateArticleHeaders">translateArticleHeaders</a> <!-- method navigator-link -->
                      </span>
                      <br/>
                      <span>
                        <img src="passed.png" width="3%"/>
                        <a href="#" panel-name="suite-BrowserStack_Cross_Browser_Suite" title="testcases.ElPaisHeaderTranslator" class="method navigator-link" hash-for-method="translateArticleHeaders">translateArticleHeaders</a> <!-- method navigator-link -->
                      </span>
                      <br/>
                      <span>
                        <img src="passed.png" width="3%"/>
                        <a href="#" panel-name="suite-BrowserStack_Cross_Browser_Suite" title="testcases.VerifySpanishLanguage" class="method navigator-link" hash-for-method="verifyPageIsInSpanish">verifyPageIsInSpanish</a> <!-- method navigator-link -->
                      </span>
                      <br/>
                      <span>
                        <img src="passed.png" width="3%"/>
                        <a href="#" panel-name="suite-BrowserStack_Cross_Browser_Suite" title="testcases.VerifySpanishLanguage" class="method navigator-link" hash-for-method="verifyPageIsInSpanish">verifyPageIsInSpanish</a> <!-- method navigator-link -->
                      </span>
                      <br/>
                      <span>
                        <img src="passed.png" width="3%"/>
                        <a href="#" panel-name="suite-BrowserStack_Cross_Browser_Suite" title="testcases.VerifySpanishLanguage" class="method navigator-link" hash-for-method="verifyPageIsInSpanish">verifyPageIsInSpanish</a> <!-- method navigator-link -->
                      </span>
                      <br/>
                      <span>
                        <img src="passed.png" width="3%"/>
                        <a href="#" panel-name="suite-BrowserStack_Cross_Browser_Suite" title="testcases.VerifySpanishLanguage" class="method navigator-link" hash-for-method="verifyPageIsInSpanish">verifyPageIsInSpanish</a> <!-- method navigator-link -->
                      </span>
                      <br/>
                      <span>
                        <img src="passed.png" width="3%"/>
                        <a href="#" panel-name="suite-BrowserStack_Cross_Browser_Suite" title="testcases.VerifySpanishLanguage" class="method navigator-link" hash-for-method="verifyPageIsInSpanish">verifyPageIsInSpanish</a> <!-- method navigator-link -->
                      </span>
                      <br/>
                    </div> <!-- method-list-content passed suite-BrowserStack_Cross_Browser_Suite -->
                  </li>
                </ul>
              </div> <!-- suite-section-content -->
            </div> <!-- result-section -->
          </div> <!-- navigator-suite-content -->
        </div> <!-- rounded-window -->
      </div> <!-- suite -->
    </div> <!-- navigator-root -->
    <div class="wrapper">
      <div class="main-panel-root">
        <div panel-name="suite-BrowserStack_Cross_Browser_Suite" class="panel BrowserStack_Cross_Browser_Suite">
          <div class="suite-BrowserStack_Cross_Browser_Suite-class-skipped">
            <div class="main-panel-header rounded-window-top">
              <img src="skipped.png"/>
              <span class="class-name">testcases.ElPaisHeaderTranslator</span>
            </div> <!-- main-panel-header rounded-window-top -->
            <div class="main-panel-content rounded-window-bottom">
              <div class="method">
                <div class="method-content">
                  <a name="translateArticleHeaders">
                  </a> <!-- translateArticleHeaders -->
                  <span class="method-name">translateArticleHeaders</span>
                  <div class="stack-trace">org.openqa.selenium.WebDriverException: Error: OS and OS Version not supported. (WARNING: The server did not provide any stacktrace information)
Command duration or timeout: 1.25 seconds
Build info: version: &apos;3.14.0&apos;, revision: &apos;aacccce0&apos;, time: &apos;2018-08-02T20:19:58.91Z&apos;
System info: host: &apos;DESKTOP-RULROEU&apos;, ip: &apos;192.168.1.99&apos;, os.name: &apos;Windows 11&apos;, os.arch: &apos;amd64&apos;, os.version: &apos;10.0&apos;, java.version: &apos;21.0.3&apos;
Driver info: driver.version: RemoteWebDriver
	at org.openqa.selenium.remote.ErrorHandler.createThrowable(ErrorHandler.java:214)
	at org.openqa.selenium.remote.ErrorHandler.throwIfResponseFailed(ErrorHandler.java:166)
	at org.openqa.selenium.remote.JsonWireProtocolResponse.lambda$new$0(JsonWireProtocolResponse.java:53)
	at org.openqa.selenium.remote.JsonWireProtocolResponse.lambda$getResponseFunction$2(JsonWireProtocolResponse.java:91)
	at org.openqa.selenium.remote.ProtocolHandshake.lambda$createSession$0(ProtocolHandshake.java:122)
	at java.base/java.util.stream.ReferencePipeline$3$1.accept(ReferencePipeline.java:197)
	at java.base/java.util.Spliterators$ArraySpliterator.tryAdvance(Spliterators.java:1034)
	at java.base/java.util.stream.ReferencePipeline.forEachWithCancel(ReferencePipeline.java:129)
	at java.base/java.util.stream.AbstractPipeline.copyIntoWithCancel(AbstractPipeline.java:527)
	at java.base/java.util.stream.AbstractPipeline.copyInto(AbstractPipeline.java:513)
	at java.base/java.util.stream.AbstractPipeline.wrapAndCopyInto(AbstractPipeline.java:499)
	at java.base/java.util.stream.FindOps$FindOp.evaluateSequential(FindOps.java:150)
	at java.base/java.util.stream.AbstractPipeline.evaluate(AbstractPipeline.java:234)
	at java.base/java.util.stream.ReferencePipeline.findFirst(ReferencePipeline.java:647)
	at org.openqa.selenium.remote.ProtocolHandshake.createSession(ProtocolHandshake.java:125)
	at org.openqa.selenium.remote.ProtocolHandshake.createSession(ProtocolHandshake.java:73)
	at org.openqa.selenium.remote.HttpCommandExecutor.execute(HttpCommandExecutor.java:136)
	at org.openqa.selenium.remote.RemoteWebDriver.execute(RemoteWebDriver.java:548)
	at org.openqa.selenium.remote.RemoteWebDriver.startSession(RemoteWebDriver.java:212)
	at org.openqa.selenium.remote.RemoteWebDriver.&lt;init&gt;(RemoteWebDriver.java:130)
	at org.openqa.selenium.remote.RemoteWebDriver.&lt;init&gt;(RemoteWebDriver.java:143)
	at testcases.BrowserStackBaseTest.setup(BrowserStackBaseTest.java:61)
	at java.base/java.util.ArrayList.forEach(ArrayList.java:1596)
	at java.base/java.util.concurrent.FutureTask.run(FutureTask.java:317)
	at java.base/java.util.concurrent.ThreadPoolExecutor.runWorker(ThreadPoolExecutor.java:1144)
	at java.base/java.util.concurrent.ThreadPoolExecutor$Worker.run(ThreadPoolExecutor.java:642)
	at java.base/java.lang.Thread.run(Thread.java:1583)
... Removed 22 stack frames
</div> <!-- stack-trace -->
                </div> <!-- method-content -->
              </div> <!-- method -->
              <div class="method">
                <div class="method-content">
                  <a name="translateArticleHeaders">
                  </a> <!-- translateArticleHeaders -->
                  <span class="method-name">translateArticleHeaders</span>
                  <div class="stack-trace">org.openqa.selenium.WebDriverException: OS/Browser combination invalid: {&quot;browserName&quot;=&gt;&quot;Safari&quot;, &quot;bstack:options&quot;=&gt;{&quot;buildName&quot;=&gt;&quot;browserstack build #8&quot;, &quot;debug&quot;=&gt;true, &quot;os&quot;=&gt;&quot;OS X&quot;, &quot;osVersion&quot;=&gt;&quot;Ventura&quot;, &quot;browserVersion&quot;=&gt;&quot;138&quot;, &quot;sessionName&quot;=&gt;&quot;ElPaisHeaderTranslator&quot;, &quot;consoleLogs&quot;=&gt;&quot;info&quot;, &quot;networkLogs&quot;=&gt;true, &quot;projectName&quot;=&gt;&quot;BrowserStack Sample&quot;, &quot;buildIdentifier&quot;=&gt;&quot;#8&quot;, &quot;hostName&quot;=&gt;&quot;DESKTOP-RULROEU&quot;, &quot;browserstackSDK&quot;=&gt;&quot;TestNG-javaagent/1.38.1&quot;, &quot;buildProductMap&quot;=&gt;{&quot;observability&quot;=&gt;true, &quot;accessibility&quot;=&gt;false, &quot;percy&quot;=&gt;false, &quot;automate&quot;=&gt;true, &quot;app_automate&quot;=&gt;false}, &quot;useW3C&quot;=&gt;true, &quot;accessibilityOptions&quot;=&gt;{}, &quot;testhubBuildUuid&quot;=&gt;&quot;vkmu2sccc4crfei8hcc8mwpvkdewa2y9ua5baf6m&quot;}, &quot;browserstack.is_hub_canary&quot;=&gt;false, &quot;acceptSslCert&quot;=&gt;false, &quot;detected_language&quot;=&gt;&quot;selenium/3.14.0 (java windows)&quot;, &quot;new_bucketing&quot;=&gt;true, &quot;browser&quot;=&gt;&quot;Safari&quot;, &quot;buildName&quot;=&gt;&quot;browserstack build #8&quot;, &quot;browserstack.debug&quot;=&gt;&quot;true&quot;, &quot;os&quot;=&gt;&quot;OS X&quot;, &quot;osVersion&quot;=&gt;&quot;Ventura&quot;, &quot;browserVersion&quot;=&gt;&quot;138&quot;, &quot;sessionName&quot;=&gt;&quot;ElPaisHeaderTranslator&quot;, &quot;browserstack.consoleLogs&quot;=&gt;&quot;info&quot;, &quot;browserstack.networkLogs&quot;=&gt;&quot;true&quot;, &quot;projectName&quot;=&gt;&quot;BrowserStack Sample&quot;, &quot;browserstack.buildIdentifier&quot;=&gt;&quot;#8&quot;, &quot;browserstack.hostName&quot;=&gt;&quot;DESKTOP-RULROEU&quot;, &quot;browserstack.browserstackSDK&quot;=&gt;&quot;TestNG-javaagent/1.38.1&quot;, &quot;browserstack.buildProductMap.observability&quot;=&gt;true, &quot;browserstack.buildProductMap.accessibility&quot;=&gt;false, &quot;browserstack.buildProductMap.percy&quot;=&gt;false, &quot;browserstack.buildProductMap.automate&quot;=&gt;true, &quot;browserstack.buildProductMap.app_automate&quot;=&gt;false, &quot;browserstack.useW3C&quot;=&gt;&quot;true&quot;, &quot;browserstack.testhubBuildUuid&quot;=&gt;&quot;vkmu2sccc4crfei8hcc8mwpvkdewa2y9ua5baf6m&quot;, &quot;os_version&quot;=&gt;&quot;Ventura&quot;, &quot;browser_name&quot;=&gt;&quot;Safari&quot;, &quot;browser_version&quot;=&gt;&quot;138&quot;, &quot;version&quot;=&gt;&quot;138&quot;, &quot;browserstack.use_w3c&quot;=&gt;&quot;true&quot;, &quot;name&quot;=&gt;&quot;ElPaisHeaderTranslator&quot;, &quot;build&quot;=&gt;&quot;browserstack build #8&quot;, &quot;project&quot;=&gt;&quot;BrowserStack Sample&quot;, &quot;browserstack.console&quot;=&gt;&quot;info&quot;, &quot;browserstack.seleniumLogs&quot;=&gt;true} (WARNING: The server did not provide any stacktrace information)
Command duration or timeout: 1.17 seconds
Build info: version: &apos;3.14.0&apos;, revision: &apos;aacccce0&apos;, time: &apos;2018-08-02T20:19:58.91Z&apos;
System info: host: &apos;DESKTOP-RULROEU&apos;, ip: &apos;192.168.1.99&apos;, os.name: &apos;Windows 11&apos;, os.arch: &apos;amd64&apos;, os.version: &apos;10.0&apos;, java.version: &apos;21.0.3&apos;
Driver info: driver.version: RemoteWebDriver
	at org.openqa.selenium.remote.ErrorHandler.createThrowable(ErrorHandler.java:214)
	at org.openqa.selenium.remote.ErrorHandler.throwIfResponseFailed(ErrorHandler.java:166)
	at org.openqa.selenium.remote.JsonWireProtocolResponse.lambda$new$0(JsonWireProtocolResponse.java:53)
	at org.openqa.selenium.remote.JsonWireProtocolResponse.lambda$getResponseFunction$2(JsonWireProtocolResponse.java:91)
	at org.openqa.selenium.remote.ProtocolHandshake.lambda$createSession$0(ProtocolHandshake.java:122)
	at java.base/java.util.stream.ReferencePipeline$3$1.accept(ReferencePipeline.java:197)
	at java.base/java.util.Spliterators$ArraySpliterator.tryAdvance(Spliterators.java:1034)
	at java.base/java.util.stream.ReferencePipeline.forEachWithCancel(ReferencePipeline.java:129)
	at java.base/java.util.stream.AbstractPipeline.copyIntoWithCancel(AbstractPipeline.java:527)
	at java.base/java.util.stream.AbstractPipeline.copyInto(AbstractPipeline.java:513)
	at java.base/java.util.stream.AbstractPipeline.wrapAndCopyInto(AbstractPipeline.java:499)
	at java.base/java.util.stream.FindOps$FindOp.evaluateSequential(FindOps.java:150)
	at java.base/java.util.stream.AbstractPipeline.evaluate(AbstractPipeline.java:234)
	at java.base/java.util.stream.ReferencePipeline.findFirst(ReferencePipeline.java:647)
	at org.openqa.selenium.remote.ProtocolHandshake.createSession(ProtocolHandshake.java:125)
	at org.openqa.selenium.remote.ProtocolHandshake.createSession(ProtocolHandshake.java:73)
	at org.openqa.selenium.remote.HttpCommandExecutor.execute(HttpCommandExecutor.java:136)
	at org.openqa.selenium.remote.RemoteWebDriver.execute(RemoteWebDriver.java:548)
	at org.openqa.selenium.remote.RemoteWebDriver.startSession(RemoteWebDriver.java:212)
	at org.openqa.selenium.remote.RemoteWebDriver.&lt;init&gt;(RemoteWebDriver.java:130)
	at org.openqa.selenium.remote.RemoteWebDriver.&lt;init&gt;(RemoteWebDriver.java:143)
	at testcases.BrowserStackBaseTest.setup(BrowserStackBaseTest.java:61)
	at java.base/java.util.ArrayList.forEach(ArrayList.java:1596)
	at java.base/java.util.concurrent.FutureTask.run(FutureTask.java:317)
	at java.base/java.util.concurrent.ThreadPoolExecutor.runWorker(ThreadPoolExecutor.java:1144)
	at java.base/java.util.concurrent.ThreadPoolExecutor$Worker.run(ThreadPoolExecutor.java:642)
	at java.base/java.lang.Thread.run(Thread.java:1583)
... Removed 22 stack frames
</div> <!-- stack-trace -->
                </div> <!-- method-content -->
              </div> <!-- method -->
              <div class="method">
                <div class="method-content">
                  <a name="translateArticleHeaders">
                  </a> <!-- translateArticleHeaders -->
                  <span class="method-name">translateArticleHeaders</span>
                  <div class="stack-trace">org.openqa.selenium.WebDriverException: Error: OS and OS Version not supported. (WARNING: The server did not provide any stacktrace information)
Command duration or timeout: 1.22 seconds
Build info: version: &apos;3.14.0&apos;, revision: &apos;aacccce0&apos;, time: &apos;2018-08-02T20:19:58.91Z&apos;
System info: host: &apos;DESKTOP-RULROEU&apos;, ip: &apos;192.168.1.99&apos;, os.name: &apos;Windows 11&apos;, os.arch: &apos;amd64&apos;, os.version: &apos;10.0&apos;, java.version: &apos;21.0.3&apos;
Driver info: driver.version: RemoteWebDriver
	at org.openqa.selenium.remote.ErrorHandler.createThrowable(ErrorHandler.java:214)
	at org.openqa.selenium.remote.ErrorHandler.throwIfResponseFailed(ErrorHandler.java:166)
	at org.openqa.selenium.remote.JsonWireProtocolResponse.lambda$new$0(JsonWireProtocolResponse.java:53)
	at org.openqa.selenium.remote.JsonWireProtocolResponse.lambda$getResponseFunction$2(JsonWireProtocolResponse.java:91)
	at org.openqa.selenium.remote.ProtocolHandshake.lambda$createSession$0(ProtocolHandshake.java:122)
	at java.base/java.util.stream.ReferencePipeline$3$1.accept(ReferencePipeline.java:197)
	at java.base/java.util.Spliterators$ArraySpliterator.tryAdvance(Spliterators.java:1034)
	at java.base/java.util.stream.ReferencePipeline.forEachWithCancel(ReferencePipeline.java:129)
	at java.base/java.util.stream.AbstractPipeline.copyIntoWithCancel(AbstractPipeline.java:527)
	at java.base/java.util.stream.AbstractPipeline.copyInto(AbstractPipeline.java:513)
	at java.base/java.util.stream.AbstractPipeline.wrapAndCopyInto(AbstractPipeline.java:499)
	at java.base/java.util.stream.FindOps$FindOp.evaluateSequential(FindOps.java:150)
	at java.base/java.util.stream.AbstractPipeline.evaluate(AbstractPipeline.java:234)
	at java.base/java.util.stream.ReferencePipeline.findFirst(ReferencePipeline.java:647)
	at org.openqa.selenium.remote.ProtocolHandshake.createSession(ProtocolHandshake.java:125)
	at org.openqa.selenium.remote.ProtocolHandshake.createSession(ProtocolHandshake.java:73)
	at org.openqa.selenium.remote.HttpCommandExecutor.execute(HttpCommandExecutor.java:136)
	at org.openqa.selenium.remote.RemoteWebDriver.execute(RemoteWebDriver.java:548)
	at org.openqa.selenium.remote.RemoteWebDriver.startSession(RemoteWebDriver.java:212)
	at org.openqa.selenium.remote.RemoteWebDriver.&lt;init&gt;(RemoteWebDriver.java:130)
	at org.openqa.selenium.remote.RemoteWebDriver.&lt;init&gt;(RemoteWebDriver.java:143)
	at testcases.BrowserStackBaseTest.setup(BrowserStackBaseTest.java:61)
	at java.base/java.util.ArrayList.forEach(ArrayList.java:1596)
	at java.base/java.util.concurrent.FutureTask.run(FutureTask.java:317)
	at java.base/java.util.concurrent.ThreadPoolExecutor.runWorker(ThreadPoolExecutor.java:1144)
	at java.base/java.util.concurrent.ThreadPoolExecutor$Worker.run(ThreadPoolExecutor.java:642)
	at java.base/java.lang.Thread.run(Thread.java:1583)
... Removed 22 stack frames
</div> <!-- stack-trace -->
                </div> <!-- method-content -->
              </div> <!-- method -->
            </div> <!-- main-panel-content rounded-window-bottom -->
          </div> <!-- suite-BrowserStack_Cross_Browser_Suite-class-skipped -->
          <div class="suite-BrowserStack_Cross_Browser_Suite-class-skipped">
            <div class="main-panel-header rounded-window-top">
              <img src="skipped.png"/>
              <span class="class-name">testcases.ElPaisHeaderAnalyzerOccurence</span>
            </div> <!-- main-panel-header rounded-window-top -->
            <div class="main-panel-content rounded-window-bottom">
              <div class="method">
                <div class="method-content">
                  <a name="analyzeTranslatedHeaders">
                  </a> <!-- analyzeTranslatedHeaders -->
                  <span class="method-name">analyzeTranslatedHeaders</span>
                  <div class="stack-trace">org.openqa.selenium.WebDriverException: Error: OS and OS Version not supported. (WARNING: The server did not provide any stacktrace information)
Command duration or timeout: 1.23 seconds
Build info: version: &apos;3.14.0&apos;, revision: &apos;aacccce0&apos;, time: &apos;2018-08-02T20:19:58.91Z&apos;
System info: host: &apos;DESKTOP-RULROEU&apos;, ip: &apos;192.168.1.99&apos;, os.name: &apos;Windows 11&apos;, os.arch: &apos;amd64&apos;, os.version: &apos;10.0&apos;, java.version: &apos;21.0.3&apos;
Driver info: driver.version: RemoteWebDriver
	at org.openqa.selenium.remote.ErrorHandler.createThrowable(ErrorHandler.java:214)
	at org.openqa.selenium.remote.ErrorHandler.throwIfResponseFailed(ErrorHandler.java:166)
	at org.openqa.selenium.remote.JsonWireProtocolResponse.lambda$new$0(JsonWireProtocolResponse.java:53)
	at org.openqa.selenium.remote.JsonWireProtocolResponse.lambda$getResponseFunction$2(JsonWireProtocolResponse.java:91)
	at org.openqa.selenium.remote.ProtocolHandshake.lambda$createSession$0(ProtocolHandshake.java:122)
	at java.base/java.util.stream.ReferencePipeline$3$1.accept(ReferencePipeline.java:197)
	at java.base/java.util.Spliterators$ArraySpliterator.tryAdvance(Spliterators.java:1034)
	at java.base/java.util.stream.ReferencePipeline.forEachWithCancel(ReferencePipeline.java:129)
	at java.base/java.util.stream.AbstractPipeline.copyIntoWithCancel(AbstractPipeline.java:527)
	at java.base/java.util.stream.AbstractPipeline.copyInto(AbstractPipeline.java:513)
	at java.base/java.util.stream.AbstractPipeline.wrapAndCopyInto(AbstractPipeline.java:499)
	at java.base/java.util.stream.FindOps$FindOp.evaluateSequential(FindOps.java:150)
	at java.base/java.util.stream.AbstractPipeline.evaluate(AbstractPipeline.java:234)
	at java.base/java.util.stream.ReferencePipeline.findFirst(ReferencePipeline.java:647)
	at org.openqa.selenium.remote.ProtocolHandshake.createSession(ProtocolHandshake.java:125)
	at org.openqa.selenium.remote.ProtocolHandshake.createSession(ProtocolHandshake.java:73)
	at org.openqa.selenium.remote.HttpCommandExecutor.execute(HttpCommandExecutor.java:136)
	at org.openqa.selenium.remote.RemoteWebDriver.execute(RemoteWebDriver.java:548)
	at org.openqa.selenium.remote.RemoteWebDriver.startSession(RemoteWebDriver.java:212)
	at org.openqa.selenium.remote.RemoteWebDriver.&lt;init&gt;(RemoteWebDriver.java:130)
	at org.openqa.selenium.remote.RemoteWebDriver.&lt;init&gt;(RemoteWebDriver.java:143)
	at testcases.BrowserStackBaseTest.setup(BrowserStackBaseTest.java:61)
	at java.base/java.util.ArrayList.forEach(ArrayList.java:1596)
	at java.base/java.util.concurrent.FutureTask.run(FutureTask.java:317)
	at java.base/java.util.concurrent.ThreadPoolExecutor.runWorker(ThreadPoolExecutor.java:1144)
	at java.base/java.util.concurrent.ThreadPoolExecutor$Worker.run(ThreadPoolExecutor.java:642)
	at java.base/java.lang.Thread.run(Thread.java:1583)
... Removed 22 stack frames
</div> <!-- stack-trace -->
                </div> <!-- method-content -->
              </div> <!-- method -->
              <div class="method">
                <div class="method-content">
                  <a name="analyzeTranslatedHeaders">
                  </a> <!-- analyzeTranslatedHeaders -->
                  <span class="method-name">analyzeTranslatedHeaders</span>
                  <div class="stack-trace">org.openqa.selenium.WebDriverException: OS/Browser combination invalid: {&quot;browserName&quot;=&gt;&quot;Safari&quot;, &quot;bstack:options&quot;=&gt;{&quot;buildName&quot;=&gt;&quot;browserstack build #8&quot;, &quot;debug&quot;=&gt;true, &quot;os&quot;=&gt;&quot;OS X&quot;, &quot;osVersion&quot;=&gt;&quot;Ventura&quot;, &quot;browserVersion&quot;=&gt;&quot;138&quot;, &quot;sessionName&quot;=&gt;&quot;ElPaisHeaderAnalyzerOccurence&quot;, &quot;consoleLogs&quot;=&gt;&quot;info&quot;, &quot;networkLogs&quot;=&gt;true, &quot;projectName&quot;=&gt;&quot;BrowserStack Sample&quot;, &quot;buildIdentifier&quot;=&gt;&quot;#8&quot;, &quot;hostName&quot;=&gt;&quot;DESKTOP-RULROEU&quot;, &quot;browserstackSDK&quot;=&gt;&quot;TestNG-javaagent/1.38.1&quot;, &quot;buildProductMap&quot;=&gt;{&quot;observability&quot;=&gt;true, &quot;accessibility&quot;=&gt;false, &quot;percy&quot;=&gt;false, &quot;automate&quot;=&gt;true, &quot;app_automate&quot;=&gt;false}, &quot;useW3C&quot;=&gt;true, &quot;accessibilityOptions&quot;=&gt;{}, &quot;testhubBuildUuid&quot;=&gt;&quot;vkmu2sccc4crfei8hcc8mwpvkdewa2y9ua5baf6m&quot;}, &quot;browserstack.is_hub_canary&quot;=&gt;false, &quot;acceptSslCert&quot;=&gt;false, &quot;detected_language&quot;=&gt;&quot;selenium/3.14.0 (java windows)&quot;, &quot;new_bucketing&quot;=&gt;true, &quot;browser&quot;=&gt;&quot;Safari&quot;, &quot;buildName&quot;=&gt;&quot;browserstack build #8&quot;, &quot;browserstack.debug&quot;=&gt;&quot;true&quot;, &quot;os&quot;=&gt;&quot;OS X&quot;, &quot;osVersion&quot;=&gt;&quot;Ventura&quot;, &quot;browserVersion&quot;=&gt;&quot;138&quot;, &quot;sessionName&quot;=&gt;&quot;ElPaisHeaderAnalyzerOccurence&quot;, &quot;browserstack.consoleLogs&quot;=&gt;&quot;info&quot;, &quot;browserstack.networkLogs&quot;=&gt;&quot;true&quot;, &quot;projectName&quot;=&gt;&quot;BrowserStack Sample&quot;, &quot;browserstack.buildIdentifier&quot;=&gt;&quot;#8&quot;, &quot;browserstack.hostName&quot;=&gt;&quot;DESKTOP-RULROEU&quot;, &quot;browserstack.browserstackSDK&quot;=&gt;&quot;TestNG-javaagent/1.38.1&quot;, &quot;browserstack.buildProductMap.observability&quot;=&gt;true, &quot;browserstack.buildProductMap.accessibility&quot;=&gt;false, &quot;browserstack.buildProductMap.percy&quot;=&gt;false, &quot;browserstack.buildProductMap.automate&quot;=&gt;true, &quot;browserstack.buildProductMap.app_automate&quot;=&gt;false, &quot;browserstack.useW3C&quot;=&gt;&quot;true&quot;, &quot;browserstack.testhubBuildUuid&quot;=&gt;&quot;vkmu2sccc4crfei8hcc8mwpvkdewa2y9ua5baf6m&quot;, &quot;os_version&quot;=&gt;&quot;Ventura&quot;, &quot;browser_name&quot;=&gt;&quot;Safari&quot;, &quot;browser_version&quot;=&gt;&quot;138&quot;, &quot;version&quot;=&gt;&quot;138&quot;, &quot;browserstack.use_w3c&quot;=&gt;&quot;true&quot;, &quot;name&quot;=&gt;&quot;ElPaisHeaderAnalyzerOccurence&quot;, &quot;build&quot;=&gt;&quot;browserstack build #8&quot;, &quot;project&quot;=&gt;&quot;BrowserStack Sample&quot;, &quot;browserstack.console&quot;=&gt;&quot;info&quot;, &quot;browserstack.seleniumLogs&quot;=&gt;true} (WARNING: The server did not provide any stacktrace information)
Command duration or timeout: 1.17 seconds
Build info: version: &apos;3.14.0&apos;, revision: &apos;aacccce0&apos;, time: &apos;2018-08-02T20:19:58.91Z&apos;
System info: host: &apos;DESKTOP-RULROEU&apos;, ip: &apos;192.168.1.99&apos;, os.name: &apos;Windows 11&apos;, os.arch: &apos;amd64&apos;, os.version: &apos;10.0&apos;, java.version: &apos;21.0.3&apos;
Driver info: driver.version: RemoteWebDriver
	at org.openqa.selenium.remote.ErrorHandler.createThrowable(ErrorHandler.java:214)
	at org.openqa.selenium.remote.ErrorHandler.throwIfResponseFailed(ErrorHandler.java:166)
	at org.openqa.selenium.remote.JsonWireProtocolResponse.lambda$new$0(JsonWireProtocolResponse.java:53)
	at org.openqa.selenium.remote.JsonWireProtocolResponse.lambda$getResponseFunction$2(JsonWireProtocolResponse.java:91)
	at org.openqa.selenium.remote.ProtocolHandshake.lambda$createSession$0(ProtocolHandshake.java:122)
	at java.base/java.util.stream.ReferencePipeline$3$1.accept(ReferencePipeline.java:197)
	at java.base/java.util.Spliterators$ArraySpliterator.tryAdvance(Spliterators.java:1034)
	at java.base/java.util.stream.ReferencePipeline.forEachWithCancel(ReferencePipeline.java:129)
	at java.base/java.util.stream.AbstractPipeline.copyIntoWithCancel(AbstractPipeline.java:527)
	at java.base/java.util.stream.AbstractPipeline.copyInto(AbstractPipeline.java:513)
	at java.base/java.util.stream.AbstractPipeline.wrapAndCopyInto(AbstractPipeline.java:499)
	at java.base/java.util.stream.FindOps$FindOp.evaluateSequential(FindOps.java:150)
	at java.base/java.util.stream.AbstractPipeline.evaluate(AbstractPipeline.java:234)
	at java.base/java.util.stream.ReferencePipeline.findFirst(ReferencePipeline.java:647)
	at org.openqa.selenium.remote.ProtocolHandshake.createSession(ProtocolHandshake.java:125)
	at org.openqa.selenium.remote.ProtocolHandshake.createSession(ProtocolHandshake.java:73)
	at org.openqa.selenium.remote.HttpCommandExecutor.execute(HttpCommandExecutor.java:136)
	at org.openqa.selenium.remote.RemoteWebDriver.execute(RemoteWebDriver.java:548)
	at org.openqa.selenium.remote.RemoteWebDriver.startSession(RemoteWebDriver.java:212)
	at org.openqa.selenium.remote.RemoteWebDriver.&lt;init&gt;(RemoteWebDriver.java:130)
	at org.openqa.selenium.remote.RemoteWebDriver.&lt;init&gt;(RemoteWebDriver.java:143)
	at testcases.BrowserStackBaseTest.setup(BrowserStackBaseTest.java:61)
	at java.base/java.util.ArrayList.forEach(ArrayList.java:1596)
	at java.base/java.util.concurrent.FutureTask.run(FutureTask.java:317)
	at java.base/java.util.concurrent.ThreadPoolExecutor.runWorker(ThreadPoolExecutor.java:1144)
	at java.base/java.util.concurrent.ThreadPoolExecutor$Worker.run(ThreadPoolExecutor.java:642)
	at java.base/java.lang.Thread.run(Thread.java:1583)
... Removed 22 stack frames
</div> <!-- stack-trace -->
                </div> <!-- method-content -->
              </div> <!-- method -->
              <div class="method">
                <div class="method-content">
                  <a name="analyzeTranslatedHeaders">
                  </a> <!-- analyzeTranslatedHeaders -->
                  <span class="method-name">analyzeTranslatedHeaders</span>
                  <div class="stack-trace">org.openqa.selenium.WebDriverException: Error: OS and OS Version not supported. (WARNING: The server did not provide any stacktrace information)
Command duration or timeout: 1.19 seconds
Build info: version: &apos;3.14.0&apos;, revision: &apos;aacccce0&apos;, time: &apos;2018-08-02T20:19:58.91Z&apos;
System info: host: &apos;DESKTOP-RULROEU&apos;, ip: &apos;192.168.1.99&apos;, os.name: &apos;Windows 11&apos;, os.arch: &apos;amd64&apos;, os.version: &apos;10.0&apos;, java.version: &apos;21.0.3&apos;
Driver info: driver.version: RemoteWebDriver
	at org.openqa.selenium.remote.ErrorHandler.createThrowable(ErrorHandler.java:214)
	at org.openqa.selenium.remote.ErrorHandler.throwIfResponseFailed(ErrorHandler.java:166)
	at org.openqa.selenium.remote.JsonWireProtocolResponse.lambda$new$0(JsonWireProtocolResponse.java:53)
	at org.openqa.selenium.remote.JsonWireProtocolResponse.lambda$getResponseFunction$2(JsonWireProtocolResponse.java:91)
	at org.openqa.selenium.remote.ProtocolHandshake.lambda$createSession$0(ProtocolHandshake.java:122)
	at java.base/java.util.stream.ReferencePipeline$3$1.accept(ReferencePipeline.java:197)
	at java.base/java.util.Spliterators$ArraySpliterator.tryAdvance(Spliterators.java:1034)
	at java.base/java.util.stream.ReferencePipeline.forEachWithCancel(ReferencePipeline.java:129)
	at java.base/java.util.stream.AbstractPipeline.copyIntoWithCancel(AbstractPipeline.java:527)
	at java.base/java.util.stream.AbstractPipeline.copyInto(AbstractPipeline.java:513)
	at java.base/java.util.stream.AbstractPipeline.wrapAndCopyInto(AbstractPipeline.java:499)
	at java.base/java.util.stream.FindOps$FindOp.evaluateSequential(FindOps.java:150)
	at java.base/java.util.stream.AbstractPipeline.evaluate(AbstractPipeline.java:234)
	at java.base/java.util.stream.ReferencePipeline.findFirst(ReferencePipeline.java:647)
	at org.openqa.selenium.remote.ProtocolHandshake.createSession(ProtocolHandshake.java:125)
	at org.openqa.selenium.remote.ProtocolHandshake.createSession(ProtocolHandshake.java:73)
	at org.openqa.selenium.remote.HttpCommandExecutor.execute(HttpCommandExecutor.java:136)
	at org.openqa.selenium.remote.RemoteWebDriver.execute(RemoteWebDriver.java:548)
	at org.openqa.selenium.remote.RemoteWebDriver.startSession(RemoteWebDriver.java:212)
	at org.openqa.selenium.remote.RemoteWebDriver.&lt;init&gt;(RemoteWebDriver.java:130)
	at org.openqa.selenium.remote.RemoteWebDriver.&lt;init&gt;(RemoteWebDriver.java:143)
	at testcases.BrowserStackBaseTest.setup(BrowserStackBaseTest.java:61)
	at java.base/java.util.ArrayList.forEach(ArrayList.java:1596)
	at java.base/java.util.concurrent.FutureTask.run(FutureTask.java:317)
	at java.base/java.util.concurrent.ThreadPoolExecutor.runWorker(ThreadPoolExecutor.java:1144)
	at java.base/java.util.concurrent.ThreadPoolExecutor$Worker.run(ThreadPoolExecutor.java:642)
	at java.base/java.lang.Thread.run(Thread.java:1583)
... Removed 22 stack frames
</div> <!-- stack-trace -->
                </div> <!-- method-content -->
              </div> <!-- method -->
            </div> <!-- main-panel-content rounded-window-bottom -->
          </div> <!-- suite-BrowserStack_Cross_Browser_Suite-class-skipped -->
          <div class="suite-BrowserStack_Cross_Browser_Suite-class-skipped">
            <div class="main-panel-header rounded-window-top">
              <img src="skipped.png"/>
              <span class="class-name">testcases.ElPaisScraperTest</span>
            </div> <!-- main-panel-header rounded-window-top -->
            <div class="main-panel-content rounded-window-bottom">
              <div class="method">
                <div class="method-content">
                  <a name="scrapeOpinionArticles">
                  </a> <!-- scrapeOpinionArticles -->
                  <span class="method-name">scrapeOpinionArticles</span>
                  <div class="stack-trace">org.openqa.selenium.WebDriverException: Error: OS and OS Version not supported. (WARNING: The server did not provide any stacktrace information)
Command duration or timeout: 1.25 seconds
Build info: version: &apos;3.14.0&apos;, revision: &apos;aacccce0&apos;, time: &apos;2018-08-02T20:19:58.91Z&apos;
System info: host: &apos;DESKTOP-RULROEU&apos;, ip: &apos;192.168.1.99&apos;, os.name: &apos;Windows 11&apos;, os.arch: &apos;amd64&apos;, os.version: &apos;10.0&apos;, java.version: &apos;21.0.3&apos;
Driver info: driver.version: RemoteWebDriver
	at org.openqa.selenium.remote.ErrorHandler.createThrowable(ErrorHandler.java:214)
	at org.openqa.selenium.remote.ErrorHandler.throwIfResponseFailed(ErrorHandler.java:166)
	at org.openqa.selenium.remote.JsonWireProtocolResponse.lambda$new$0(JsonWireProtocolResponse.java:53)
	at org.openqa.selenium.remote.JsonWireProtocolResponse.lambda$getResponseFunction$2(JsonWireProtocolResponse.java:91)
	at org.openqa.selenium.remote.ProtocolHandshake.lambda$createSession$0(ProtocolHandshake.java:122)
	at java.base/java.util.stream.ReferencePipeline$3$1.accept(ReferencePipeline.java:197)
	at java.base/java.util.Spliterators$ArraySpliterator.tryAdvance(Spliterators.java:1034)
	at java.base/java.util.stream.ReferencePipeline.forEachWithCancel(ReferencePipeline.java:129)
	at java.base/java.util.stream.AbstractPipeline.copyIntoWithCancel(AbstractPipeline.java:527)
	at java.base/java.util.stream.AbstractPipeline.copyInto(AbstractPipeline.java:513)
	at java.base/java.util.stream.AbstractPipeline.wrapAndCopyInto(AbstractPipeline.java:499)
	at java.base/java.util.stream.FindOps$FindOp.evaluateSequential(FindOps.java:150)
	at java.base/java.util.stream.AbstractPipeline.evaluate(AbstractPipeline.java:234)
	at java.base/java.util.stream.ReferencePipeline.findFirst(ReferencePipeline.java:647)
	at org.openqa.selenium.remote.ProtocolHandshake.createSession(ProtocolHandshake.java:125)
	at org.openqa.selenium.remote.ProtocolHandshake.createSession(ProtocolHandshake.java:73)
	at org.openqa.selenium.remote.HttpCommandExecutor.execute(HttpCommandExecutor.java:136)
	at org.openqa.selenium.remote.RemoteWebDriver.execute(RemoteWebDriver.java:548)
	at org.openqa.selenium.remote.RemoteWebDriver.startSession(RemoteWebDriver.java:212)
	at org.openqa.selenium.remote.RemoteWebDriver.&lt;init&gt;(RemoteWebDriver.java:130)
	at org.openqa.selenium.remote.RemoteWebDriver.&lt;init&gt;(RemoteWebDriver.java:143)
	at testcases.BrowserStackBaseTest.setup(BrowserStackBaseTest.java:61)
	at java.base/java.util.ArrayList.forEach(ArrayList.java:1596)
	at java.base/java.util.concurrent.FutureTask.run(FutureTask.java:317)
	at java.base/java.util.concurrent.ThreadPoolExecutor.runWorker(ThreadPoolExecutor.java:1144)
	at java.base/java.util.concurrent.ThreadPoolExecutor$Worker.run(ThreadPoolExecutor.java:642)
	at java.base/java.lang.Thread.run(Thread.java:1583)
... Removed 22 stack frames
</div> <!-- stack-trace -->
                </div> <!-- method-content -->
              </div> <!-- method -->
              <div class="method">
                <div class="method-content">
                  <a name="scrapeOpinionArticles">
                  </a> <!-- scrapeOpinionArticles -->
                  <span class="method-name">scrapeOpinionArticles</span>
                  <div class="stack-trace">org.openqa.selenium.WebDriverException: OS/Browser combination invalid: {&quot;browserName&quot;=&gt;&quot;Safari&quot;, &quot;bstack:options&quot;=&gt;{&quot;buildName&quot;=&gt;&quot;browserstack build #8&quot;, &quot;debug&quot;=&gt;true, &quot;os&quot;=&gt;&quot;OS X&quot;, &quot;osVersion&quot;=&gt;&quot;Ventura&quot;, &quot;browserVersion&quot;=&gt;&quot;138&quot;, &quot;sessionName&quot;=&gt;&quot;ElPaisScraperTest&quot;, &quot;consoleLogs&quot;=&gt;&quot;info&quot;, &quot;networkLogs&quot;=&gt;true, &quot;projectName&quot;=&gt;&quot;BrowserStack Sample&quot;, &quot;buildIdentifier&quot;=&gt;&quot;#8&quot;, &quot;hostName&quot;=&gt;&quot;DESKTOP-RULROEU&quot;, &quot;browserstackSDK&quot;=&gt;&quot;TestNG-javaagent/1.38.1&quot;, &quot;buildProductMap&quot;=&gt;{&quot;observability&quot;=&gt;true, &quot;accessibility&quot;=&gt;false, &quot;percy&quot;=&gt;false, &quot;automate&quot;=&gt;true, &quot;app_automate&quot;=&gt;false}, &quot;useW3C&quot;=&gt;true, &quot;accessibilityOptions&quot;=&gt;{}, &quot;testhubBuildUuid&quot;=&gt;&quot;vkmu2sccc4crfei8hcc8mwpvkdewa2y9ua5baf6m&quot;}, &quot;browserstack.is_hub_canary&quot;=&gt;false, &quot;acceptSslCert&quot;=&gt;false, &quot;detected_language&quot;=&gt;&quot;selenium/3.14.0 (java windows)&quot;, &quot;new_bucketing&quot;=&gt;true, &quot;browser&quot;=&gt;&quot;Safari&quot;, &quot;buildName&quot;=&gt;&quot;browserstack build #8&quot;, &quot;browserstack.debug&quot;=&gt;&quot;true&quot;, &quot;os&quot;=&gt;&quot;OS X&quot;, &quot;osVersion&quot;=&gt;&quot;Ventura&quot;, &quot;browserVersion&quot;=&gt;&quot;138&quot;, &quot;sessionName&quot;=&gt;&quot;ElPaisScraperTest&quot;, &quot;browserstack.consoleLogs&quot;=&gt;&quot;info&quot;, &quot;browserstack.networkLogs&quot;=&gt;&quot;true&quot;, &quot;projectName&quot;=&gt;&quot;BrowserStack Sample&quot;, &quot;browserstack.buildIdentifier&quot;=&gt;&quot;#8&quot;, &quot;browserstack.hostName&quot;=&gt;&quot;DESKTOP-RULROEU&quot;, &quot;browserstack.browserstackSDK&quot;=&gt;&quot;TestNG-javaagent/1.38.1&quot;, &quot;browserstack.buildProductMap.observability&quot;=&gt;true, &quot;browserstack.buildProductMap.accessibility&quot;=&gt;false, &quot;browserstack.buildProductMap.percy&quot;=&gt;false, &quot;browserstack.buildProductMap.automate&quot;=&gt;true, &quot;browserstack.buildProductMap.app_automate&quot;=&gt;false, &quot;browserstack.useW3C&quot;=&gt;&quot;true&quot;, &quot;browserstack.testhubBuildUuid&quot;=&gt;&quot;vkmu2sccc4crfei8hcc8mwpvkdewa2y9ua5baf6m&quot;, &quot;os_version&quot;=&gt;&quot;Ventura&quot;, &quot;browser_name&quot;=&gt;&quot;Safari&quot;, &quot;browser_version&quot;=&gt;&quot;138&quot;, &quot;version&quot;=&gt;&quot;138&quot;, &quot;browserstack.use_w3c&quot;=&gt;&quot;true&quot;, &quot;name&quot;=&gt;&quot;ElPaisScraperTest&quot;, &quot;build&quot;=&gt;&quot;browserstack build #8&quot;, &quot;project&quot;=&gt;&quot;BrowserStack Sample&quot;, &quot;browserstack.console&quot;=&gt;&quot;info&quot;, &quot;browserstack.seleniumLogs&quot;=&gt;true} (WARNING: The server did not provide any stacktrace information)
Command duration or timeout: 1.37 seconds
Build info: version: &apos;3.14.0&apos;, revision: &apos;aacccce0&apos;, time: &apos;2018-08-02T20:19:58.91Z&apos;
System info: host: &apos;DESKTOP-RULROEU&apos;, ip: &apos;192.168.1.99&apos;, os.name: &apos;Windows 11&apos;, os.arch: &apos;amd64&apos;, os.version: &apos;10.0&apos;, java.version: &apos;21.0.3&apos;
Driver info: driver.version: RemoteWebDriver
	at org.openqa.selenium.remote.ErrorHandler.createThrowable(ErrorHandler.java:214)
	at org.openqa.selenium.remote.ErrorHandler.throwIfResponseFailed(ErrorHandler.java:166)
	at org.openqa.selenium.remote.JsonWireProtocolResponse.lambda$new$0(JsonWireProtocolResponse.java:53)
	at org.openqa.selenium.remote.JsonWireProtocolResponse.lambda$getResponseFunction$2(JsonWireProtocolResponse.java:91)
	at org.openqa.selenium.remote.ProtocolHandshake.lambda$createSession$0(ProtocolHandshake.java:122)
	at java.base/java.util.stream.ReferencePipeline$3$1.accept(ReferencePipeline.java:197)
	at java.base/java.util.Spliterators$ArraySpliterator.tryAdvance(Spliterators.java:1034)
	at java.base/java.util.stream.ReferencePipeline.forEachWithCancel(ReferencePipeline.java:129)
	at java.base/java.util.stream.AbstractPipeline.copyIntoWithCancel(AbstractPipeline.java:527)
	at java.base/java.util.stream.AbstractPipeline.copyInto(AbstractPipeline.java:513)
	at java.base/java.util.stream.AbstractPipeline.wrapAndCopyInto(AbstractPipeline.java:499)
	at java.base/java.util.stream.FindOps$FindOp.evaluateSequential(FindOps.java:150)
	at java.base/java.util.stream.AbstractPipeline.evaluate(AbstractPipeline.java:234)
	at java.base/java.util.stream.ReferencePipeline.findFirst(ReferencePipeline.java:647)
	at org.openqa.selenium.remote.ProtocolHandshake.createSession(ProtocolHandshake.java:125)
	at org.openqa.selenium.remote.ProtocolHandshake.createSession(ProtocolHandshake.java:73)
	at org.openqa.selenium.remote.HttpCommandExecutor.execute(HttpCommandExecutor.java:136)
	at org.openqa.selenium.remote.RemoteWebDriver.execute(RemoteWebDriver.java:548)
	at org.openqa.selenium.remote.RemoteWebDriver.startSession(RemoteWebDriver.java:212)
	at org.openqa.selenium.remote.RemoteWebDriver.&lt;init&gt;(RemoteWebDriver.java:130)
	at org.openqa.selenium.remote.RemoteWebDriver.&lt;init&gt;(RemoteWebDriver.java:143)
	at testcases.BrowserStackBaseTest.setup(BrowserStackBaseTest.java:61)
	at java.base/java.util.ArrayList.forEach(ArrayList.java:1596)
	at java.base/java.util.concurrent.FutureTask.run(FutureTask.java:317)
	at java.base/java.util.concurrent.ThreadPoolExecutor.runWorker(ThreadPoolExecutor.java:1144)
	at java.base/java.util.concurrent.ThreadPoolExecutor$Worker.run(ThreadPoolExecutor.java:642)
	at java.base/java.lang.Thread.run(Thread.java:1583)
... Removed 22 stack frames
</div> <!-- stack-trace -->
                </div> <!-- method-content -->
              </div> <!-- method -->
              <div class="method">
                <div class="method-content">
                  <a name="scrapeOpinionArticles">
                  </a> <!-- scrapeOpinionArticles -->
                  <span class="method-name">scrapeOpinionArticles</span>
                  <div class="stack-trace">org.openqa.selenium.WebDriverException: Error: OS and OS Version not supported. (WARNING: The server did not provide any stacktrace information)
Command duration or timeout: 1.17 seconds
Build info: version: &apos;3.14.0&apos;, revision: &apos;aacccce0&apos;, time: &apos;2018-08-02T20:19:58.91Z&apos;
System info: host: &apos;DESKTOP-RULROEU&apos;, ip: &apos;192.168.1.99&apos;, os.name: &apos;Windows 11&apos;, os.arch: &apos;amd64&apos;, os.version: &apos;10.0&apos;, java.version: &apos;21.0.3&apos;
Driver info: driver.version: RemoteWebDriver
	at org.openqa.selenium.remote.ErrorHandler.createThrowable(ErrorHandler.java:214)
	at org.openqa.selenium.remote.ErrorHandler.throwIfResponseFailed(ErrorHandler.java:166)
	at org.openqa.selenium.remote.JsonWireProtocolResponse.lambda$new$0(JsonWireProtocolResponse.java:53)
	at org.openqa.selenium.remote.JsonWireProtocolResponse.lambda$getResponseFunction$2(JsonWireProtocolResponse.java:91)
	at org.openqa.selenium.remote.ProtocolHandshake.lambda$createSession$0(ProtocolHandshake.java:122)
	at java.base/java.util.stream.ReferencePipeline$3$1.accept(ReferencePipeline.java:197)
	at java.base/java.util.Spliterators$ArraySpliterator.tryAdvance(Spliterators.java:1034)
	at java.base/java.util.stream.ReferencePipeline.forEachWithCancel(ReferencePipeline.java:129)
	at java.base/java.util.stream.AbstractPipeline.copyIntoWithCancel(AbstractPipeline.java:527)
	at java.base/java.util.stream.AbstractPipeline.copyInto(AbstractPipeline.java:513)
	at java.base/java.util.stream.AbstractPipeline.wrapAndCopyInto(AbstractPipeline.java:499)
	at java.base/java.util.stream.FindOps$FindOp.evaluateSequential(FindOps.java:150)
	at java.base/java.util.stream.AbstractPipeline.evaluate(AbstractPipeline.java:234)
	at java.base/java.util.stream.ReferencePipeline.findFirst(ReferencePipeline.java:647)
	at org.openqa.selenium.remote.ProtocolHandshake.createSession(ProtocolHandshake.java:125)
	at org.openqa.selenium.remote.ProtocolHandshake.createSession(ProtocolHandshake.java:73)
	at org.openqa.selenium.remote.HttpCommandExecutor.execute(HttpCommandExecutor.java:136)
	at org.openqa.selenium.remote.RemoteWebDriver.execute(RemoteWebDriver.java:548)
	at org.openqa.selenium.remote.RemoteWebDriver.startSession(RemoteWebDriver.java:212)
	at org.openqa.selenium.remote.RemoteWebDriver.&lt;init&gt;(RemoteWebDriver.java:130)
	at org.openqa.selenium.remote.RemoteWebDriver.&lt;init&gt;(RemoteWebDriver.java:143)
	at testcases.BrowserStackBaseTest.setup(BrowserStackBaseTest.java:61)
	at java.base/java.util.ArrayList.forEach(ArrayList.java:1596)
	at java.base/java.util.concurrent.FutureTask.run(FutureTask.java:317)
	at java.base/java.util.concurrent.ThreadPoolExecutor.runWorker(ThreadPoolExecutor.java:1144)
	at java.base/java.util.concurrent.ThreadPoolExecutor$Worker.run(ThreadPoolExecutor.java:642)
	at java.base/java.lang.Thread.run(Thread.java:1583)
... Removed 22 stack frames
</div> <!-- stack-trace -->
                </div> <!-- method-content -->
              </div> <!-- method -->
            </div> <!-- main-panel-content rounded-window-bottom -->
          </div> <!-- suite-BrowserStack_Cross_Browser_Suite-class-skipped -->
          <div class="suite-BrowserStack_Cross_Browser_Suite-class-passed">
            <div class="main-panel-header rounded-window-top">
              <img src="passed.png"/>
              <span class="class-name">testcases.ElPaisHeaderTranslator</span>
            </div> <!-- main-panel-header rounded-window-top -->
            <div class="main-panel-content rounded-window-bottom">
              <div class="method">
                <div class="method-content">
                  <a name="translateArticleHeaders">
                  </a> <!-- translateArticleHeaders -->
                  <span class="method-name">translateArticleHeaders</span>
                </div> <!-- method-content -->
              </div> <!-- method -->
              <div class="method">
                <div class="method-content">
                  <a name="translateArticleHeaders">
                  </a> <!-- translateArticleHeaders -->
                  <span class="method-name">translateArticleHeaders</span>
                </div> <!-- method-content -->
              </div> <!-- method -->
            </div> <!-- main-panel-content rounded-window-bottom -->
          </div> <!-- suite-BrowserStack_Cross_Browser_Suite-class-passed -->
          <div class="suite-BrowserStack_Cross_Browser_Suite-class-passed">
            <div class="main-panel-header rounded-window-top">
              <img src="passed.png"/>
              <span class="class-name">testcases.VerifySpanishLanguage</span>
            </div> <!-- main-panel-header rounded-window-top -->
            <div class="main-panel-content rounded-window-bottom">
              <div class="method">
                <div class="method-content">
                  <a name="verifyPageIsInSpanish">
                  </a> <!-- verifyPageIsInSpanish -->
                  <span class="method-name">verifyPageIsInSpanish</span>
                </div> <!-- method-content -->
              </div> <!-- method -->
              <div class="method">
                <div class="method-content">
                  <a name="verifyPageIsInSpanish">
                  </a> <!-- verifyPageIsInSpanish -->
                  <span class="method-name">verifyPageIsInSpanish</span>
                </div> <!-- method-content -->
              </div> <!-- method -->
              <div class="method">
                <div class="method-content">
                  <a name="verifyPageIsInSpanish">
                  </a> <!-- verifyPageIsInSpanish -->
                  <span class="method-name">verifyPageIsInSpanish</span>
                </div> <!-- method-content -->
              </div> <!-- method -->
              <div class="method">
                <div class="method-content">
                  <a name="verifyPageIsInSpanish">
                  </a> <!-- verifyPageIsInSpanish -->
                  <span class="method-name">verifyPageIsInSpanish</span>
                </div> <!-- method-content -->
              </div> <!-- method -->
              <div class="method">
                <div class="method-content">
                  <a name="verifyPageIsInSpanish">
                  </a> <!-- verifyPageIsInSpanish -->
                  <span class="method-name">verifyPageIsInSpanish</span>
                </div> <!-- method-content -->
              </div> <!-- method -->
            </div> <!-- main-panel-content rounded-window-bottom -->
          </div> <!-- suite-BrowserStack_Cross_Browser_Suite-class-passed -->
          <div class="suite-BrowserStack_Cross_Browser_Suite-class-passed">
            <div class="main-panel-header rounded-window-top">
              <img src="passed.png"/>
              <span class="class-name">testcases.ElPaisHeaderAnalyzerOccurence</span>
            </div> <!-- main-panel-header rounded-window-top -->
            <div class="main-panel-content rounded-window-bottom">
              <div class="method">
                <div class="method-content">
                  <a name="analyzeTranslatedHeaders">
                  </a> <!-- analyzeTranslatedHeaders -->
                  <span class="method-name">analyzeTranslatedHeaders</span>
                </div> <!-- method-content -->
              </div> <!-- method -->
              <div class="method">
                <div class="method-content">
                  <a name="analyzeTranslatedHeaders">
                  </a> <!-- analyzeTranslatedHeaders -->
                  <span class="method-name">analyzeTranslatedHeaders</span>
                </div> <!-- method-content -->
              </div> <!-- method -->
            </div> <!-- main-panel-content rounded-window-bottom -->
          </div> <!-- suite-BrowserStack_Cross_Browser_Suite-class-passed -->
          <div class="suite-BrowserStack_Cross_Browser_Suite-class-passed">
            <div class="main-panel-header rounded-window-top">
              <img src="passed.png"/>
              <span class="class-name">testcases.ElPaisScraperTest</span>
            </div> <!-- main-panel-header rounded-window-top -->
            <div class="main-panel-content rounded-window-bottom">
              <div class="method">
                <div class="method-content">
                  <a name="scrapeOpinionArticles">
                  </a> <!-- scrapeOpinionArticles -->
                  <span class="method-name">scrapeOpinionArticles</span>
                </div> <!-- method-content -->
              </div> <!-- method -->
              <div class="method">
                <div class="method-content">
                  <a name="scrapeOpinionArticles">
                  </a> <!-- scrapeOpinionArticles -->
                  <span class="method-name">scrapeOpinionArticles</span>
                </div> <!-- method-content -->
              </div> <!-- method -->
            </div> <!-- main-panel-content rounded-window-bottom -->
          </div> <!-- suite-BrowserStack_Cross_Browser_Suite-class-passed -->
        </div> <!-- panel BrowserStack_Cross_Browser_Suite -->
        <div panel-name="test-xml-BrowserStack_Cross_Browser_Suite" class="panel">
          <div class="main-panel-header rounded-window-top">
            <span class="header-content">C:\Users\Shradha Sahu\Downloads\DataDrivenFramework\DataDrivenFramework\testng.xml</span>
          </div> <!-- main-panel-header rounded-window-top -->
          <div class="main-panel-content rounded-window-bottom">
            <pre>
&lt;?xml version=&quot;1.0&quot; encoding=&quot;UTF-8&quot;?&gt;
&lt;!DOCTYPE suite SYSTEM &quot;https://testng.org/testng-1.0.dtd&quot;&gt;
&lt;suite parallel=&quot;tests&quot; name=&quot;BrowserStack Cross-Browser Suite&quot; guice-stage=&quot;DEVELOPMENT&quot; verbose=&quot;0&quot;&gt;
  &lt;test thread-count=&quot;5&quot; parallel=&quot;tests&quot; name=&quot;Win11 Chrome Test&quot; verbose=&quot;0&quot;&gt;
    &lt;parameter name=&quot;os&quot; value=&quot;Windows&quot;/&gt;
    &lt;parameter name=&quot;os_version&quot; value=&quot;11&quot;/&gt;
    &lt;parameter name=&quot;browser&quot; value=&quot;Chrome&quot;/&gt;
    &lt;parameter name=&quot;browser_version&quot; value=&quot;latest&quot;/&gt;
    &lt;parameter name=&quot;device&quot; value=&quot;&quot;/&gt;
    &lt;classes&gt;
      &lt;class name=&quot;testcases.VerifySpanishLanguage&quot;/&gt;
      &lt;class name=&quot;testcases.ElPaisScraperTest&quot;/&gt;
      &lt;class name=&quot;testcases.ElPaisHeaderTranslator&quot;/&gt;
      &lt;class name=&quot;testcases.ElPaisHeaderAnalyzerOccurence&quot;/&gt;
    &lt;/classes&gt;
  &lt;/test&gt; &lt;!-- Win11 Chrome Test --&gt;
  &lt;test thread-count=&quot;5&quot; parallel=&quot;tests&quot; name=&quot;MacOS Safari Test&quot; verbose=&quot;0&quot;&gt;
    &lt;parameter name=&quot;os&quot; value=&quot;OS X&quot;/&gt;
    &lt;parameter name=&quot;os_version&quot; value=&quot;Ventura&quot;/&gt;
    &lt;parameter name=&quot;browser&quot; value=&quot;Safari&quot;/&gt;
    &lt;parameter name=&quot;browser_version&quot; value=&quot;138&quot;/&gt;
    &lt;parameter name=&quot;device&quot; value=&quot;&quot;/&gt;
    &lt;classes&gt;
      &lt;class name=&quot;testcases.VerifySpanishLanguage&quot;/&gt;
      &lt;class name=&quot;testcases.ElPaisScraperTest&quot;/&gt;
      &lt;class name=&quot;testcases.ElPaisHeaderTranslator&quot;/&gt;
      &lt;class name=&quot;testcases.ElPaisHeaderAnalyzerOccurence&quot;/&gt;
    &lt;/classes&gt;
  &lt;/test&gt; &lt;!-- MacOS Safari Test --&gt;
  &lt;test thread-count=&quot;5&quot; parallel=&quot;tests&quot; name=&quot;Win10 Firefox Test&quot; verbose=&quot;0&quot;&gt;
    &lt;parameter name=&quot;os&quot; value=&quot;Windows&quot;/&gt;
    &lt;parameter name=&quot;os_version&quot; value=&quot;10&quot;/&gt;
    &lt;parameter name=&quot;browser&quot; value=&quot;Firefox&quot;/&gt;
    &lt;parameter name=&quot;browser_version&quot; value=&quot;140&quot;/&gt;
    &lt;parameter name=&quot;device&quot; value=&quot;&quot;/&gt;
    &lt;classes&gt;
      &lt;class name=&quot;testcases.VerifySpanishLanguage&quot;/&gt;
      &lt;class name=&quot;testcases.ElPaisScraperTest&quot;/&gt;
      &lt;class name=&quot;testcases.ElPaisHeaderTranslator&quot;/&gt;
      &lt;class name=&quot;testcases.ElPaisHeaderAnalyzerOccurence&quot;/&gt;
    &lt;/classes&gt;
  &lt;/test&gt; &lt;!-- Win10 Firefox Test --&gt;
  &lt;test thread-count=&quot;5&quot; parallel=&quot;tests&quot; name=&quot;Android Chrome Test&quot; verbose=&quot;0&quot;&gt;
    &lt;parameter name=&quot;os&quot; value=&quot;android&quot;/&gt;
    &lt;parameter name=&quot;os_version&quot; value=&quot;14.0&quot;/&gt;
    &lt;parameter name=&quot;browser&quot; value=&quot;Chrome&quot;/&gt;
    &lt;parameter name=&quot;browser_version&quot; value=&quot;&quot;/&gt;
    &lt;parameter name=&quot;device&quot; value=&quot;Google Pixel 8 Pro&quot;/&gt;
    &lt;classes&gt;
      &lt;class name=&quot;testcases.VerifySpanishLanguage&quot;/&gt;
      &lt;class name=&quot;testcases.ElPaisScraperTest&quot;/&gt;
      &lt;class name=&quot;testcases.ElPaisHeaderTranslator&quot;/&gt;
      &lt;class name=&quot;testcases.ElPaisHeaderAnalyzerOccurence&quot;/&gt;
    &lt;/classes&gt;
  &lt;/test&gt; &lt;!-- Android Chrome Test --&gt;
  &lt;test thread-count=&quot;5&quot; parallel=&quot;tests&quot; name=&quot;iOS Safari Test&quot; verbose=&quot;0&quot;&gt;
    &lt;parameter name=&quot;os&quot; value=&quot;ios&quot;/&gt;
    &lt;parameter name=&quot;os_version&quot; value=&quot;17&quot;/&gt;
    &lt;parameter name=&quot;browser&quot; value=&quot;Safari&quot;/&gt;
    &lt;parameter name=&quot;browser_version&quot; value=&quot;&quot;/&gt;
    &lt;parameter name=&quot;device&quot; value=&quot;iPhone 15 Pro Max&quot;/&gt;
    &lt;classes&gt;
      &lt;class name=&quot;testcases.VerifySpanishLanguage&quot;/&gt;
      &lt;class name=&quot;testcases.ElPaisScraperTest&quot;/&gt;
      &lt;class name=&quot;testcases.ElPaisHeaderTranslator&quot;/&gt;
      &lt;class name=&quot;testcases.ElPaisHeaderAnalyzerOccurence&quot;/&gt;
    &lt;/classes&gt;
  &lt;/test&gt; &lt;!-- iOS Safari Test --&gt;
&lt;/suite&gt; &lt;!-- BrowserStack Cross-Browser Suite --&gt;
            </pre>
          </div> <!-- main-panel-content rounded-window-bottom -->
        </div> <!-- panel -->
        <div panel-name="testlist-BrowserStack_Cross_Browser_Suite" class="panel">
          <div class="main-panel-header rounded-window-top">
            <span class="header-content">Tests for BrowserStack Cross-Browser Suite</span>
          </div> <!-- main-panel-header rounded-window-top -->
          <div class="main-panel-content rounded-window-bottom">
            <ul>
              <li>
                <span class="test-name">Win11 Chrome Test (4 classes)</span>
              </li>
              <li>
                <span class="test-name">MacOS Safari Test (4 classes)</span>
              </li>
              <li>
                <span class="test-name">Win10 Firefox Test (4 classes)</span>
              </li>
              <li>
                <span class="test-name">Android Chrome Test (4 classes)</span>
              </li>
              <li>
                <span class="test-name">iOS Safari Test (4 classes)</span>
              </li>
            </ul>
          </div> <!-- main-panel-content rounded-window-bottom -->
        </div> <!-- panel -->
        <div panel-name="group-BrowserStack_Cross_Browser_Suite" class="panel">
          <div class="main-panel-header rounded-window-top">
            <span class="header-content">Groups for BrowserStack Cross-Browser Suite</span>
          </div> <!-- main-panel-header rounded-window-top -->
          <div class="main-panel-content rounded-window-bottom">
          </div> <!-- main-panel-content rounded-window-bottom -->
        </div> <!-- panel -->
        <div panel-name="times-BrowserStack_Cross_Browser_Suite" class="panel">
          <div class="main-panel-header rounded-window-top">
            <span class="header-content">Times for BrowserStack Cross-Browser Suite</span>
          </div> <!-- main-panel-header rounded-window-top -->
          <div class="main-panel-content rounded-window-bottom">
            <div class="times-div">
              <script type="text/javascript">
suiteTableInitFunctions.push('tableData_BrowserStack_Cross_Browser_Suite');
function tableData_BrowserStack_Cross_Browser_Suite() {
var data = new google.visualization.DataTable();
data.addColumn('number', 'Number');
data.addColumn('string', 'Method');
data.addColumn('string', 'Class');
data.addColumn('number', 'Time (ms)');
data.addRows(20);
data.setCell(0, 0, 0)
data.setCell(0, 1, 'scrapeOpinionArticles')
data.setCell(0, 2, 'testcases.ElPaisScraperTest')
data.setCell(0, 3, 111773);
data.setCell(1, 0, 1)
data.setCell(1, 1, 'scrapeOpinionArticles')
data.setCell(1, 2, 'testcases.ElPaisScraperTest')
data.setCell(1, 3, 75899);
data.setCell(2, 0, 2)
data.setCell(2, 1, 'analyzeTranslatedHeaders')
data.setCell(2, 2, 'testcases.ElPaisHeaderAnalyzerOccurence')
data.setCell(2, 3, 20932);
data.setCell(3, 0, 3)
data.setCell(3, 1, 'verifyPageIsInSpanish')
data.setCell(3, 2, 'testcases.VerifySpanishLanguage')
data.setCell(3, 3, 18112);
data.setCell(4, 0, 4)
data.setCell(4, 1, 'verifyPageIsInSpanish')
data.setCell(4, 2, 'testcases.VerifySpanishLanguage')
data.setCell(4, 3, 15922);
data.setCell(5, 0, 5)
data.setCell(5, 1, 'verifyPageIsInSpanish')
data.setCell(5, 2, 'testcases.VerifySpanishLanguage')
data.setCell(5, 3, 15467);
data.setCell(6, 0, 6)
data.setCell(6, 1, 'verifyPageIsInSpanish')
data.setCell(6, 2, 'testcases.VerifySpanishLanguage')
data.setCell(6, 3, 13885);
data.setCell(7, 0, 7)
data.setCell(7, 1, 'analyzeTranslatedHeaders')
data.setCell(7, 2, 'testcases.ElPaisHeaderAnalyzerOccurence')
data.setCell(7, 3, 13334);
data.setCell(8, 0, 8)
data.setCell(8, 1, 'verifyPageIsInSpanish')
data.setCell(8, 2, 'testcases.VerifySpanishLanguage')
data.setCell(8, 3, 12864);
data.setCell(9, 0, 9)
data.setCell(9, 1, 'translateArticleHeaders')
data.setCell(9, 2, 'testcases.ElPaisHeaderTranslator')
data.setCell(9, 3, 11036);
data.setCell(10, 0, 10)
data.setCell(10, 1, 'translateArticleHeaders')
data.setCell(10, 2, 'testcases.ElPaisHeaderTranslator')
data.setCell(10, 3, 10308);
data.setCell(11, 0, 11)
data.setCell(11, 1, 'translateArticleHeaders')
data.setCell(11, 2, 'testcases.ElPaisHeaderTranslator')
data.setCell(11, 3, 0);
data.setCell(12, 0, 12)
data.setCell(12, 1, 'analyzeTranslatedHeaders')
data.setCell(12, 2, 'testcases.ElPaisHeaderAnalyzerOccurence')
data.setCell(12, 3, 0);
data.setCell(13, 0, 13)
data.setCell(13, 1, 'scrapeOpinionArticles')
data.setCell(13, 2, 'testcases.ElPaisScraperTest')
data.setCell(13, 3, 0);
data.setCell(14, 0, 14)
data.setCell(14, 1, 'translateArticleHeaders')
data.setCell(14, 2, 'testcases.ElPaisHeaderTranslator')
data.setCell(14, 3, 0);
data.setCell(15, 0, 15)
data.setCell(15, 1, 'analyzeTranslatedHeaders')
data.setCell(15, 2, 'testcases.ElPaisHeaderAnalyzerOccurence')
data.setCell(15, 3, 0);
data.setCell(16, 0, 16)
data.setCell(16, 1, 'scrapeOpinionArticles')
data.setCell(16, 2, 'testcases.ElPaisScraperTest')
data.setCell(16, 3, 0);
data.setCell(17, 0, 17)
data.setCell(17, 1, 'translateArticleHeaders')
data.setCell(17, 2, 'testcases.ElPaisHeaderTranslator')
data.setCell(17, 3, 0);
data.setCell(18, 0, 18)
data.setCell(18, 1, 'analyzeTranslatedHeaders')
data.setCell(18, 2, 'testcases.ElPaisHeaderAnalyzerOccurence')
data.setCell(18, 3, 0);
data.setCell(19, 0, 19)
data.setCell(19, 1, 'scrapeOpinionArticles')
data.setCell(19, 2, 'testcases.ElPaisScraperTest')
data.setCell(19, 3, 0);
window.suiteTableData['BrowserStack_Cross_Browser_Suite']= { tableData: data, tableDiv: 'times-div-BrowserStack_Cross_Browser_Suite'}
return data;
}
              </script>
              <span class="suite-total-time">Total running time: 3 minutes</span>
              <div id="times-div-BrowserStack_Cross_Browser_Suite">
              </div> <!-- times-div-BrowserStack_Cross_Browser_Suite -->
            </div> <!-- times-div -->
          </div> <!-- main-panel-content rounded-window-bottom -->
        </div> <!-- panel -->
        <div panel-name="reporter-BrowserStack_Cross_Browser_Suite" class="panel">
          <div class="main-panel-header rounded-window-top">
            <span class="header-content">Reporter output for BrowserStack Cross-Browser Suite</span>
          </div> <!-- main-panel-header rounded-window-top -->
          <div class="main-panel-content rounded-window-bottom">
          </div> <!-- main-panel-content rounded-window-bottom -->
        </div> <!-- panel -->
        <div panel-name="ignored-methods-BrowserStack_Cross_Browser_Suite" class="panel">
          <div class="main-panel-header rounded-window-top">
            <span class="header-content">0 ignored methods</span>
          </div> <!-- main-panel-header rounded-window-top -->
          <div class="main-panel-content rounded-window-bottom">
          </div> <!-- main-panel-content rounded-window-bottom -->
        </div> <!-- panel -->
        <div panel-name="chronological-BrowserStack_Cross_Browser_Suite" class="panel">
          <div class="main-panel-header rounded-window-top">
            <span class="header-content">Methods in chronological order</span>
          </div> <!-- main-panel-header rounded-window-top -->
          <div class="main-panel-content rounded-window-bottom">
            <div class="chronological-class">
              <div class="chronological-class-name">testcases.VerifySpanishLanguage</div> <!-- chronological-class-name -->
              <div class="configuration-method before">
                <span class="method-name">setup(Windows, 11, Chrome, latest)</span>
                <span class="method-start">0 ms</span>
              </div> <!-- configuration-method before -->
              <div class="configuration-method before">
                <span class="method-name">setup(OS X, Ventura, Safari, 138)</span>
                <span class="method-start">0 ms</span>
              </div> <!-- configuration-method before -->
              <div class="configuration-method before">
                <span class="method-name">setup(Windows, 10, Firefox, 140)</span>
                <span class="method-start">0 ms</span>
              </div> <!-- configuration-method before -->
              <div class="configuration-method before">
                <span class="method-name">setup(android, 14.0, Chrome, )</span>
                <span class="method-start">0 ms</span>
              </div> <!-- configuration-method before -->
              <div class="configuration-method before">
                <span class="method-name">setup(ios, 17, Safari, )</span>
                <span class="method-start">0 ms</span>
              </div> <!-- configuration-method before -->
              <div class="test-method">
                <span class="method-name">verifyPageIsInSpanish</span>
                <span class="method-start">12953 ms</span>
              </div> <!-- test-method -->
              <div class="test-method">
                <span class="method-name">verifyPageIsInSpanish</span>
                <span class="method-start">20609 ms</span>
              </div> <!-- test-method -->
              <div class="test-method">
                <span class="method-name">verifyPageIsInSpanish</span>
                <span class="method-start">21477 ms</span>
              </div> <!-- test-method -->
              <div class="test-method">
                <span class="method-name">verifyPageIsInSpanish</span>
                <span class="method-start">21643 ms</span>
              </div> <!-- test-method -->
              <div class="test-method">
                <span class="method-name">verifyPageIsInSpanish</span>
                <span class="method-start">27147 ms</span>
              </div> <!-- test-method -->
              <div class="configuration-method after">
                <span class="method-name">tearDown</span>
                <span class="method-start">30690 ms</span>
              </div> <!-- configuration-method after -->
            </div> <!-- chronological-class -->
            <div class="chronological-class">
              <div class="chronological-class-name">testcases.ElPaisScraperTest</div> <!-- chronological-class-name -->
              <div class="configuration-method before">
                <span class="method-name">setup(Windows, 10, Firefox, 140)</span>
                <span class="method-start">32173 ms</span>
              </div> <!-- configuration-method before -->
            </div> <!-- chronological-class -->
            <div class="chronological-class">
              <div class="chronological-class-name">testcases.VerifySpanishLanguage</div> <!-- chronological-class-name -->
              <div class="configuration-method after">
                <span class="method-name">tearDown</span>
                <span class="method-start">36206 ms</span>
              </div> <!-- configuration-method after -->
              <div class="configuration-method after">
                <span class="method-name">tearDown</span>
                <span class="method-start">36217 ms</span>
              </div> <!-- configuration-method after -->
            </div> <!-- chronological-class -->
            <div class="chronological-class">
              <div class="chronological-class-name">testcases.ElPaisScraperTest</div> <!-- chronological-class-name -->
              <div class="configuration-method before">
                <img src="failed.png">
                </img>
                <span class="method-name">setup(OS X, Ventura, Safari, 138)</span>
                <span class="method-start">37626 ms</span>
              </div> <!-- configuration-method before -->
              <div class="configuration-method before">
                <img src="failed.png">
                </img>
                <span class="method-name">setup(ios, 17, Safari, )</span>
                <span class="method-start">37802 ms</span>
              </div> <!-- configuration-method before -->
              <div class="test-method">
                <span class="method-name">scrapeOpinionArticles</span>
                <span class="method-start">39150 ms</span>
              </div> <!-- test-method -->
              <div class="test-method">
                <span class="method-name">scrapeOpinionArticles</span>
                <span class="method-start">39188 ms</span>
              </div> <!-- test-method -->
              <div class="configuration-method after">
                <span class="method-name">tearDown</span>
                <span class="method-start">40820 ms</span>
              </div> <!-- configuration-method after -->
            </div> <!-- chronological-class -->
            <div class="chronological-class">
              <div class="chronological-class-name">testcases.ElPaisHeaderTranslator</div> <!-- chronological-class-name -->
              <div class="configuration-method before">
                <img src="failed.png">
                </img>
                <span class="method-name">setup(ios, 17, Safari, )</span>
                <span class="method-start">40891 ms</span>
              </div> <!-- configuration-method before -->
            </div> <!-- chronological-class -->
            <div class="chronological-class">
              <div class="chronological-class-name">testcases.VerifySpanishLanguage</div> <!-- chronological-class-name -->
              <div class="configuration-method after">
                <span class="method-name">tearDown</span>
                <span class="method-start">41258 ms</span>
              </div> <!-- configuration-method after -->
            </div> <!-- chronological-class -->
            <div class="chronological-class">
              <div class="chronological-class-name">testcases.ElPaisScraperTest</div> <!-- chronological-class-name -->
              <div class="configuration-method after">
                <span class="method-name">tearDown</span>
                <span class="method-start">41395 ms</span>
              </div> <!-- configuration-method after -->
            </div> <!-- chronological-class -->
            <div class="chronological-class">
              <div class="chronological-class-name">testcases.ElPaisHeaderTranslator</div> <!-- chronological-class-name -->
              <div class="configuration-method before">
                <img src="failed.png">
                </img>
                <span class="method-name">setup(OS X, Ventura, Safari, 138)</span>
                <span class="method-start">41470 ms</span>
              </div> <!-- configuration-method before -->
              <div class="test-method">
                <span class="method-name">translateArticleHeaders</span>
                <span class="method-start">42252 ms</span>
              </div> <!-- test-method -->
            </div> <!-- chronological-class -->
            <div class="chronological-class">
              <div class="chronological-class-name">testcases.ElPaisScraperTest</div> <!-- chronological-class-name -->
              <div class="configuration-method before">
                <img src="failed.png">
                </img>
                <span class="method-name">setup(android, 14.0, Chrome, )</span>
                <span class="method-start">42729 ms</span>
              </div> <!-- configuration-method before -->
            </div> <!-- chronological-class -->
            <div class="chronological-class">
              <div class="chronological-class-name">testcases.ElPaisHeaderTranslator</div> <!-- chronological-class-name -->
              <div class="test-method">
                <span class="method-name">translateArticleHeaders</span>
                <span class="method-start">42748 ms</span>
              </div> <!-- test-method -->
              <div class="configuration-method after">
                <span class="method-name">tearDown</span>
                <span class="method-start">43759 ms</span>
              </div> <!-- configuration-method after -->
            </div> <!-- chronological-class -->
            <div class="chronological-class">
              <div class="chronological-class-name">testcases.ElPaisHeaderAnalyzerOccurence</div> <!-- chronological-class-name -->
              <div class="configuration-method before">
                <img src="failed.png">
                </img>
                <span class="method-name">setup(ios, 17, Safari, )</span>
                <span class="method-start">43831 ms</span>
              </div> <!-- configuration-method before -->
            </div> <!-- chronological-class -->
            <div class="chronological-class">
              <div class="chronological-class-name">testcases.ElPaisScraperTest</div> <!-- chronological-class-name -->
              <div class="test-method">
                <span class="method-name">scrapeOpinionArticles</span>
                <span class="method-start">44009 ms</span>
              </div> <!-- test-method -->
            </div> <!-- chronological-class -->
            <div class="chronological-class">
              <div class="chronological-class-name">testcases.VerifySpanishLanguage</div> <!-- chronological-class-name -->
              <div class="configuration-method after">
                <span class="method-name">tearDown</span>
                <span class="method-start">44352 ms</span>
              </div> <!-- configuration-method after -->
            </div> <!-- chronological-class -->
            <div class="chronological-class">
              <div class="chronological-class-name">testcases.ElPaisHeaderTranslator</div> <!-- chronological-class-name -->
              <div class="configuration-method after">
                <span class="method-name">tearDown</span>
                <span class="method-start">44865 ms</span>
              </div> <!-- configuration-method after -->
            </div> <!-- chronological-class -->
            <div class="chronological-class">
              <div class="chronological-class-name">testcases.ElPaisHeaderAnalyzerOccurence</div> <!-- chronological-class-name -->
              <div class="configuration-method before">
                <img src="failed.png">
                </img>
                <span class="method-name">setup(OS X, Ventura, Safari, 138)</span>
                <span class="method-start">44944 ms</span>
              </div> <!-- configuration-method before -->
              <div class="test-method">
                <span class="method-name">analyzeTranslatedHeaders</span>
                <span class="method-start">45160 ms</span>
              </div> <!-- test-method -->
            </div> <!-- chronological-class -->
            <div class="chronological-class">
              <div class="chronological-class-name">testcases.ElPaisScraperTest</div> <!-- chronological-class-name -->
              <div class="configuration-method before">
                <span class="method-name">setup(Windows, 11, Chrome, latest)</span>
                <span class="method-start">46001 ms</span>
              </div> <!-- configuration-method before -->
            </div> <!-- chronological-class -->
            <div class="chronological-class">
              <div class="chronological-class-name">testcases.ElPaisHeaderAnalyzerOccurence</div> <!-- chronological-class-name -->
              <div class="test-method">
                <span class="method-name">analyzeTranslatedHeaders</span>
                <span class="method-start">46203 ms</span>
              </div> <!-- test-method -->
            </div> <!-- chronological-class -->
            <div class="chronological-class">
              <div class="chronological-class-name">testcases.ElPaisScraperTest</div> <!-- chronological-class-name -->
              <div class="configuration-method after">
                <span class="method-name">tearDown</span>
                <span class="method-start">46303 ms</span>
              </div> <!-- configuration-method after -->
            </div> <!-- chronological-class -->
            <div class="chronological-class">
              <div class="chronological-class-name">testcases.ElPaisHeaderTranslator</div> <!-- chronological-class-name -->
              <div class="configuration-method before">
                <img src="failed.png">
                </img>
                <span class="method-name">setup(android, 14.0, Chrome, )</span>
                <span class="method-start">46376 ms</span>
              </div> <!-- configuration-method before -->
            </div> <!-- chronological-class -->
            <div class="chronological-class">
              <div class="chronological-class-name">testcases.ElPaisHeaderAnalyzerOccurence</div> <!-- chronological-class-name -->
              <div class="configuration-method after">
                <span class="method-name">tearDown</span>
                <span class="method-start">46678 ms</span>
              </div> <!-- configuration-method after -->
              <div class="configuration-method after">
                <span class="method-name">tearDown</span>
                <span class="method-start">47555 ms</span>
              </div> <!-- configuration-method after -->
            </div> <!-- chronological-class -->
            <div class="chronological-class">
              <div class="chronological-class-name">testcases.ElPaisHeaderTranslator</div> <!-- chronological-class-name -->
              <div class="test-method">
                <span class="method-name">translateArticleHeaders</span>
                <span class="method-start">47694 ms</span>
              </div> <!-- test-method -->
              <div class="configuration-method after">
                <span class="method-name">tearDown</span>
                <span class="method-start">49134 ms</span>
              </div> <!-- configuration-method after -->
            </div> <!-- chronological-class -->
            <div class="chronological-class">
              <div class="chronological-class-name">testcases.ElPaisHeaderAnalyzerOccurence</div> <!-- chronological-class-name -->
              <div class="configuration-method before">
                <img src="failed.png">
                </img>
                <span class="method-name">setup(android, 14.0, Chrome, )</span>
                <span class="method-start">49202 ms</span>
              </div> <!-- configuration-method before -->
            </div> <!-- chronological-class -->
            <div class="chronological-class">
              <div class="chronological-class-name">testcases.ElPaisScraperTest</div> <!-- chronological-class-name -->
              <div class="test-method">
                <span class="method-name">scrapeOpinionArticles</span>
                <span class="method-start">50006 ms</span>
              </div> <!-- test-method -->
            </div> <!-- chronological-class -->
            <div class="chronological-class">
              <div class="chronological-class-name">testcases.ElPaisHeaderAnalyzerOccurence</div> <!-- chronological-class-name -->
              <div class="test-method">
                <span class="method-name">analyzeTranslatedHeaders</span>
                <span class="method-start">50483 ms</span>
              </div> <!-- test-method -->
              <div class="configuration-method after">
                <span class="method-name">tearDown</span>
                <span class="method-start">52117 ms</span>
              </div> <!-- configuration-method after -->
            </div> <!-- chronological-class -->
            <div class="chronological-class">
              <div class="chronological-class-name">testcases.ElPaisScraperTest</div> <!-- chronological-class-name -->
              <div class="test-method">
                <span class="method-name">scrapeOpinionArticles</span>
                <span class="method-start">58049 ms</span>
              </div> <!-- test-method -->
              <div class="configuration-method after">
                <span class="method-name">tearDown</span>
                <span class="method-start">127549 ms</span>
              </div> <!-- configuration-method after -->
            </div> <!-- chronological-class -->
            <div class="chronological-class">
              <div class="chronological-class-name">testcases.ElPaisHeaderTranslator</div> <!-- chronological-class-name -->
              <div class="configuration-method before">
                <span class="method-name">setup(Windows, 10, Firefox, 140)</span>
                <span class="method-start">129036 ms</span>
              </div> <!-- configuration-method before -->
              <div class="test-method">
                <span class="method-name">translateArticleHeaders</span>
                <span class="method-start">146170 ms</span>
              </div> <!-- test-method -->
              <div class="configuration-method after">
                <span class="method-name">tearDown</span>
                <span class="method-start">159119 ms</span>
              </div> <!-- configuration-method after -->
            </div> <!-- chronological-class -->
            <div class="chronological-class">
              <div class="chronological-class-name">testcases.ElPaisHeaderAnalyzerOccurence</div> <!-- chronological-class-name -->
              <div class="configuration-method before">
                <span class="method-name">setup(Windows, 10, Firefox, 140)</span>
                <span class="method-start">160560 ms</span>
              </div> <!-- configuration-method before -->
            </div> <!-- chronological-class -->
            <div class="chronological-class">
              <div class="chronological-class-name">testcases.ElPaisScraperTest</div> <!-- chronological-class-name -->
              <div class="configuration-method after">
                <span class="method-name">tearDown</span>
                <span class="method-start">171729 ms</span>
              </div> <!-- configuration-method after -->
            </div> <!-- chronological-class -->
            <div class="chronological-class">
              <div class="chronological-class-name">testcases.ElPaisHeaderTranslator</div> <!-- chronological-class-name -->
              <div class="configuration-method before">
                <span class="method-name">setup(Windows, 11, Chrome, latest)</span>
                <span class="method-start">173160 ms</span>
              </div> <!-- configuration-method before -->
            </div> <!-- chronological-class -->
            <div class="chronological-class">
              <div class="chronological-class-name">testcases.ElPaisHeaderAnalyzerOccurence</div> <!-- chronological-class-name -->
              <div class="test-method">
                <span class="method-name">analyzeTranslatedHeaders</span>
                <span class="method-start">178141 ms</span>
              </div> <!-- test-method -->
            </div> <!-- chronological-class -->
            <div class="chronological-class">
              <div class="chronological-class-name">testcases.ElPaisHeaderTranslator</div> <!-- chronological-class-name -->
              <div class="test-method">
                <span class="method-name">translateArticleHeaders</span>
                <span class="method-start">179513 ms</span>
              </div> <!-- test-method -->
              <div class="configuration-method after">
                <span class="method-name">tearDown</span>
                <span class="method-start">191581 ms</span>
              </div> <!-- configuration-method after -->
            </div> <!-- chronological-class -->
            <div class="chronological-class">
              <div class="chronological-class-name">testcases.ElPaisHeaderAnalyzerOccurence</div> <!-- chronological-class-name -->
              <div class="configuration-method before">
                <span class="method-name">setup(Windows, 11, Chrome, latest)</span>
                <span class="method-start">192998 ms</span>
              </div> <!-- configuration-method before -->
              <div class="configuration-method after">
                <span class="method-name">tearDown</span>
                <span class="method-start">193230 ms</span>
              </div> <!-- configuration-method after -->
              <div class="test-method">
                <span class="method-name">analyzeTranslatedHeaders</span>
                <span class="method-start">202060 ms</span>
              </div> <!-- test-method -->
              <div class="configuration-method after">
                <span class="method-name">tearDown</span>
                <span class="method-start">224745 ms</span>
              </div> <!-- configuration-method after -->
          </div> <!-- main-panel-content rounded-window-bottom -->
        </div> <!-- panel -->
      </div> <!-- main-panel-root -->
    </div> <!-- wrapper -->
  </body>
<script type="text/javascript" src="testng-reports2.js"></script>
</html>
